[0.012s] Invoking command in '/home/raze/workspace/KDAIL-Forklift/ros2_ws/build/Forklift_Firmware': CMAKE_PREFIX_PATH=${CMAKE_PREFIX_PATH}:/opt/ros/humble PS1=\[\033[36m\]\u\[\033[0m\]@\[\033[32m\]\h\[\033[0m\]:\[\033[33m\]\w\[\033[0m\]\$ /usr/bin/cmake --build /home/raze/workspace/KDAIL-Forklift/ros2_ws/build/Forklift_Firmware -- -j14 -l14
[0.027s] -- Found ament_cmake: 1.3.11 (/opt/ros/humble/share/ament_cmake/cmake)
[0.107s] -- Found rclpy: 3.3.16 (/opt/ros/humble/share/rclpy/cmake)
[0.110s] -- Found sensor_msgs: 4.8.0 (/opt/ros/humble/share/sensor_msgs/cmake)
[0.129s] -- Found rosidl_generator_c: 3.1.6 (/opt/ros/humble/share/rosidl_generator_c/cmake)
[0.132s] -- Found rosidl_adapter: 3.1.6 (/opt/ros/humble/share/rosidl_adapter/cmake)
[0.136s] -- Found rosidl_generator_cpp: 3.1.6 (/opt/ros/humble/share/rosidl_generator_cpp/cmake)
[0.143s] -- Using all available rosidl_typesupport_c: rosidl_typesupport_fastrtps_c;rosidl_typesupport_introspection_c
[0.151s] -- Using all available rosidl_typesupport_cpp: rosidl_typesupport_fastrtps_cpp;rosidl_typesupport_introspection_cpp
[0.183s] -- Found ament_lint_auto: 0.12.12 (/opt/ros/humble/share/ament_lint_auto/cmake)
[0.214s] WARNING: Package name "Forklift_Firmware" does not follow the naming conventions. It should start with a lower case letter and only contain lower case letters, digits, underscores, and dashes.
[0.241s] [31mCMake Error at /opt/ros/humble/share/ament_cmake_python/cmake/ament_python_install_package.cmake:66 (message):
[0.241s]   ament_python_install_package() the Python package folder
[0.241s]   '/home/raze/workspace/KDAIL-Forklift/ros2_ws/src/Forklift_Firmware/Forklift_Firmware'
[0.241s]   doesn't contain an '__init__.py' file
[0.241s] Call Stack (most recent call first):
[0.241s]   /opt/ros/humble/share/ament_cmake_python/cmake/ament_python_install_package.cmake:39 (_ament_cmake_python_install_package)
[0.241s]   CMakeLists.txt:28 (ament_python_install_package)
[0.241s] 
[0.241s] [0m
[0.241s] -- Configuring incomplete, errors occurred!
[0.241s] See also "/home/raze/workspace/KDAIL-Forklift/ros2_ws/build/Forklift_Firmware/CMakeFiles/CMakeOutput.log".
[0.244s] gmake: *** [Makefile:226: cmake_check_build_system] Error 1
[0.246s] Invoked command in '/home/raze/workspace/KDAIL-Forklift/ros2_ws/build/Forklift_Firmware' returned '2': CMAKE_PREFIX_PATH=${CMAKE_PREFIX_PATH}:/opt/ros/humble PS1=\[\033[36m\]\u\[\033[0m\]@\[\033[32m\]\h\[\033[0m\]:\[\033[33m\]\w\[\033[0m\]\$ /usr/bin/cmake --build /home/raze/workspace/KDAIL-Forklift/ros2_ws/build/Forklift_Firmware -- -j14 -l14
