[0.804s] DEBUG:colcon:Command line arguments: ['/usr/bin/colcon', 'build']
[0.804s] DEBUG:colcon:Parsed command line arguments: Namespace(log_base=None, log_level=None, verb_name='build', build_base='build', install_base='install', merge_install=False, symlink_install=False, test_result_base=None, continue_on_error=False, executor='parallel', parallel_workers=4, event_handlers=None, ignore_user_meta=False, metas=['./colcon.meta'], base_paths=['.'], packages_ignore=None, packages_ignore_regex=None, paths=None, packages_up_to=None, packages_up_to_regex=None, packages_above=None, packages_above_and_dependencies=None, packages_above_depth=None, packages_select_by_dep=None, packages_skip_by_dep=None, packages_skip_up_to=None, packages_select_build_failed=False, packages_skip_build_finished=False, packages_select_test_failures=False, packages_skip_test_passed=False, packages_select=None, packages_skip=None, packages_select_regex=None, packages_skip_regex=None, packages_start=None, packages_end=None, allow_overriding=[], cmake_args=None, cmake_target=None, cmake_target_skip_unavailable=False, cmake_clean_cache=False, cmake_clean_first=False, cmake_force_configure=False, ament_cmake_args=None, catkin_cmake_args=None, catkin_skip_building_tests=False, verb_parser=<colcon_defaults.argument_parser.defaults.DefaultArgumentsDecorator object at 0xffffb3ad35b0>, verb_extension=<colcon_core.verb.build.BuildVerb object at 0xffffb3c14940>, main=<bound method BuildVerb.main of <colcon_core.verb.build.BuildVerb object at 0xffffb3c14940>>)
[1.928s] Level 1:colcon.colcon_core.package_discovery:discover_packages(colcon_meta) check parameters
[1.928s] Level 1:colcon.colcon_core.package_discovery:discover_packages(recursive) check parameters
[1.928s] Level 1:colcon.colcon_core.package_discovery:discover_packages(ignore) check parameters
[1.929s] Level 1:colcon.colcon_core.package_discovery:discover_packages(path) check parameters
[1.929s] Level 1:colcon.colcon_core.package_discovery:discover_packages(colcon_meta) discover
[1.929s] Level 1:colcon.colcon_core.package_discovery:discover_packages(recursive) discover
[1.929s] INFO:colcon.colcon_core.package_discovery:Crawling recursively for packages in '/home/KDAIL-Rpi/KDAIL-Forklift/ros2_ws'
[1.930s] Level 1:colcon.colcon_core.package_identification:_identify(.) by extensions ['ignore', 'ignore_ament_install']
[1.930s] Level 1:colcon.colcon_core.package_identification:_identify(.) by extension 'ignore'
[1.930s] Level 1:colcon.colcon_core.package_identification:_identify(.) by extension 'ignore_ament_install'
[1.930s] Level 1:colcon.colcon_core.package_identification:_identify(.) by extensions ['colcon_pkg']
[1.931s] Level 1:colcon.colcon_core.package_identification:_identify(.) by extension 'colcon_pkg'
[1.931s] Level 1:colcon.colcon_core.package_identification:_identify(.) by extensions ['colcon_meta']
[1.931s] Level 1:colcon.colcon_core.package_identification:_identify(.) by extension 'colcon_meta'
[1.931s] Level 1:colcon.colcon_core.package_identification:_identify(.) by extensions ['ros']
[1.931s] Level 1:colcon.colcon_core.package_identification:_identify(.) by extension 'ros'
[2.006s] Level 1:colcon.colcon_core.package_identification:_identify(.) by extensions ['cmake', 'python']
[2.006s] Level 1:colcon.colcon_core.package_identification:_identify(.) by extension 'cmake'
[2.006s] Level 1:colcon.colcon_core.package_identification:_identify(.) by extension 'python'
[2.006s] Level 1:colcon.colcon_core.package_identification:_identify(.) by extensions ['python_setup_py']
[2.006s] Level 1:colcon.colcon_core.package_identification:_identify(.) by extension 'python_setup_py'
[2.007s] Level 1:colcon.colcon_core.package_identification:_identify(build) by extensions ['ignore', 'ignore_ament_install']
[2.007s] Level 1:colcon.colcon_core.package_identification:_identify(build) by extension 'ignore'
[2.007s] Level 1:colcon.colcon_core.package_identification:_identify(build) ignored
[2.008s] Level 1:colcon.colcon_core.package_identification:_identify(install) by extensions ['ignore', 'ignore_ament_install']
[2.008s] Level 1:colcon.colcon_core.package_identification:_identify(install) by extension 'ignore'
[2.008s] Level 1:colcon.colcon_core.package_identification:_identify(install) ignored
[2.009s] Level 1:colcon.colcon_core.package_identification:_identify(log) by extensions ['ignore', 'ignore_ament_install']
[2.009s] Level 1:colcon.colcon_core.package_identification:_identify(log) by extension 'ignore'
[2.009s] Level 1:colcon.colcon_core.package_identification:_identify(log) ignored
[2.010s] Level 1:colcon.colcon_core.package_identification:_identify(src) by extensions ['ignore', 'ignore_ament_install']
[2.011s] Level 1:colcon.colcon_core.package_identification:_identify(src) by extension 'ignore'
[2.011s] Level 1:colcon.colcon_core.package_identification:_identify(src) by extension 'ignore_ament_install'
[2.011s] Level 1:colcon.colcon_core.package_identification:_identify(src) by extensions ['colcon_pkg']
[2.011s] Level 1:colcon.colcon_core.package_identification:_identify(src) by extension 'colcon_pkg'
[2.012s] Level 1:colcon.colcon_core.package_identification:_identify(src) by extensions ['colcon_meta']
[2.012s] Level 1:colcon.colcon_core.package_identification:_identify(src) by extension 'colcon_meta'
[2.012s] Level 1:colcon.colcon_core.package_identification:_identify(src) by extensions ['ros']
[2.012s] Level 1:colcon.colcon_core.package_identification:_identify(src) by extension 'ros'
[2.012s] Level 1:colcon.colcon_core.package_identification:_identify(src) by extensions ['cmake', 'python']
[2.012s] Level 1:colcon.colcon_core.package_identification:_identify(src) by extension 'cmake'
[2.013s] Level 1:colcon.colcon_core.package_identification:_identify(src) by extension 'python'
[2.013s] Level 1:colcon.colcon_core.package_identification:_identify(src) by extensions ['python_setup_py']
[2.013s] Level 1:colcon.colcon_core.package_identification:_identify(src) by extension 'python_setup_py'
[2.019s] Level 1:colcon.colcon_core.package_identification:_identify(src/rplidar_ros2) by extensions ['ignore', 'ignore_ament_install']
[2.020s] Level 1:colcon.colcon_core.package_identification:_identify(src/rplidar_ros2) by extension 'ignore'
[2.020s] Level 1:colcon.colcon_core.package_identification:_identify(src/rplidar_ros2) by extension 'ignore_ament_install'
[2.020s] Level 1:colcon.colcon_core.package_identification:_identify(src/rplidar_ros2) by extensions ['colcon_pkg']
[2.020s] Level 1:colcon.colcon_core.package_identification:_identify(src/rplidar_ros2) by extension 'colcon_pkg'
[2.021s] Level 1:colcon.colcon_core.package_identification:_identify(src/rplidar_ros2) by extensions ['colcon_meta']
[2.021s] Level 1:colcon.colcon_core.package_identification:_identify(src/rplidar_ros2) by extension 'colcon_meta'
[2.021s] Level 1:colcon.colcon_core.package_identification:_identify(src/rplidar_ros2) by extensions ['ros']
[2.021s] Level 1:colcon.colcon_core.package_identification:_identify(src/rplidar_ros2) by extension 'ros'
[2.035s] DEBUG:colcon.colcon_core.package_identification:Package 'src/rplidar_ros2' with type 'ros.ament_cmake' and name 'rplidar_ros'
[2.035s] Level 1:colcon.colcon_core.package_discovery:discover_packages(recursive) using defaults
[2.036s] Level 1:colcon.colcon_core.package_discovery:discover_packages(ignore) discover
[2.036s] Level 1:colcon.colcon_core.package_discovery:discover_packages(ignore) using defaults
[2.036s] Level 1:colcon.colcon_core.package_discovery:discover_packages(path) discover
[2.036s] Level 1:colcon.colcon_core.package_discovery:discover_packages(path) using defaults
[2.144s] Level 1:colcon.colcon_core.package_discovery:discover_packages(prefix_path) check parameters
[2.144s] Level 1:colcon.colcon_core.package_discovery:discover_packages(prefix_path) discover
[2.158s] DEBUG:colcon.colcon_installed_package_information.package_discovery:Found 271 installed packages in /opt/ros/humble
[2.168s] Level 1:colcon.colcon_core.package_discovery:discover_packages(prefix_path) using defaults
[2.364s] Level 5:colcon.colcon_core.verb:set package 'rplidar_ros' build argument 'cmake_args' from command line to 'None'
[2.364s] Level 5:colcon.colcon_core.verb:set package 'rplidar_ros' build argument 'cmake_target' from command line to 'None'
[2.364s] Level 5:colcon.colcon_core.verb:set package 'rplidar_ros' build argument 'cmake_target_skip_unavailable' from command line to 'False'
[2.364s] Level 5:colcon.colcon_core.verb:set package 'rplidar_ros' build argument 'cmake_clean_cache' from command line to 'False'
[2.364s] Level 5:colcon.colcon_core.verb:set package 'rplidar_ros' build argument 'cmake_clean_first' from command line to 'False'
[2.364s] Level 5:colcon.colcon_core.verb:set package 'rplidar_ros' build argument 'cmake_force_configure' from command line to 'False'
[2.365s] Level 5:colcon.colcon_core.verb:set package 'rplidar_ros' build argument 'ament_cmake_args' from command line to 'None'
[2.365s] Level 5:colcon.colcon_core.verb:set package 'rplidar_ros' build argument 'catkin_cmake_args' from command line to 'None'
[2.365s] Level 5:colcon.colcon_core.verb:set package 'rplidar_ros' build argument 'catkin_skip_building_tests' from command line to 'False'
[2.365s] DEBUG:colcon.colcon_core.verb:Building package 'rplidar_ros' with the following arguments: {'ament_cmake_args': None, 'build_base': '/home/KDAIL-Rpi/KDAIL-Forklift/ros2_ws/build/rplidar_ros', 'catkin_cmake_args': None, 'catkin_skip_building_tests': False, 'cmake_args': None, 'cmake_clean_cache': False, 'cmake_clean_first': False, 'cmake_force_configure': False, 'cmake_target': None, 'cmake_target_skip_unavailable': False, 'install_base': '/home/KDAIL-Rpi/KDAIL-Forklift/ros2_ws/install/rplidar_ros', 'merge_install': False, 'path': '/home/KDAIL-Rpi/KDAIL-Forklift/ros2_ws/src/rplidar_ros2', 'symlink_install': False, 'test_result_base': None}
[2.365s] INFO:colcon.colcon_core.executor:Executing jobs using 'parallel' executor
[2.368s] DEBUG:colcon.colcon_parallel_executor.executor.parallel:run_until_complete
[2.369s] INFO:colcon.colcon_ros.task.ament_cmake.build:Building ROS package in '/home/KDAIL-Rpi/KDAIL-Forklift/ros2_ws/src/rplidar_ros2' with build type 'ament_cmake'
[2.370s] INFO:colcon.colcon_cmake.task.cmake.build:Building CMake package in '/home/KDAIL-Rpi/KDAIL-Forklift/ros2_ws/src/rplidar_ros2'
[2.379s] INFO:colcon.colcon_core.plugin_system:Skipping extension 'colcon_core.shell.bat': Not used on non-Windows systems
[2.380s] INFO:colcon.colcon_core.shell:Skip shell extension 'powershell' for command environment: Not usable outside of PowerShell
[2.380s] DEBUG:colcon.colcon_core.shell:Skip shell extension 'dsv' for command environment
[2.406s] DEBUG:colcon.colcon_core.event_handler.log_command:Invoking command in '/home/KDAIL-Rpi/KDAIL-Forklift/ros2_ws/build/rplidar_ros': CMAKE_PREFIX_PATH=/opt/ros/humble /usr/bin/cmake /home/KDAIL-Rpi/KDAIL-Forklift/ros2_ws/src/rplidar_ros2 -DCMAKE_INSTALL_PREFIX=/home/KDAIL-Rpi/KDAIL-Forklift/ros2_ws/install/rplidar_ros
[11.692s] DEBUG:colcon.colcon_core.event_handler.log_command:Invoked command in '/home/KDAIL-Rpi/KDAIL-Forklift/ros2_ws/build/rplidar_ros' returned '0': CMAKE_PREFIX_PATH=/opt/ros/humble /usr/bin/cmake /home/KDAIL-Rpi/KDAIL-Forklift/ros2_ws/src/rplidar_ros2 -DCMAKE_INSTALL_PREFIX=/home/KDAIL-Rpi/KDAIL-Forklift/ros2_ws/install/rplidar_ros
[11.702s] DEBUG:colcon.colcon_core.event_handler.log_command:Invoking command in '/home/KDAIL-Rpi/KDAIL-Forklift/ros2_ws/build/rplidar_ros': CMAKE_PREFIX_PATH=/opt/ros/humble /usr/bin/cmake --build /home/KDAIL-Rpi/KDAIL-Forklift/ros2_ws/build/rplidar_ros -- -j4 -l4
[49.615s] DEBUG:colcon.colcon_core.event_handler.log_command:Invoked command in '/home/KDAIL-Rpi/KDAIL-Forklift/ros2_ws/build/rplidar_ros' returned '0': CMAKE_PREFIX_PATH=/opt/ros/humble /usr/bin/cmake --build /home/KDAIL-Rpi/KDAIL-Forklift/ros2_ws/build/rplidar_ros -- -j4 -l4
[49.652s] DEBUG:colcon.colcon_core.event_handler.log_command:Invoking command in '/home/KDAIL-Rpi/KDAIL-Forklift/ros2_ws/build/rplidar_ros': CMAKE_PREFIX_PATH=/opt/ros/humble /usr/bin/cmake --install /home/KDAIL-Rpi/KDAIL-Forklift/ros2_ws/build/rplidar_ros
[49.776s] Level 1:colcon.colcon_core.environment:create_environment_scripts_only(rplidar_ros)
[49.778s] DEBUG:colcon.colcon_core.event_handler.log_command:Invoked command in '/home/KDAIL-Rpi/KDAIL-Forklift/ros2_ws/build/rplidar_ros' returned '0': CMAKE_PREFIX_PATH=/opt/ros/humble /usr/bin/cmake --install /home/KDAIL-Rpi/KDAIL-Forklift/ros2_ws/build/rplidar_ros
[49.787s] Level 1:colcon.colcon_core.environment:checking '/home/KDAIL-Rpi/KDAIL-Forklift/ros2_ws/install/rplidar_ros' for CMake module files
[49.791s] Level 1:colcon.colcon_core.environment:checking '/home/KDAIL-Rpi/KDAIL-Forklift/ros2_ws/install/rplidar_ros' for CMake config files
[49.793s] Level 1:colcon.colcon_core.shell:create_environment_hook('rplidar_ros', 'cmake_prefix_path')
[49.794s] INFO:colcon.colcon_core.shell:Creating environment hook '/home/KDAIL-Rpi/KDAIL-Forklift/ros2_ws/install/rplidar_ros/share/rplidar_ros/hook/cmake_prefix_path.ps1'
[49.797s] INFO:colcon.colcon_core.shell:Creating environment descriptor '/home/KDAIL-Rpi/KDAIL-Forklift/ros2_ws/install/rplidar_ros/share/rplidar_ros/hook/cmake_prefix_path.dsv'
[49.799s] INFO:colcon.colcon_core.shell:Creating environment hook '/home/KDAIL-Rpi/KDAIL-Forklift/ros2_ws/install/rplidar_ros/share/rplidar_ros/hook/cmake_prefix_path.sh'
[49.802s] Level 1:colcon.colcon_core.environment:checking '/home/KDAIL-Rpi/KDAIL-Forklift/ros2_ws/install/rplidar_ros/lib'
[49.803s] Level 1:colcon.colcon_core.shell:create_environment_hook('rplidar_ros', 'ld_library_path_lib')
[49.804s] INFO:colcon.colcon_core.shell:Creating environment hook '/home/KDAIL-Rpi/KDAIL-Forklift/ros2_ws/install/rplidar_ros/share/rplidar_ros/hook/ld_library_path_lib.ps1'
[49.805s] INFO:colcon.colcon_core.shell:Creating environment descriptor '/home/KDAIL-Rpi/KDAIL-Forklift/ros2_ws/install/rplidar_ros/share/rplidar_ros/hook/ld_library_path_lib.dsv'
[49.807s] INFO:colcon.colcon_core.shell:Creating environment hook '/home/KDAIL-Rpi/KDAIL-Forklift/ros2_ws/install/rplidar_ros/share/rplidar_ros/hook/ld_library_path_lib.sh'
[49.808s] Level 1:colcon.colcon_core.environment:checking '/home/KDAIL-Rpi/KDAIL-Forklift/ros2_ws/install/rplidar_ros/bin'
[49.809s] Level 1:colcon.colcon_core.environment:checking '/home/KDAIL-Rpi/KDAIL-Forklift/ros2_ws/install/rplidar_ros/lib/pkgconfig/rplidar_ros.pc'
[49.809s] Level 1:colcon.colcon_core.environment:checking '/home/KDAIL-Rpi/KDAIL-Forklift/ros2_ws/install/rplidar_ros/lib/python3.10/site-packages'
[49.810s] Level 1:colcon.colcon_core.environment:checking '/home/KDAIL-Rpi/KDAIL-Forklift/ros2_ws/install/rplidar_ros/bin'
[49.812s] INFO:colcon.colcon_core.shell:Creating package script '/home/KDAIL-Rpi/KDAIL-Forklift/ros2_ws/install/rplidar_ros/share/rplidar_ros/package.ps1'
[49.815s] INFO:colcon.colcon_core.shell:Creating package descriptor '/home/KDAIL-Rpi/KDAIL-Forklift/ros2_ws/install/rplidar_ros/share/rplidar_ros/package.dsv'
[49.817s] INFO:colcon.colcon_core.shell:Creating package script '/home/KDAIL-Rpi/KDAIL-Forklift/ros2_ws/install/rplidar_ros/share/rplidar_ros/package.sh'
[49.820s] INFO:colcon.colcon_core.shell:Creating package script '/home/KDAIL-Rpi/KDAIL-Forklift/ros2_ws/install/rplidar_ros/share/rplidar_ros/package.bash'
[49.823s] INFO:colcon.colcon_core.shell:Creating package script '/home/KDAIL-Rpi/KDAIL-Forklift/ros2_ws/install/rplidar_ros/share/rplidar_ros/package.zsh'
[49.827s] Level 1:colcon.colcon_core.environment:create_file_with_runtime_dependencies(/home/KDAIL-Rpi/KDAIL-Forklift/ros2_ws/install/rplidar_ros/share/colcon-core/packages/rplidar_ros)
[49.829s] Level 1:colcon.colcon_core.environment:create_environment_scripts_only(rplidar_ros)
[49.830s] Level 1:colcon.colcon_core.environment:checking '/home/KDAIL-Rpi/KDAIL-Forklift/ros2_ws/install/rplidar_ros' for CMake module files
[49.834s] Level 1:colcon.colcon_core.environment:checking '/home/KDAIL-Rpi/KDAIL-Forklift/ros2_ws/install/rplidar_ros' for CMake config files
[49.836s] Level 1:colcon.colcon_core.shell:create_environment_hook('rplidar_ros', 'cmake_prefix_path')
[49.837s] INFO:colcon.colcon_core.shell:Creating environment hook '/home/KDAIL-Rpi/KDAIL-Forklift/ros2_ws/install/rplidar_ros/share/rplidar_ros/hook/cmake_prefix_path.ps1'
[49.839s] INFO:colcon.colcon_core.shell:Creating environment descriptor '/home/KDAIL-Rpi/KDAIL-Forklift/ros2_ws/install/rplidar_ros/share/rplidar_ros/hook/cmake_prefix_path.dsv'
[49.840s] INFO:colcon.colcon_core.shell:Creating environment hook '/home/KDAIL-Rpi/KDAIL-Forklift/ros2_ws/install/rplidar_ros/share/rplidar_ros/hook/cmake_prefix_path.sh'
[49.843s] Level 1:colcon.colcon_core.environment:checking '/home/KDAIL-Rpi/KDAIL-Forklift/ros2_ws/install/rplidar_ros/lib'
[49.843s] Level 1:colcon.colcon_core.shell:create_environment_hook('rplidar_ros', 'ld_library_path_lib')
[49.844s] INFO:colcon.colcon_core.shell:Creating environment hook '/home/KDAIL-Rpi/KDAIL-Forklift/ros2_ws/install/rplidar_ros/share/rplidar_ros/hook/ld_library_path_lib.ps1'
[49.846s] INFO:colcon.colcon_core.shell:Creating environment descriptor '/home/KDAIL-Rpi/KDAIL-Forklift/ros2_ws/install/rplidar_ros/share/rplidar_ros/hook/ld_library_path_lib.dsv'
[49.848s] INFO:colcon.colcon_core.shell:Creating environment hook '/home/KDAIL-Rpi/KDAIL-Forklift/ros2_ws/install/rplidar_ros/share/rplidar_ros/hook/ld_library_path_lib.sh'
[49.850s] Level 1:colcon.colcon_core.environment:checking '/home/KDAIL-Rpi/KDAIL-Forklift/ros2_ws/install/rplidar_ros/bin'
[49.850s] Level 1:colcon.colcon_core.environment:checking '/home/KDAIL-Rpi/KDAIL-Forklift/ros2_ws/install/rplidar_ros/lib/pkgconfig/rplidar_ros.pc'
[49.851s] Level 1:colcon.colcon_core.environment:checking '/home/KDAIL-Rpi/KDAIL-Forklift/ros2_ws/install/rplidar_ros/lib/python3.10/site-packages'
[49.852s] Level 1:colcon.colcon_core.environment:checking '/home/KDAIL-Rpi/KDAIL-Forklift/ros2_ws/install/rplidar_ros/bin'
[49.853s] INFO:colcon.colcon_core.shell:Creating package script '/home/KDAIL-Rpi/KDAIL-Forklift/ros2_ws/install/rplidar_ros/share/rplidar_ros/package.ps1'
[49.855s] INFO:colcon.colcon_core.shell:Creating package descriptor '/home/KDAIL-Rpi/KDAIL-Forklift/ros2_ws/install/rplidar_ros/share/rplidar_ros/package.dsv'
[49.858s] INFO:colcon.colcon_core.shell:Creating package script '/home/KDAIL-Rpi/KDAIL-Forklift/ros2_ws/install/rplidar_ros/share/rplidar_ros/package.sh'
[49.860s] INFO:colcon.colcon_core.shell:Creating package script '/home/KDAIL-Rpi/KDAIL-Forklift/ros2_ws/install/rplidar_ros/share/rplidar_ros/package.bash'
[49.862s] INFO:colcon.colcon_core.shell:Creating package script '/home/KDAIL-Rpi/KDAIL-Forklift/ros2_ws/install/rplidar_ros/share/rplidar_ros/package.zsh'
[49.864s] Level 1:colcon.colcon_core.environment:create_file_with_runtime_dependencies(/home/KDAIL-Rpi/KDAIL-Forklift/ros2_ws/install/rplidar_ros/share/colcon-core/packages/rplidar_ros)
[49.865s] DEBUG:colcon.colcon_parallel_executor.executor.parallel:closing loop
[49.867s] DEBUG:colcon.colcon_parallel_executor.executor.parallel:loop closed
[49.867s] DEBUG:colcon.colcon_parallel_executor.executor.parallel:run_until_complete finished with '0'
[49.868s] DEBUG:colcon.colcon_core.event_reactor:joining thread
[49.889s] INFO:colcon.colcon_core.plugin_system:Skipping extension 'colcon_notification.desktop_notification.notify_send': Could not find 'notify-send'
[49.890s] INFO:colcon.colcon_core.plugin_system:Skipping extension 'colcon_notification.desktop_notification.terminal_notifier': Not used on non-Darwin systems
[49.890s] INFO:colcon.colcon_core.plugin_system:Skipping extension 'colcon_notification.desktop_notification.win32': Not used on non-Windows systems
[49.890s] INFO:colcon.colcon_notification.desktop_notification:Sending desktop notification using 'notify2'
[49.929s] DEBUG:colcon.colcon_notification.desktop_notification.notify2:Failed to initialize notify2: org.freedesktop.DBus.Error.ServiceUnknown: The name org.freedesktop.Notifications was not provided by any .service files
[49.930s] DEBUG:colcon.colcon_core.event_reactor:joined thread
[49.931s] INFO:colcon.colcon_core.shell:Creating prefix script '/home/KDAIL-Rpi/KDAIL-Forklift/ros2_ws/install/local_setup.ps1'
[49.935s] INFO:colcon.colcon_core.shell:Creating prefix util module '/home/KDAIL-Rpi/KDAIL-Forklift/ros2_ws/install/_local_setup_util_ps1.py'
[49.943s] INFO:colcon.colcon_core.shell:Creating prefix chain script '/home/KDAIL-Rpi/KDAIL-Forklift/ros2_ws/install/setup.ps1'
[49.946s] INFO:colcon.colcon_core.shell:Creating prefix script '/home/KDAIL-Rpi/KDAIL-Forklift/ros2_ws/install/local_setup.sh'
[49.949s] INFO:colcon.colcon_core.shell:Creating prefix util module '/home/KDAIL-Rpi/KDAIL-Forklift/ros2_ws/install/_local_setup_util_sh.py'
[49.951s] INFO:colcon.colcon_core.shell:Creating prefix chain script '/home/KDAIL-Rpi/KDAIL-Forklift/ros2_ws/install/setup.sh'
[49.955s] INFO:colcon.colcon_core.shell:Creating prefix script '/home/KDAIL-Rpi/KDAIL-Forklift/ros2_ws/install/local_setup.bash'
[49.957s] INFO:colcon.colcon_core.shell:Creating prefix chain script '/home/KDAIL-Rpi/KDAIL-Forklift/ros2_ws/install/setup.bash'
[49.960s] INFO:colcon.colcon_core.shell:Creating prefix script '/home/KDAIL-Rpi/KDAIL-Forklift/ros2_ws/install/local_setup.zsh'
[49.962s] INFO:colcon.colcon_core.shell:Creating prefix chain script '/home/KDAIL-Rpi/KDAIL-Forklift/ros2_ws/install/setup.zsh'
