[0.220s] [34mcolcon[0m [1;30mDEBUG[0m [32mCommand line arguments: ['/usr/bin/colcon', 'build'][0m
[0.220s] [34mcolcon[0m [1;30mDEBUG[0m [32mParsed command line arguments: Namespace(log_base=None, log_level=None, verb_name='build', build_base='build', install_base='install', merge_install=False, symlink_install=False, test_result_base=None, continue_on_error=False, executor='parallel', parallel_workers=4, event_handlers=None, ignore_user_meta=False, metas=['./colcon.meta'], base_paths=['.'], packages_ignore=None, packages_ignore_regex=None, paths=None, packages_up_to=None, packages_up_to_regex=None, packages_above=None, packages_above_and_dependencies=None, packages_above_depth=None, packages_select_by_dep=None, packages_skip_by_dep=None, packages_skip_up_to=None, packages_select_build_failed=False, packages_skip_build_finished=False, packages_select_test_failures=False, packages_skip_test_passed=False, packages_select=None, packages_skip=None, packages_select_regex=None, packages_skip_regex=None, packages_start=None, packages_end=None, allow_overriding=[], cmake_args=None, cmake_target=None, cmake_target_skip_unavailable=False, cmake_clean_cache=False, cmake_clean_first=False, cmake_force_configure=False, ament_cmake_args=None, catkin_cmake_args=None, catkin_skip_building_tests=False, mixin_files=None, mixin=None, verb_parser=<colcon_mixin.mixin.mixin_argument.MixinArgumentDecorator object at 0x77dfcdfe8040>, verb_extension=<colcon_core.verb.build.BuildVerb object at 0x77dfcdfbb940>, main=<bound method BuildVerb.main of <colcon_core.verb.build.BuildVerb object at 0x77dfcdfbb940>>, mixin_verb=('build',))[0m
[0.605s] [34mcolcon.colcon_core.package_discovery[0m [1;30mLevel 1[0m discover_packages(colcon_meta) check parameters
[0.605s] [34mcolcon.colcon_core.package_discovery[0m [1;30mLevel 1[0m discover_packages(recursive) check parameters
[0.605s] [34mcolcon.colcon_core.package_discovery[0m [1;30mLevel 1[0m discover_packages(ignore) check parameters
[0.605s] [34mcolcon.colcon_core.package_discovery[0m [1;30mLevel 1[0m discover_packages(path) check parameters
[0.605s] [34mcolcon.colcon_core.package_discovery[0m [1;30mLevel 1[0m discover_packages(colcon_meta) discover
[0.605s] [34mcolcon.colcon_core.package_discovery[0m [1;30mLevel 1[0m discover_packages(recursive) discover
[0.605s] [34mcolcon.colcon_core.package_discovery[0m [1;30mINFO[0m Crawling recursively for packages in '/home/raze/KDAIL-Forklift/SLAM/ros2_ws'
[0.606s] [34mcolcon.colcon_core.package_identification[0m [1;30mLevel 1[0m _identify(.) by extensions ['ignore', 'ignore_ament_install']
[0.606s] [34mcolcon.colcon_core.package_identification[0m [1;30mLevel 1[0m _identify(.) by extension 'ignore'
[0.606s] [34mcolcon.colcon_core.package_identification[0m [1;30mLevel 1[0m _identify(.) by extension 'ignore_ament_install'
[0.606s] [34mcolcon.colcon_core.package_identification[0m [1;30mLevel 1[0m _identify(.) by extensions ['colcon_pkg']
[0.606s] [34mcolcon.colcon_core.package_identification[0m [1;30mLevel 1[0m _identify(.) by extension 'colcon_pkg'
[0.606s] [34mcolcon.colcon_core.package_identification[0m [1;30mLevel 1[0m _identify(.) by extensions ['colcon_meta']
[0.606s] [34mcolcon.colcon_core.package_identification[0m [1;30mLevel 1[0m _identify(.) by extension 'colcon_meta'
[0.606s] [34mcolcon.colcon_core.package_identification[0m [1;30mLevel 1[0m _identify(.) by extensions ['ros']
[0.606s] [34mcolcon.colcon_core.package_identification[0m [1;30mLevel 1[0m _identify(.) by extension 'ros'
[0.652s] [34mcolcon.colcon_core.package_identification[0m [1;30mLevel 1[0m _identify(.) by extensions ['cmake', 'python']
[0.652s] [34mcolcon.colcon_core.package_identification[0m [1;30mLevel 1[0m _identify(.) by extension 'cmake'
[0.652s] [34mcolcon.colcon_core.package_identification[0m [1;30mLevel 1[0m _identify(.) by extension 'python'
[0.652s] [34mcolcon.colcon_core.package_identification[0m [1;30mLevel 1[0m _identify(.) by extensions ['python_setup_py']
[0.652s] [34mcolcon.colcon_core.package_identification[0m [1;30mLevel 1[0m _identify(.) by extension 'python_setup_py'
[0.653s] [34mcolcon.colcon_core.package_identification[0m [1;30mLevel 1[0m _identify(build) by extensions ['ignore', 'ignore_ament_install']
[0.653s] [34mcolcon.colcon_core.package_identification[0m [1;30mLevel 1[0m _identify(build) by extension 'ignore'
[0.653s] [34mcolcon.colcon_core.package_identification[0m [1;30mLevel 1[0m _identify(build) ignored
[0.653s] [34mcolcon.colcon_core.package_identification[0m [1;30mLevel 1[0m _identify(install) by extensions ['ignore', 'ignore_ament_install']
[0.653s] [34mcolcon.colcon_core.package_identification[0m [1;30mLevel 1[0m _identify(install) by extension 'ignore'
[0.654s] [34mcolcon.colcon_core.package_identification[0m [1;30mLevel 1[0m _identify(install) ignored
[0.654s] [34mcolcon.colcon_core.package_identification[0m [1;30mLevel 1[0m _identify(log) by extensions ['ignore', 'ignore_ament_install']
[0.654s] [34mcolcon.colcon_core.package_identification[0m [1;30mLevel 1[0m _identify(log) by extension 'ignore'
[0.654s] [34mcolcon.colcon_core.package_identification[0m [1;30mLevel 1[0m _identify(log) ignored
[0.654s] [34mcolcon.colcon_core.package_identification[0m [1;30mLevel 1[0m _identify(src) by extensions ['ignore', 'ignore_ament_install']
[0.654s] [34mcolcon.colcon_core.package_identification[0m [1;30mLevel 1[0m _identify(src) by extension 'ignore'
[0.654s] [34mcolcon.colcon_core.package_identification[0m [1;30mLevel 1[0m _identify(src) by extension 'ignore_ament_install'
[0.654s] [34mcolcon.colcon_core.package_identification[0m [1;30mLevel 1[0m _identify(src) by extensions ['colcon_pkg']
[0.655s] [34mcolcon.colcon_core.package_identification[0m [1;30mLevel 1[0m _identify(src) by extension 'colcon_pkg'
[0.655s] [34mcolcon.colcon_core.package_identification[0m [1;30mLevel 1[0m _identify(src) by extensions ['colcon_meta']
[0.655s] [34mcolcon.colcon_core.package_identification[0m [1;30mLevel 1[0m _identify(src) by extension 'colcon_meta'
[0.655s] [34mcolcon.colcon_core.package_identification[0m [1;30mLevel 1[0m _identify(src) by extensions ['ros']
[0.655s] [34mcolcon.colcon_core.package_identification[0m [1;30mLevel 1[0m _identify(src) by extension 'ros'
[0.655s] [34mcolcon.colcon_core.package_identification[0m [1;30mLevel 1[0m _identify(src) by extensions ['cmake', 'python']
[0.655s] [34mcolcon.colcon_core.package_identification[0m [1;30mLevel 1[0m _identify(src) by extension 'cmake'
[0.655s] [34mcolcon.colcon_core.package_identification[0m [1;30mLevel 1[0m _identify(src) by extension 'python'
[0.655s] [34mcolcon.colcon_core.package_identification[0m [1;30mLevel 1[0m _identify(src) by extensions ['python_setup_py']
[0.655s] [34mcolcon.colcon_core.package_identification[0m [1;30mLevel 1[0m _identify(src) by extension 'python_setup_py'
[0.656s] [34mcolcon.colcon_core.package_identification[0m [1;30mLevel 1[0m _identify(src/rplidar_ros2) by extensions ['ignore', 'ignore_ament_install']
[0.656s] [34mcolcon.colcon_core.package_identification[0m [1;30mLevel 1[0m _identify(src/rplidar_ros2) by extension 'ignore'
[0.656s] [34mcolcon.colcon_core.package_identification[0m [1;30mLevel 1[0m _identify(src/rplidar_ros2) by extension 'ignore_ament_install'
[0.656s] [34mcolcon.colcon_core.package_identification[0m [1;30mLevel 1[0m _identify(src/rplidar_ros2) by extensions ['colcon_pkg']
[0.656s] [34mcolcon.colcon_core.package_identification[0m [1;30mLevel 1[0m _identify(src/rplidar_ros2) by extension 'colcon_pkg'
[0.656s] [34mcolcon.colcon_core.package_identification[0m [1;30mLevel 1[0m _identify(src/rplidar_ros2) by extensions ['colcon_meta']
[0.656s] [34mcolcon.colcon_core.package_identification[0m [1;30mLevel 1[0m _identify(src/rplidar_ros2) by extension 'colcon_meta'
[0.656s] [34mcolcon.colcon_core.package_identification[0m [1;30mLevel 1[0m _identify(src/rplidar_ros2) by extensions ['ros']
[0.656s] [34mcolcon.colcon_core.package_identification[0m [1;30mLevel 1[0m _identify(src/rplidar_ros2) by extension 'ros'
[0.661s] [34mcolcon.colcon_core.package_identification[0m [1;30mDEBUG[0m [32mPackage 'src/rplidar_ros2' with type 'ros.ament_cmake' and name 'rplidar_ros'[0m
[0.661s] [34mcolcon.colcon_core.package_discovery[0m [1;30mLevel 1[0m discover_packages(recursive) using defaults
[0.662s] [34mcolcon.colcon_core.package_discovery[0m [1;30mLevel 1[0m discover_packages(ignore) discover
[0.662s] [34mcolcon.colcon_core.package_discovery[0m [1;30mLevel 1[0m discover_packages(ignore) using defaults
[0.662s] [34mcolcon.colcon_core.package_discovery[0m [1;30mLevel 1[0m discover_packages(path) discover
[0.662s] [34mcolcon.colcon_core.package_discovery[0m [1;30mLevel 1[0m discover_packages(path) using defaults
[0.692s] [34mcolcon.colcon_core.package_discovery[0m [1;30mLevel 1[0m discover_packages(prefix_path) check parameters
[0.692s] [34mcolcon.colcon_core.package_discovery[0m [1;30mLevel 1[0m discover_packages(prefix_path) discover
[0.695s] [34mcolcon.colcon_installed_package_information.package_discovery[0m [1;30mDEBUG[0m [32mFound 1 installed packages in /home/raze/KDAIL-Forklift/SLAM/ros2_ws/install[0m
[0.698s] [34mcolcon.colcon_installed_package_information.package_discovery[0m [1;30mDEBUG[0m [32mFound 382 installed packages in /opt/ros/humble[0m
[0.702s] [34mcolcon.colcon_core.package_discovery[0m [1;30mLevel 1[0m discover_packages(prefix_path) using defaults
[0.787s] [34mcolcon.colcon_core.verb[0m [1;30mLevel 5[0m set package 'rplidar_ros' build argument 'cmake_args' from command line to 'None'
[0.787s] [34mcolcon.colcon_core.verb[0m [1;30mLevel 5[0m set package 'rplidar_ros' build argument 'cmake_target' from command line to 'None'
[0.787s] [34mcolcon.colcon_core.verb[0m [1;30mLevel 5[0m set package 'rplidar_ros' build argument 'cmake_target_skip_unavailable' from command line to 'False'
[0.787s] [34mcolcon.colcon_core.verb[0m [1;30mLevel 5[0m set package 'rplidar_ros' build argument 'cmake_clean_cache' from command line to 'False'
[0.787s] [34mcolcon.colcon_core.verb[0m [1;30mLevel 5[0m set package 'rplidar_ros' build argument 'cmake_clean_first' from command line to 'False'
[0.787s] [34mcolcon.colcon_core.verb[0m [1;30mLevel 5[0m set package 'rplidar_ros' build argument 'cmake_force_configure' from command line to 'False'
[0.788s] [34mcolcon.colcon_core.verb[0m [1;30mLevel 5[0m set package 'rplidar_ros' build argument 'ament_cmake_args' from command line to 'None'
[0.788s] [34mcolcon.colcon_core.verb[0m [1;30mLevel 5[0m set package 'rplidar_ros' build argument 'catkin_cmake_args' from command line to 'None'
[0.788s] [34mcolcon.colcon_core.verb[0m [1;30mLevel 5[0m set package 'rplidar_ros' build argument 'catkin_skip_building_tests' from command line to 'False'
[0.788s] [34mcolcon.colcon_core.verb[0m [1;30mDEBUG[0m [32mBuilding package 'rplidar_ros' with the following arguments: {'ament_cmake_args': None, 'build_base': '/home/raze/KDAIL-Forklift/SLAM/ros2_ws/build/rplidar_ros', 'catkin_cmake_args': None, 'catkin_skip_building_tests': False, 'cmake_args': None, 'cmake_clean_cache': False, 'cmake_clean_first': False, 'cmake_force_configure': False, 'cmake_target': None, 'cmake_target_skip_unavailable': False, 'install_base': '/home/raze/KDAIL-Forklift/SLAM/ros2_ws/install/rplidar_ros', 'merge_install': False, 'path': '/home/raze/KDAIL-Forklift/SLAM/ros2_ws/src/rplidar_ros2', 'symlink_install': False, 'test_result_base': None}[0m
[0.788s] [34mcolcon.colcon_core.executor[0m [1;30mINFO[0m Executing jobs using 'parallel' executor
[0.790s] [34mcolcon.colcon_parallel_executor.executor.parallel[0m [1;30mDEBUG[0m [32mrun_until_complete[0m
[0.791s] [34mcolcon.colcon_ros.task.ament_cmake.build[0m [1;30mINFO[0m Building ROS package in '/home/raze/KDAIL-Forklift/SLAM/ros2_ws/src/rplidar_ros2' with build type 'ament_cmake'
[0.791s] [34mcolcon.colcon_cmake.task.cmake.build[0m [1;30mINFO[0m Building CMake package in '/home/raze/KDAIL-Forklift/SLAM/ros2_ws/src/rplidar_ros2'
[0.795s] [34mcolcon.colcon_core.plugin_system[0m [1;30mINFO[0m Skipping extension 'colcon_core.shell.bat': Not used on non-Windows systems
[0.795s] [34mcolcon.colcon_core.shell[0m [1;30mINFO[0m Skip shell extension 'powershell' for command environment: Not usable outside of PowerShell
[0.796s] [34mcolcon.colcon_core.shell[0m [1;30mDEBUG[0m [32mSkip shell extension 'dsv' for command environment[0m
[0.829s] [34mcolcon.colcon_core.event_handler.log_command[0m [1;30mDEBUG[0m [32mInvoking command in '/home/raze/KDAIL-Forklift/SLAM/ros2_ws/build/rplidar_ros': CMAKE_PREFIX_PATH=${CMAKE_PREFIX_PATH}:/opt/ros/humble /usr/bin/cmake --build /home/raze/KDAIL-Forklift/SLAM/ros2_ws/build/rplidar_ros -- -j4 -l4[0m
[0.952s] [34mcolcon.colcon_core.event_handler.log_command[0m [1;30mDEBUG[0m [32mInvoked command in '/home/raze/KDAIL-Forklift/SLAM/ros2_ws/build/rplidar_ros' returned '0': CMAKE_PREFIX_PATH=${CMAKE_PREFIX_PATH}:/opt/ros/humble /usr/bin/cmake --build /home/raze/KDAIL-Forklift/SLAM/ros2_ws/build/rplidar_ros -- -j4 -l4[0m
[0.964s] [34mcolcon.colcon_core.event_handler.log_command[0m [1;30mDEBUG[0m [32mInvoking command in '/home/raze/KDAIL-Forklift/SLAM/ros2_ws/build/rplidar_ros': CMAKE_PREFIX_PATH=${CMAKE_PREFIX_PATH}:/opt/ros/humble /usr/bin/cmake --install /home/raze/KDAIL-Forklift/SLAM/ros2_ws/build/rplidar_ros[0m
[0.981s] [34mcolcon.colcon_core.environment[0m [1;30mLevel 1[0m create_environment_scripts_only(rplidar_ros)
[0.982s] [34mcolcon.colcon_core.event_handler.log_command[0m [1;30mDEBUG[0m [32mInvoked command in '/home/raze/KDAIL-Forklift/SLAM/ros2_ws/build/rplidar_ros' returned '0': CMAKE_PREFIX_PATH=${CMAKE_PREFIX_PATH}:/opt/ros/humble /usr/bin/cmake --install /home/raze/KDAIL-Forklift/SLAM/ros2_ws/build/rplidar_ros[0m
[0.986s] [34mcolcon.colcon_core.environment[0m [1;30mLevel 1[0m checking '/home/raze/KDAIL-Forklift/SLAM/ros2_ws/install/rplidar_ros' for CMake module files
[0.987s] [34mcolcon.colcon_core.environment[0m [1;30mLevel 1[0m checking '/home/raze/KDAIL-Forklift/SLAM/ros2_ws/install/rplidar_ros' for CMake config files
[0.988s] [34mcolcon.colcon_core.shell[0m [1;30mLevel 1[0m create_environment_hook('rplidar_ros', 'cmake_prefix_path')
[0.989s] [34mcolcon.colcon_core.shell[0m [1;30mINFO[0m Creating environment hook '/home/raze/KDAIL-Forklift/SLAM/ros2_ws/install/rplidar_ros/share/rplidar_ros/hook/cmake_prefix_path.ps1'
[0.991s] [34mcolcon.colcon_core.shell[0m [1;30mINFO[0m Creating environment descriptor '/home/raze/KDAIL-Forklift/SLAM/ros2_ws/install/rplidar_ros/share/rplidar_ros/hook/cmake_prefix_path.dsv'
[0.992s] [34mcolcon.colcon_core.shell[0m [1;30mINFO[0m Creating environment hook '/home/raze/KDAIL-Forklift/SLAM/ros2_ws/install/rplidar_ros/share/rplidar_ros/hook/cmake_prefix_path.sh'
[0.993s] [34mcolcon.colcon_core.environment[0m [1;30mLevel 1[0m checking '/home/raze/KDAIL-Forklift/SLAM/ros2_ws/install/rplidar_ros/lib'
[0.994s] [34mcolcon.colcon_core.shell[0m [1;30mLevel 1[0m create_environment_hook('rplidar_ros', 'ld_library_path_lib')
[0.994s] [34mcolcon.colcon_core.shell[0m [1;30mINFO[0m Creating environment hook '/home/raze/KDAIL-Forklift/SLAM/ros2_ws/install/rplidar_ros/share/rplidar_ros/hook/ld_library_path_lib.ps1'
[0.995s] [34mcolcon.colcon_core.shell[0m [1;30mINFO[0m Creating environment descriptor '/home/raze/KDAIL-Forklift/SLAM/ros2_ws/install/rplidar_ros/share/rplidar_ros/hook/ld_library_path_lib.dsv'
[0.996s] [34mcolcon.colcon_core.shell[0m [1;30mINFO[0m Creating environment hook '/home/raze/KDAIL-Forklift/SLAM/ros2_ws/install/rplidar_ros/share/rplidar_ros/hook/ld_library_path_lib.sh'
[0.997s] [34mcolcon.colcon_core.environment[0m [1;30mLevel 1[0m checking '/home/raze/KDAIL-Forklift/SLAM/ros2_ws/install/rplidar_ros/bin'
[0.997s] [34mcolcon.colcon_core.environment[0m [1;30mLevel 1[0m checking '/home/raze/KDAIL-Forklift/SLAM/ros2_ws/install/rplidar_ros/lib/pkgconfig/rplidar_ros.pc'
[0.997s] [34mcolcon.colcon_core.environment[0m [1;30mLevel 1[0m checking '/home/raze/KDAIL-Forklift/SLAM/ros2_ws/install/rplidar_ros/lib/python3.10/site-packages'
[0.998s] [34mcolcon.colcon_core.environment[0m [1;30mLevel 1[0m checking '/home/raze/KDAIL-Forklift/SLAM/ros2_ws/install/rplidar_ros/bin'
[0.999s] [34mcolcon.colcon_core.shell[0m [1;30mINFO[0m Creating package script '/home/raze/KDAIL-Forklift/SLAM/ros2_ws/install/rplidar_ros/share/rplidar_ros/package.ps1'
[1.002s] [34mcolcon.colcon_core.shell[0m [1;30mINFO[0m Creating package descriptor '/home/raze/KDAIL-Forklift/SLAM/ros2_ws/install/rplidar_ros/share/rplidar_ros/package.dsv'
[1.004s] [34mcolcon.colcon_core.shell[0m [1;30mINFO[0m Creating package script '/home/raze/KDAIL-Forklift/SLAM/ros2_ws/install/rplidar_ros/share/rplidar_ros/package.sh'
[1.006s] [34mcolcon.colcon_core.shell[0m [1;30mINFO[0m Creating package script '/home/raze/KDAIL-Forklift/SLAM/ros2_ws/install/rplidar_ros/share/rplidar_ros/package.bash'
[1.010s] [34mcolcon.colcon_core.shell[0m [1;30mINFO[0m Creating package script '/home/raze/KDAIL-Forklift/SLAM/ros2_ws/install/rplidar_ros/share/rplidar_ros/package.zsh'
[1.013s] [34mcolcon.colcon_core.environment[0m [1;30mLevel 1[0m create_file_with_runtime_dependencies(/home/raze/KDAIL-Forklift/SLAM/ros2_ws/install/rplidar_ros/share/colcon-core/packages/rplidar_ros)
[1.015s] [34mcolcon.colcon_core.environment[0m [1;30mLevel 1[0m create_environment_scripts_only(rplidar_ros)
[1.016s] [34mcolcon.colcon_core.environment[0m [1;30mLevel 1[0m checking '/home/raze/KDAIL-Forklift/SLAM/ros2_ws/install/rplidar_ros' for CMake module files
[1.018s] [34mcolcon.colcon_core.environment[0m [1;30mLevel 1[0m checking '/home/raze/KDAIL-Forklift/SLAM/ros2_ws/install/rplidar_ros' for CMake config files
[1.020s] [34mcolcon.colcon_core.shell[0m [1;30mLevel 1[0m create_environment_hook('rplidar_ros', 'cmake_prefix_path')
[1.022s] [34mcolcon.colcon_core.shell[0m [1;30mINFO[0m Creating environment hook '/home/raze/KDAIL-Forklift/SLAM/ros2_ws/install/rplidar_ros/share/rplidar_ros/hook/cmake_prefix_path.ps1'
[1.024s] [34mcolcon.colcon_core.shell[0m [1;30mINFO[0m Creating environment descriptor '/home/raze/KDAIL-Forklift/SLAM/ros2_ws/install/rplidar_ros/share/rplidar_ros/hook/cmake_prefix_path.dsv'
[1.026s] [34mcolcon.colcon_core.shell[0m [1;30mINFO[0m Creating environment hook '/home/raze/KDAIL-Forklift/SLAM/ros2_ws/install/rplidar_ros/share/rplidar_ros/hook/cmake_prefix_path.sh'
[1.028s] [34mcolcon.colcon_core.environment[0m [1;30mLevel 1[0m checking '/home/raze/KDAIL-Forklift/SLAM/ros2_ws/install/rplidar_ros/lib'
[1.028s] [34mcolcon.colcon_core.shell[0m [1;30mLevel 1[0m create_environment_hook('rplidar_ros', 'ld_library_path_lib')
[1.029s] [34mcolcon.colcon_core.shell[0m [1;30mINFO[0m Creating environment hook '/home/raze/KDAIL-Forklift/SLAM/ros2_ws/install/rplidar_ros/share/rplidar_ros/hook/ld_library_path_lib.ps1'
[1.030s] [34mcolcon.colcon_core.shell[0m [1;30mINFO[0m Creating environment descriptor '/home/raze/KDAIL-Forklift/SLAM/ros2_ws/install/rplidar_ros/share/rplidar_ros/hook/ld_library_path_lib.dsv'
[1.031s] [34mcolcon.colcon_core.shell[0m [1;30mINFO[0m Creating environment hook '/home/raze/KDAIL-Forklift/SLAM/ros2_ws/install/rplidar_ros/share/rplidar_ros/hook/ld_library_path_lib.sh'
[1.031s] [34mcolcon.colcon_core.environment[0m [1;30mLevel 1[0m checking '/home/raze/KDAIL-Forklift/SLAM/ros2_ws/install/rplidar_ros/bin'
[1.032s] [34mcolcon.colcon_core.environment[0m [1;30mLevel 1[0m checking '/home/raze/KDAIL-Forklift/SLAM/ros2_ws/install/rplidar_ros/lib/pkgconfig/rplidar_ros.pc'
[1.032s] [34mcolcon.colcon_core.environment[0m [1;30mLevel 1[0m checking '/home/raze/KDAIL-Forklift/SLAM/ros2_ws/install/rplidar_ros/lib/python3.10/site-packages'
[1.033s] [34mcolcon.colcon_core.environment[0m [1;30mLevel 1[0m checking '/home/raze/KDAIL-Forklift/SLAM/ros2_ws/install/rplidar_ros/bin'
[1.034s] [34mcolcon.colcon_core.shell[0m [1;30mINFO[0m Creating package script '/home/raze/KDAIL-Forklift/SLAM/ros2_ws/install/rplidar_ros/share/rplidar_ros/package.ps1'
[1.035s] [34mcolcon.colcon_core.shell[0m [1;30mINFO[0m Creating package descriptor '/home/raze/KDAIL-Forklift/SLAM/ros2_ws/install/rplidar_ros/share/rplidar_ros/package.dsv'
[1.037s] [34mcolcon.colcon_core.shell[0m [1;30mINFO[0m Creating package script '/home/raze/KDAIL-Forklift/SLAM/ros2_ws/install/rplidar_ros/share/rplidar_ros/package.sh'
[1.038s] [34mcolcon.colcon_core.shell[0m [1;30mINFO[0m Creating package script '/home/raze/KDAIL-Forklift/SLAM/ros2_ws/install/rplidar_ros/share/rplidar_ros/package.bash'
[1.040s] [34mcolcon.colcon_core.shell[0m [1;30mINFO[0m Creating package script '/home/raze/KDAIL-Forklift/SLAM/ros2_ws/install/rplidar_ros/share/rplidar_ros/package.zsh'
[1.041s] [34mcolcon.colcon_core.environment[0m [1;30mLevel 1[0m create_file_with_runtime_dependencies(/home/raze/KDAIL-Forklift/SLAM/ros2_ws/install/rplidar_ros/share/colcon-core/packages/rplidar_ros)
[1.042s] [34mcolcon.colcon_parallel_executor.executor.parallel[0m [1;30mDEBUG[0m [32mclosing loop[0m
[1.043s] [34mcolcon.colcon_parallel_executor.executor.parallel[0m [1;30mDEBUG[0m [32mloop closed[0m
[1.043s] [34mcolcon.colcon_parallel_executor.executor.parallel[0m [1;30mDEBUG[0m [32mrun_until_complete finished with '0'[0m
[1.043s] [34mcolcon.colcon_core.event_reactor[0m [1;30mDEBUG[0m [32mjoining thread[0m
[1.056s] [34mcolcon.colcon_core.plugin_system[0m [1;30mINFO[0m Skipping extension 'colcon_notification.desktop_notification.terminal_notifier': Not used on non-Darwin systems
[1.057s] [34mcolcon.colcon_core.plugin_system[0m [1;30mINFO[0m Skipping extension 'colcon_notification.desktop_notification.win32': Not used on non-Windows systems
[1.057s] [34mcolcon.colcon_notification.desktop_notification[0m [1;30mINFO[0m Sending desktop notification using 'notify2'
[1.089s] [34mcolcon.colcon_core.event_reactor[0m [1;30mDEBUG[0m [32mjoined thread[0m
[1.090s] [34mcolcon.colcon_core.shell[0m [1;30mINFO[0m Creating prefix script '/home/raze/KDAIL-Forklift/SLAM/ros2_ws/install/local_setup.ps1'
[1.093s] [34mcolcon.colcon_core.shell[0m [1;30mINFO[0m Creating prefix util module '/home/raze/KDAIL-Forklift/SLAM/ros2_ws/install/_local_setup_util_ps1.py'
[1.096s] [34mcolcon.colcon_core.shell[0m [1;30mINFO[0m Creating prefix chain script '/home/raze/KDAIL-Forklift/SLAM/ros2_ws/install/setup.ps1'
[1.099s] [34mcolcon.colcon_core.shell[0m [1;30mINFO[0m Creating prefix script '/home/raze/KDAIL-Forklift/SLAM/ros2_ws/install/local_setup.sh'
[1.101s] [34mcolcon.colcon_core.shell[0m [1;30mINFO[0m Creating prefix util module '/home/raze/KDAIL-Forklift/SLAM/ros2_ws/install/_local_setup_util_sh.py'
[1.103s] [34mcolcon.colcon_core.shell[0m [1;30mINFO[0m Creating prefix chain script '/home/raze/KDAIL-Forklift/SLAM/ros2_ws/install/setup.sh'
[1.106s] [34mcolcon.colcon_core.shell[0m [1;30mINFO[0m Creating prefix script '/home/raze/KDAIL-Forklift/SLAM/ros2_ws/install/local_setup.bash'
[1.107s] [34mcolcon.colcon_core.shell[0m [1;30mINFO[0m Creating prefix chain script '/home/raze/KDAIL-Forklift/SLAM/ros2_ws/install/setup.bash'
[1.109s] [34mcolcon.colcon_core.shell[0m [1;30mINFO[0m Creating prefix script '/home/raze/KDAIL-Forklift/SLAM/ros2_ws/install/local_setup.zsh'
[1.111s] [34mcolcon.colcon_core.shell[0m [1;30mINFO[0m Creating prefix chain script '/home/raze/KDAIL-Forklift/SLAM/ros2_ws/install/setup.zsh'
