[0.044s] Invoking command in '/home/KDAIL-Rpi/KDAIL-Forklift/ros2_ws/build/rplidar_ros': CMAKE_PREFIX_PATH=${CMAKE_PREFIX_PATH}:/opt/ros/humble /usr/bin/cmake --build /home/KDAIL-Rpi/KDAIL-Forklift/ros2_ws/build/rplidar_ros -- -j4 -l4
[0.161s] -- Found ament_cmake_auto: 1.3.11 (/opt/ros/humble/share/ament_cmake_auto/cmake)
[0.705s] -- Found ament_cmake_ros: 0.10.0 (/opt/ros/humble/share/ament_cmake_ros/cmake)
[1.124s] -- Found rosidl_generator_c: 3.1.6 (/opt/ros/humble/share/rosidl_generator_c/cmake)
[1.135s] -- Found rosidl_adapter: 3.1.6 (/opt/ros/humble/share/rosidl_adapter/cmake)
[1.157s] -- Found rosidl_generator_cpp: 3.1.6 (/opt/ros/humble/share/rosidl_generator_cpp/cmake)
[1.193s] -- Using all available rosidl_typesupport_c: rosidl_typesupport_fastrtps_c;rosidl_typesupport_introspection_c
[1.241s] -- Using all available rosidl_typesupport_cpp: rosidl_typesupport_fastrtps_cpp;rosidl_typesupport_introspection_cpp
[1.364s] -- Found rmw_implementation_cmake: 6.1.2 (/opt/ros/humble/share/rmw_implementation_cmake/cmake)
[1.369s] -- Found rmw_fastrtps_cpp: 6.2.7 (/opt/ros/humble/share/rmw_fastrtps_cpp/cmake)
[2.152s] -- Using RMW implementation 'rmw_fastrtps_cpp' as default
[2.877s] -- Configuring done
[2.972s] -- Generating done
[3.000s] -- Build files have been written to: /home/KDAIL-Rpi/KDAIL-Forklift/ros2_ws/build/rplidar_ros
[3.111s] [35m[1mConsolidate compiler generated dependencies of target rplidar_composition_node[0m
[3.224s] [ 77%] Built target rplidar_composition_node
[3.271s] [35m[1mConsolidate compiler generated dependencies of target rplidar_composition[0m
[3.358s] [100%] Built target rplidar_composition
[3.396s] Invoked command in '/home/KDAIL-Rpi/KDAIL-Forklift/ros2_ws/build/rplidar_ros' returned '0': CMAKE_PREFIX_PATH=${CMAKE_PREFIX_PATH}:/opt/ros/humble /usr/bin/cmake --build /home/KDAIL-Rpi/KDAIL-Forklift/ros2_ws/build/rplidar_ros -- -j4 -l4
[3.436s] Invoking command in '/home/KDAIL-Rpi/KDAIL-Forklift/ros2_ws/build/rplidar_ros': CMAKE_PREFIX_PATH=${CMAKE_PREFIX_PATH}:/opt/ros/humble /usr/bin/cmake --install /home/KDAIL-Rpi/KDAIL-Forklift/ros2_ws/build/rplidar_ros
[3.463s] -- Install configuration: ""
[3.464s] -- Up-to-date: /home/KDAIL-Rpi/KDAIL-Forklift/ros2_ws/install/rplidar_ros/lib/rplidar_ros
[3.464s] -- Up-to-date: /home/KDAIL-Rpi/KDAIL-Forklift/ros2_ws/install/rplidar_ros/lib/rplidar_ros/static_slam.py
[3.465s] -- Up-to-date: /home/KDAIL-Rpi/KDAIL-Forklift/ros2_ws/install/rplidar_ros/lib/rplidar_ros/save_map.py
[3.465s] -- Up-to-date: /home/KDAIL-Rpi/KDAIL-Forklift/ros2_ws/install/rplidar_ros/lib/rplidar_ros/run_slam_and_save.sh
[3.465s] -- Up-to-date: /home/KDAIL-Rpi/KDAIL-Forklift/ros2_ws/install/rplidar_ros/lib/rplidar_ros/data.py
[3.466s] -- Up-to-date: /home/KDAIL-Rpi/KDAIL-Forklift/ros2_ws/install/rplidar_ros/lib/rplidar_ros/create_udev_rules.sh
[3.466s] -- Up-to-date: /home/KDAIL-Rpi/KDAIL-Forklift/ros2_ws/install/rplidar_ros/lib/rplidar_ros/delete_udev_rules.sh
[3.466s] -- Up-to-date: /home/KDAIL-Rpi/KDAIL-Forklift/ros2_ws/install/rplidar_ros/lib/rplidar_ros/rplidar.rules
[3.467s] -- Up-to-date: /home/KDAIL-Rpi/KDAIL-Forklift/ros2_ws/install/rplidar_ros/lib/rplidar_ros/view_map.py
[3.467s] -- Up-to-date: /home/KDAIL-Rpi/KDAIL-Forklift/ros2_ws/install/rplidar_ros/lib/rplidar_ros/rplidar_composition
[3.468s] -- Installing: /home/KDAIL-Rpi/KDAIL-Forklift/ros2_ws/install/rplidar_ros/share/rplidar_ros/launch
[3.469s] -- Installing: /home/KDAIL-Rpi/KDAIL-Forklift/ros2_ws/install/rplidar_ros/share/rplidar_ros/launch/view_rplidar_s1_tcp.launch.py
[3.470s] -- Installing: /home/KDAIL-Rpi/KDAIL-Forklift/ros2_ws/install/rplidar_ros/share/rplidar_ros/launch/rplidar_s1_tcp.launch.py
[3.471s] -- Installing: /home/KDAIL-Rpi/KDAIL-Forklift/ros2_ws/install/rplidar_ros/share/rplidar_ros/launch/view_rplidar_s1.launch.py
[3.472s] -- Installing: /home/KDAIL-Rpi/KDAIL-Forklift/ros2_ws/install/rplidar_ros/share/rplidar_ros/launch/rplidar_a3.launch.py
[3.473s] -- Installing: /home/KDAIL-Rpi/KDAIL-Forklift/ros2_ws/install/rplidar_ros/share/rplidar_ros/launch/view_rplidar.launch.py
[3.473s] -- Installing: /home/KDAIL-Rpi/KDAIL-Forklift/ros2_ws/install/rplidar_ros/share/rplidar_ros/launch/rplidar_s1.launch.py
[3.474s] -- Installing: /home/KDAIL-Rpi/KDAIL-Forklift/ros2_ws/install/rplidar_ros/share/rplidar_ros/launch/view_rplidar_a3.launch.py
[3.475s] -- Installing: /home/KDAIL-Rpi/KDAIL-Forklift/ros2_ws/install/rplidar_ros/share/rplidar_ros/launch/static_slam.launch.py
[3.476s] -- Installing: /home/KDAIL-Rpi/KDAIL-Forklift/ros2_ws/install/rplidar_ros/share/rplidar_ros/launch/test_rplidar_a3.launch.py
[3.477s] -- Installing: /home/KDAIL-Rpi/KDAIL-Forklift/ros2_ws/install/rplidar_ros/share/rplidar_ros/launch/rplidar.launch.py
[3.478s] -- Installing: /home/KDAIL-Rpi/KDAIL-Forklift/ros2_ws/install/rplidar_ros/share/rplidar_ros/rviz
[3.479s] -- Installing: /home/KDAIL-Rpi/KDAIL-Forklift/ros2_ws/install/rplidar_ros/share/rplidar_ros/rviz/slam.rviz
[3.480s] -- Installing: /home/KDAIL-Rpi/KDAIL-Forklift/ros2_ws/install/rplidar_ros/share/rplidar_ros/rviz/rplidar.rviz
[3.481s] -- Up-to-date: /home/KDAIL-Rpi/KDAIL-Forklift/ros2_ws/install/rplidar_ros/lib/librplidar_composition_node.so
[3.483s] -- Up-to-date: /home/KDAIL-Rpi/KDAIL-Forklift/ros2_ws/install/rplidar_ros/include
[3.483s] -- Up-to-date: /home/KDAIL-Rpi/KDAIL-Forklift/ros2_ws/install/rplidar_ros/include/visibility.h
[3.483s] -- Up-to-date: /home/KDAIL-Rpi/KDAIL-Forklift/ros2_ws/install/rplidar_ros/include/rplidar_node.hpp
[3.484s] -- Up-to-date: /home/KDAIL-Rpi/KDAIL-Forklift/ros2_ws/install/rplidar_ros/lib/rplidar_ros/rplidar_composition
[3.486s] -- Up-to-date: /home/KDAIL-Rpi/KDAIL-Forklift/ros2_ws/install/rplidar_ros/share/ament_index/resource_index/package_run_dependencies/rplidar_ros
[3.486s] -- Installing: /home/KDAIL-Rpi/KDAIL-Forklift/ros2_ws/install/rplidar_ros/share/ament_index/resource_index/parent_prefix_path/rplidar_ros
[3.487s] -- Up-to-date: /home/KDAIL-Rpi/KDAIL-Forklift/ros2_ws/install/rplidar_ros/share/rplidar_ros/environment/ament_prefix_path.sh
[3.488s] -- Installing: /home/KDAIL-Rpi/KDAIL-Forklift/ros2_ws/install/rplidar_ros/share/rplidar_ros/environment/ament_prefix_path.dsv
[3.489s] -- Up-to-date: /home/KDAIL-Rpi/KDAIL-Forklift/ros2_ws/install/rplidar_ros/share/rplidar_ros/environment/path.sh
[3.489s] -- Installing: /home/KDAIL-Rpi/KDAIL-Forklift/ros2_ws/install/rplidar_ros/share/rplidar_ros/environment/path.dsv
[3.491s] -- Up-to-date: /home/KDAIL-Rpi/KDAIL-Forklift/ros2_ws/install/rplidar_ros/share/rplidar_ros/local_setup.bash
[3.491s] -- Up-to-date: /home/KDAIL-Rpi/KDAIL-Forklift/ros2_ws/install/rplidar_ros/share/rplidar_ros/local_setup.sh
[3.491s] -- Up-to-date: /home/KDAIL-Rpi/KDAIL-Forklift/ros2_ws/install/rplidar_ros/share/rplidar_ros/local_setup.zsh
[3.492s] -- Installing: /home/KDAIL-Rpi/KDAIL-Forklift/ros2_ws/install/rplidar_ros/share/rplidar_ros/local_setup.dsv
[3.493s] -- Installing: /home/KDAIL-Rpi/KDAIL-Forklift/ros2_ws/install/rplidar_ros/share/rplidar_ros/package.dsv
[3.494s] -- Up-to-date: /home/KDAIL-Rpi/KDAIL-Forklift/ros2_ws/install/rplidar_ros/share/ament_index/resource_index/packages/rplidar_ros
[3.494s] -- Up-to-date: /home/KDAIL-Rpi/KDAIL-Forklift/ros2_ws/install/rplidar_ros/share/ament_index/resource_index/rclcpp_components/rplidar_ros
[3.495s] -- Up-to-date: /home/KDAIL-Rpi/KDAIL-Forklift/ros2_ws/install/rplidar_ros/share/rplidar_ros/cmake/ament_cmake_export_dependencies-extras.cmake
[3.495s] -- Up-to-date: /home/KDAIL-Rpi/KDAIL-Forklift/ros2_ws/install/rplidar_ros/share/rplidar_ros/cmake/ament_cmake_export_include_directories-extras.cmake
[3.496s] -- Up-to-date: /home/KDAIL-Rpi/KDAIL-Forklift/ros2_ws/install/rplidar_ros/share/rplidar_ros/cmake/rplidar_rosConfig.cmake
[3.496s] -- Up-to-date: /home/KDAIL-Rpi/KDAIL-Forklift/ros2_ws/install/rplidar_ros/share/rplidar_ros/cmake/rplidar_rosConfig-version.cmake
[3.496s] -- Up-to-date: /home/KDAIL-Rpi/KDAIL-Forklift/ros2_ws/install/rplidar_ros/share/rplidar_ros/package.xml
[3.502s] Invoked command in '/home/KDAIL-Rpi/KDAIL-Forklift/ros2_ws/build/rplidar_ros' returned '0': CMAKE_PREFIX_PATH=${CMAKE_PREFIX_PATH}:/opt/ros/humble /usr/bin/cmake --install /home/KDAIL-Rpi/KDAIL-Forklift/ros2_ws/build/rplidar_ros
