[0.008s] Invoking command in '/home/vishal/kdail/KDAIL-Forklift/ros2_ws/build/Forklift_Firmware': CMAKE_PREFIX_PATH=${CMAKE_PREFIX_PATH}:/home/vishal/ros2_ws/install/demo1:/opt/ros/humble /usr/bin/cmake --build /home/vishal/kdail/KDAIL-Forklift/ros2_ws/build/Forklift_Firmware -- -j12 -l12
[0.043s] Invoked command in '/home/vishal/kdail/KDAIL-Forklift/ros2_ws/build/Forklift_Firmware' returned '0': CMAKE_PREFIX_PATH=${CMAKE_PREFIX_PATH}:/home/vishal/ros2_ws/install/demo1:/opt/ros/humble /usr/bin/cmake --build /home/vishal/kdail/KDAIL-Forklift/ros2_ws/build/Forklift_Firmware -- -j12 -l12
[0.051s] Invoking command in '/home/vishal/kdail/KDAIL-Forklift/ros2_ws/build/Forklift_Firmware': CMAKE_PREFIX_PATH=${CMAKE_PREFIX_PATH}:/home/vishal/ros2_ws/install/demo1:/opt/ros/humble /usr/bin/cmake --install /home/vishal/kdail/KDAIL-Forklift/ros2_ws/build/Forklift_Firmware
[0.056s] -- Install configuration: ""
[0.056s] -- Up-to-date: /home/vishal/kdail/KDAIL-Forklift/ros2_ws/install/Forklift_Firmware/lib/Forklift_Firmware/imu_publisher.py
[0.056s] -- Up-to-date: /home/vishal/kdail/KDAIL-Forklift/ros2_ws/install/Forklift_Firmware/lib/Forklift_Firmware/uwb_to_odom.py
[0.056s] -- Up-to-date: /home/vishal/kdail/KDAIL-Forklift/ros2_ws/install/Forklift_Firmware/lib/Forklift_Firmware/dummy_uwb_publisher.py
[0.056s] -- Installing: /home/vishal/kdail/KDAIL-Forklift/ros2_ws/install/Forklift_Firmware/lib/Forklift_Firmware/imu_pub.py
[0.056s] -- Up-to-date: /home/vishal/kdail/KDAIL-Forklift/ros2_ws/install/Forklift_Firmware/share/Forklift_Firmware/urdf
[0.056s] -- Up-to-date: /home/vishal/kdail/KDAIL-Forklift/ros2_ws/install/Forklift_Firmware/share/Forklift_Firmware/urdf/my_robot.urdf.xacro
[0.057s] -- Up-to-date: /home/vishal/kdail/KDAIL-Forklift/ros2_ws/install/Forklift_Firmware/share/Forklift_Firmware/rviz
[0.057s] -- Up-to-date: /home/vishal/kdail/KDAIL-Forklift/ros2_ws/install/Forklift_Firmware/share/Forklift_Firmware/rviz/urdf.rviz
[0.057s] -- Up-to-date: /home/vishal/kdail/KDAIL-Forklift/ros2_ws/install/Forklift_Firmware/share/Forklift_Firmware/launch
[0.057s] -- Up-to-date: /home/vishal/kdail/KDAIL-Forklift/ros2_ws/install/Forklift_Firmware/share/Forklift_Firmware/launch/display.launch.py
[0.057s] -- Up-to-date: /home/vishal/kdail/KDAIL-Forklift/ros2_ws/install/Forklift_Firmware/share/ament_index/resource_index/package_run_dependencies/Forklift_Firmware
[0.057s] -- Up-to-date: /home/vishal/kdail/KDAIL-Forklift/ros2_ws/install/Forklift_Firmware/share/ament_index/resource_index/parent_prefix_path/Forklift_Firmware
[0.057s] -- Up-to-date: /home/vishal/kdail/KDAIL-Forklift/ros2_ws/install/Forklift_Firmware/share/Forklift_Firmware/environment/ament_prefix_path.sh
[0.057s] -- Up-to-date: /home/vishal/kdail/KDAIL-Forklift/ros2_ws/install/Forklift_Firmware/share/Forklift_Firmware/environment/ament_prefix_path.dsv
[0.057s] -- Up-to-date: /home/vishal/kdail/KDAIL-Forklift/ros2_ws/install/Forklift_Firmware/share/Forklift_Firmware/environment/path.sh
[0.057s] -- Up-to-date: /home/vishal/kdail/KDAIL-Forklift/ros2_ws/install/Forklift_Firmware/share/Forklift_Firmware/environment/path.dsv
[0.057s] -- Up-to-date: /home/vishal/kdail/KDAIL-Forklift/ros2_ws/install/Forklift_Firmware/share/Forklift_Firmware/local_setup.bash
[0.057s] -- Up-to-date: /home/vishal/kdail/KDAIL-Forklift/ros2_ws/install/Forklift_Firmware/share/Forklift_Firmware/local_setup.sh
[0.057s] -- Up-to-date: /home/vishal/kdail/KDAIL-Forklift/ros2_ws/install/Forklift_Firmware/share/Forklift_Firmware/local_setup.zsh
[0.057s] -- Up-to-date: /home/vishal/kdail/KDAIL-Forklift/ros2_ws/install/Forklift_Firmware/share/Forklift_Firmware/local_setup.dsv
[0.057s] -- Installing: /home/vishal/kdail/KDAIL-Forklift/ros2_ws/install/Forklift_Firmware/share/Forklift_Firmware/package.dsv
[0.057s] -- Up-to-date: /home/vishal/kdail/KDAIL-Forklift/ros2_ws/install/Forklift_Firmware/share/ament_index/resource_index/packages/Forklift_Firmware
[0.057s] -- Up-to-date: /home/vishal/kdail/KDAIL-Forklift/ros2_ws/install/Forklift_Firmware/share/Forklift_Firmware/cmake/Forklift_FirmwareConfig.cmake
[0.057s] -- Up-to-date: /home/vishal/kdail/KDAIL-Forklift/ros2_ws/install/Forklift_Firmware/share/Forklift_Firmware/cmake/Forklift_FirmwareConfig-version.cmake
[0.057s] -- Up-to-date: /home/vishal/kdail/KDAIL-Forklift/ros2_ws/install/Forklift_Firmware/share/Forklift_Firmware/package.xml
[0.058s] Invoked command in '/home/vishal/kdail/KDAIL-Forklift/ros2_ws/build/Forklift_Firmware' returned '0': CMAKE_PREFIX_PATH=${CMAKE_PREFIX_PATH}:/home/vishal/ros2_ws/install/demo1:/opt/ros/humble /usr/bin/cmake --install /home/vishal/kdail/KDAIL-Forklift/ros2_ws/build/Forklift_Firmware
