[ 77%] Built target rplidar_composition_node
[100%] Built target rplidar_composition
-- Install configuration: ""
-- Up-to-date: /home/raze/workspace/KDAIL-Forklift/install/rplidar_ros/lib/rplidar_ros
-- Up-to-date: /home/raze/workspace/KDAIL-Forklift/install/rplidar_ros/lib/rplidar_ros/create_udev_rules.sh
-- Up-to-date: /home/raze/workspace/KDAIL-Forklift/install/rplidar_ros/lib/rplidar_ros/rplidar.rules
-- Up-to-date: /home/raze/workspace/KDAIL-Forklift/install/rplidar_ros/lib/rplidar_ros/delete_udev_rules.sh
-- Up-to-date: /home/raze/workspace/KDAIL-Forklift/install/rplidar_ros/lib/rplidar_ros/static_slam.py
-- Up-to-date: /home/raze/workspace/KDAIL-Forklift/install/rplidar_ros/lib/rplidar_ros/save_map.py
-- Up-to-date: /home/raze/workspace/KDAIL-Forklift/install/rplidar_ros/lib/rplidar_ros/run_slam_and_save.sh
-- Up-to-date: /home/raze/workspace/KDAIL-Forklift/install/rplidar_ros/lib/rplidar_ros/view_map.py
-- Up-to-date: /home/raze/workspace/KDAIL-Forklift/install/rplidar_ros/lib/rplidar_ros/feature_detection.py
-- Up-to-date: /home/raze/workspace/KDAIL-Forklift/install/rplidar_ros/lib/rplidar_ros/data.py
-- Up-to-date: /home/raze/workspace/KDAIL-Forklift/install/rplidar_ros/lib/rplidar_ros/rplidar_composition
-- Up-to-date: /home/raze/workspace/KDAIL-Forklift/install/rplidar_ros/share/rplidar_ros/launch
-- Up-to-date: /home/raze/workspace/KDAIL-Forklift/install/rplidar_ros/share/rplidar_ros/launch/dynamic_slam.launch.py
-- Up-to-date: /home/raze/workspace/KDAIL-Forklift/install/rplidar_ros/share/rplidar_ros/launch/uwb_publisher.launch.py
-- Up-to-date: /home/raze/workspace/KDAIL-Forklift/install/rplidar_ros/share/rplidar_ros/launch/uwb_demo.launch.py
-- Up-to-date: /home/raze/workspace/KDAIL-Forklift/install/rplidar_ros/share/rplidar_ros/launch/rplidar_a3.launch.py
-- Up-to-date: /home/raze/workspace/KDAIL-Forklift/install/rplidar_ros/share/rplidar_ros/launch/view_rplidar_a3.launch.py
-- Up-to-date: /home/raze/workspace/KDAIL-Forklift/install/rplidar_ros/share/rplidar_ros/launch/uwb_imu_transform.launch.py
-- Up-to-date: /home/raze/workspace/KDAIL-Forklift/install/rplidar_ros/share/rplidar_ros/launch/keyboard_control.launch.py
-- Up-to-date: /home/raze/workspace/KDAIL-Forklift/install/rplidar_ros/share/rplidar_ros/launch/test_anchor_slam.launch.py
-- Up-to-date: /home/raze/workspace/KDAIL-Forklift/install/rplidar_ros/share/rplidar_ros/launch/static_slam.launch.py
-- Up-to-date: /home/raze/workspace/KDAIL-Forklift/install/rplidar_ros/share/rplidar_ros/launch/view_rplidar.launch.py
-- Up-to-date: /home/raze/workspace/KDAIL-Forklift/install/rplidar_ros/share/rplidar_ros/launch/rplidar_s1.launch.py
-- Up-to-date: /home/raze/workspace/KDAIL-Forklift/install/rplidar_ros/share/rplidar_ros/launch/rplidar_s1_tcp.launch.py
-- Up-to-date: /home/raze/workspace/KDAIL-Forklift/install/rplidar_ros/share/rplidar_ros/launch/test_anchor_slam_with_viz.launch.py
-- Up-to-date: /home/raze/workspace/KDAIL-Forklift/install/rplidar_ros/share/rplidar_ros/launch/anchor_based_slam.launch.py
-- Up-to-date: /home/raze/workspace/KDAIL-Forklift/install/rplidar_ros/share/rplidar_ros/launch/view_rplidar_s1.launch.py
-- Up-to-date: /home/raze/workspace/KDAIL-Forklift/install/rplidar_ros/share/rplidar_ros/launch/uwb_real_data.launch.py
-- Up-to-date: /home/raze/workspace/KDAIL-Forklift/install/rplidar_ros/share/rplidar_ros/launch/rplidar.launch.py
-- Up-to-date: /home/raze/workspace/KDAIL-Forklift/install/rplidar_ros/share/rplidar_ros/launch/test_dynamic_slam.launch.py
-- Up-to-date: /home/raze/workspace/KDAIL-Forklift/install/rplidar_ros/share/rplidar_ros/launch/view_rplidar_s1_tcp.launch.py
-- Up-to-date: /home/raze/workspace/KDAIL-Forklift/install/rplidar_ros/share/rplidar_ros/launch/test_rplidar_a3.launch.py
-- Up-to-date: /home/raze/workspace/KDAIL-Forklift/install/rplidar_ros/share/rplidar_ros/rviz
-- Up-to-date: /home/raze/workspace/KDAIL-Forklift/install/rplidar_ros/share/rplidar_ros/rviz/slam.rviz
-- Up-to-date: /home/raze/workspace/KDAIL-Forklift/install/rplidar_ros/share/rplidar_ros/rviz/rplidar.rviz
-- Up-to-date: /home/raze/workspace/KDAIL-Forklift/install/rplidar_ros/lib/librplidar_composition_node.so
-- Up-to-date: /home/raze/workspace/KDAIL-Forklift/install/rplidar_ros/include
-- Up-to-date: /home/raze/workspace/KDAIL-Forklift/install/rplidar_ros/include/rplidar_node.hpp
-- Up-to-date: /home/raze/workspace/KDAIL-Forklift/install/rplidar_ros/include/visibility.h
-- Up-to-date: /home/raze/workspace/KDAIL-Forklift/install/rplidar_ros/lib/rplidar_ros/rplidar_composition
-- Up-to-date: /home/raze/workspace/KDAIL-Forklift/install/rplidar_ros/share/ament_index/resource_index/package_run_dependencies/rplidar_ros
-- Up-to-date: /home/raze/workspace/KDAIL-Forklift/install/rplidar_ros/share/ament_index/resource_index/parent_prefix_path/rplidar_ros
-- Up-to-date: /home/raze/workspace/KDAIL-Forklift/install/rplidar_ros/share/rplidar_ros/environment/ament_prefix_path.sh
-- Up-to-date: /home/raze/workspace/KDAIL-Forklift/install/rplidar_ros/share/rplidar_ros/environment/ament_prefix_path.dsv
-- Up-to-date: /home/raze/workspace/KDAIL-Forklift/install/rplidar_ros/share/rplidar_ros/environment/path.sh
-- Up-to-date: /home/raze/workspace/KDAIL-Forklift/install/rplidar_ros/share/rplidar_ros/environment/path.dsv
-- Up-to-date: /home/raze/workspace/KDAIL-Forklift/install/rplidar_ros/share/rplidar_ros/local_setup.bash
-- Up-to-date: /home/raze/workspace/KDAIL-Forklift/install/rplidar_ros/share/rplidar_ros/local_setup.sh
-- Up-to-date: /home/raze/workspace/KDAIL-Forklift/install/rplidar_ros/share/rplidar_ros/local_setup.zsh
-- Up-to-date: /home/raze/workspace/KDAIL-Forklift/install/rplidar_ros/share/rplidar_ros/local_setup.dsv
-- Installing: /home/raze/workspace/KDAIL-Forklift/install/rplidar_ros/share/rplidar_ros/package.dsv
-- Up-to-date: /home/raze/workspace/KDAIL-Forklift/install/rplidar_ros/share/ament_index/resource_index/packages/rplidar_ros
-- Up-to-date: /home/raze/workspace/KDAIL-Forklift/install/rplidar_ros/share/ament_index/resource_index/rclcpp_components/rplidar_ros
-- Up-to-date: /home/raze/workspace/KDAIL-Forklift/install/rplidar_ros/share/rplidar_ros/cmake/ament_cmake_export_dependencies-extras.cmake
-- Up-to-date: /home/raze/workspace/KDAIL-Forklift/install/rplidar_ros/share/rplidar_ros/cmake/ament_cmake_export_include_directories-extras.cmake
-- Up-to-date: /home/raze/workspace/KDAIL-Forklift/install/rplidar_ros/share/rplidar_ros/cmake/rplidar_rosConfig.cmake
-- Up-to-date: /home/raze/workspace/KDAIL-Forklift/install/rplidar_ros/share/rplidar_ros/cmake/rplidar_rosConfig-version.cmake
-- Up-to-date: /home/raze/workspace/KDAIL-Forklift/install/rplidar_ros/share/rplidar_ros/package.xml
