[0.009s] Invoking command in '/home/raze/workspace/KDAIL-Forklift/build/cartographer_pkg': CMAKE_PREFIX_PATH=${CMAKE_PREFIX_PATH}:/opt/ros/humble PS1=\[\033[36m\]\u\[\033[0m\]@\[\033[32m\]\h\[\033[0m\]:\[\033[33m\]\w\[\033[0m\]\$ /usr/bin/cmake --build /home/raze/workspace/KDAIL-Forklift/build/cartographer_pkg -- -j14 -l14
[0.038s] Invoked command in '/home/raze/workspace/KDAIL-Forklift/build/cartographer_pkg' returned '0': CMAKE_PREFIX_PATH=${CMAKE_PREFIX_PATH}:/opt/ros/humble PS1=\[\033[36m\]\u\[\033[0m\]@\[\033[32m\]\h\[\033[0m\]:\[\033[33m\]\w\[\033[0m\]\$ /usr/bin/cmake --build /home/raze/workspace/KDAIL-Forklift/build/cartographer_pkg -- -j14 -l14
[0.044s] Invoking command in '/home/raze/workspace/KDAIL-Forklift/build/cartographer_pkg': CMAKE_PREFIX_PATH=${CMAKE_PREFIX_PATH}:/opt/ros/humble PS1=\[\033[36m\]\u\[\033[0m\]@\[\033[32m\]\h\[\033[0m\]:\[\033[33m\]\w\[\033[0m\]\$ /usr/bin/cmake --install /home/raze/workspace/KDAIL-Forklift/build/cartographer_pkg
[0.050s] -- Install configuration: ""
[0.050s] -- Up-to-date: /home/raze/workspace/KDAIL-Forklift/install/cartographer_pkg/share/cartographer_pkg//launch
[0.050s] -- Up-to-date: /home/raze/workspace/KDAIL-Forklift/install/cartographer_pkg/share/cartographer_pkg//launch/cartographer_slam.launch.py
[0.050s] -- Up-to-date: /home/raze/workspace/KDAIL-Forklift/install/cartographer_pkg/share/cartographer_pkg//config
[0.050s] -- Up-to-date: /home/raze/workspace/KDAIL-Forklift/install/cartographer_pkg/share/cartographer_pkg//config/cartographer_config.lua
[0.050s] -- Up-to-date: /home/raze/workspace/KDAIL-Forklift/install/cartographer_pkg/share/ament_index/resource_index/package_run_dependencies/cartographer_pkg
[0.050s] -- Up-to-date: /home/raze/workspace/KDAIL-Forklift/install/cartographer_pkg/share/ament_index/resource_index/parent_prefix_path/cartographer_pkg
[0.050s] -- Up-to-date: /home/raze/workspace/KDAIL-Forklift/install/cartographer_pkg/share/cartographer_pkg/environment/ament_prefix_path.sh
[0.050s] -- Up-to-date: /home/raze/workspace/KDAIL-Forklift/install/cartographer_pkg/share/cartographer_pkg/environment/ament_prefix_path.dsv
[0.050s] -- Up-to-date: /home/raze/workspace/KDAIL-Forklift/install/cartographer_pkg/share/cartographer_pkg/environment/path.sh
[0.050s] -- Up-to-date: /home/raze/workspace/KDAIL-Forklift/install/cartographer_pkg/share/cartographer_pkg/environment/path.dsv
[0.050s] -- Up-to-date: /home/raze/workspace/KDAIL-Forklift/install/cartographer_pkg/share/cartographer_pkg/local_setup.bash
[0.050s] -- Up-to-date: /home/raze/workspace/KDAIL-Forklift/install/cartographer_pkg/share/cartographer_pkg/local_setup.sh
[0.050s] -- Up-to-date: /home/raze/workspace/KDAIL-Forklift/install/cartographer_pkg/share/cartographer_pkg/local_setup.zsh
[0.050s] -- Up-to-date: /home/raze/workspace/KDAIL-Forklift/install/cartographer_pkg/share/cartographer_pkg/local_setup.dsv
[0.050s] -- Installing: /home/raze/workspace/KDAIL-Forklift/install/cartographer_pkg/share/cartographer_pkg/package.dsv
[0.051s] -- Up-to-date: /home/raze/workspace/KDAIL-Forklift/install/cartographer_pkg/share/ament_index/resource_index/packages/cartographer_pkg
[0.051s] -- Up-to-date: /home/raze/workspace/KDAIL-Forklift/install/cartographer_pkg/share/cartographer_pkg/cmake/cartographer_pkgConfig.cmake
[0.051s] -- Up-to-date: /home/raze/workspace/KDAIL-Forklift/install/cartographer_pkg/share/cartographer_pkg/cmake/cartographer_pkgConfig-version.cmake
[0.051s] -- Up-to-date: /home/raze/workspace/KDAIL-Forklift/install/cartographer_pkg/share/cartographer_pkg/package.xml
[0.054s] Invoked command in '/home/raze/workspace/KDAIL-Forklift/build/cartographer_pkg' returned '0': CMAKE_PREFIX_PATH=${CMAKE_PREFIX_PATH}:/opt/ros/humble PS1=\[\033[36m\]\u\[\033[0m\]@\[\033[32m\]\h\[\033[0m\]:\[\033[33m\]\w\[\033[0m\]\$ /usr/bin/cmake --install /home/raze/workspace/KDAIL-Forklift/build/cartographer_pkg
