[0.026s] Invoking command in '/home/raze/KDAIL-Forklift/SLAM/ros2_ws/build/rplidar_ros': CMAKE_PREFIX_PATH=/opt/ros/humble PS1=\[\e]0;\u@\h: \w\a\]${debian_chroot:+($debian_chroot)}\[\033[01;32m\]\u@\h\[\033[00m\]:\[\033[01;34m\]\w\[\033[00m\]\$ /usr/bin/cmake --build /home/raze/KDAIL-Forklift/SLAM/ros2_ws/build/rplidar_ros -- -j4 -l4
[0.128s] [ 77%] Built target rplidar_composition_node
[0.174s] [100%] Built target rplidar_composition
[0.188s] Invoked command in '/home/raze/KDAIL-Forklift/SLAM/ros2_ws/build/rplidar_ros' returned '0': CMAKE_PREFIX_PATH=/opt/ros/humble PS1=\[\e]0;\u@\h: \w\a\]${debian_chroot:+($debian_chroot)}\[\033[01;32m\]\u@\h\[\033[00m\]:\[\033[01;34m\]\w\[\033[00m\]\$ /usr/bin/cmake --build /home/raze/KDAIL-Forklift/SLAM/ros2_ws/build/rplidar_ros -- -j4 -l4
[0.205s] Invoking command in '/home/raze/KDAIL-Forklift/SLAM/ros2_ws/build/rplidar_ros': CMAKE_PREFIX_PATH=/opt/ros/humble PS1=\[\e]0;\u@\h: \w\a\]${debian_chroot:+($debian_chroot)}\[\033[01;32m\]\u@\h\[\033[00m\]:\[\033[01;34m\]\w\[\033[00m\]\$ /usr/bin/cmake --install /home/raze/KDAIL-Forklift/SLAM/ros2_ws/build/rplidar_ros
[0.211s] -- Install configuration: ""
[0.214s] -- Up-to-date: /home/raze/KDAIL-Forklift/SLAM/ros2_ws/install/rplidar_ros/lib/rplidar_ros/rplidar_composition
[0.215s] -- Up-to-date: /home/raze/KDAIL-Forklift/SLAM/ros2_ws/install/rplidar_ros/share/rplidar_ros/launch
[0.215s] -- Up-to-date: /home/raze/KDAIL-Forklift/SLAM/ros2_ws/install/rplidar_ros/share/rplidar_ros/launch/test_rplidar_a3.launch.py
[0.215s] -- Up-to-date: /home/raze/KDAIL-Forklift/SLAM/ros2_ws/install/rplidar_ros/share/rplidar_ros/launch/view_rplidar_a3.launch.py
[0.215s] -- Up-to-date: /home/raze/KDAIL-Forklift/SLAM/ros2_ws/install/rplidar_ros/share/rplidar_ros/launch/rplidar_s1_tcp.launch.py
[0.216s] -- Up-to-date: /home/raze/KDAIL-Forklift/SLAM/ros2_ws/install/rplidar_ros/share/rplidar_ros/launch/view_rplidar.launch.py
[0.216s] -- Up-to-date: /home/raze/KDAIL-Forklift/SLAM/ros2_ws/install/rplidar_ros/share/rplidar_ros/launch/rplidar.launch.py
[0.216s] -- Up-to-date: /home/raze/KDAIL-Forklift/SLAM/ros2_ws/install/rplidar_ros/share/rplidar_ros/launch/view_rplidar_s1_tcp.launch.py
[0.217s] -- Up-to-date: /home/raze/KDAIL-Forklift/SLAM/ros2_ws/install/rplidar_ros/share/rplidar_ros/launch/rplidar_s1.launch.py
[0.217s] -- Up-to-date: /home/raze/KDAIL-Forklift/SLAM/ros2_ws/install/rplidar_ros/share/rplidar_ros/launch/view_rplidar_s1.launch.py
[0.217s] -- Up-to-date: /home/raze/KDAIL-Forklift/SLAM/ros2_ws/install/rplidar_ros/share/rplidar_ros/launch/rplidar_a3.launch.py
[0.217s] -- Up-to-date: /home/raze/KDAIL-Forklift/SLAM/ros2_ws/install/rplidar_ros/share/rplidar_ros/rviz
[0.218s] -- Up-to-date: /home/raze/KDAIL-Forklift/SLAM/ros2_ws/install/rplidar_ros/share/rplidar_ros/rviz/rplidar.rviz
[0.218s] -- Up-to-date: /home/raze/KDAIL-Forklift/SLAM/ros2_ws/install/rplidar_ros/lib/rplidar_ros/data.py
[0.218s] -- Up-to-date: /home/raze/KDAIL-Forklift/SLAM/ros2_ws/install/rplidar_ros/lib/librplidar_composition_node.so
[0.219s] -- Up-to-date: /home/raze/KDAIL-Forklift/SLAM/ros2_ws/install/rplidar_ros/include
[0.219s] -- Up-to-date: /home/raze/KDAIL-Forklift/SLAM/ros2_ws/install/rplidar_ros/include/visibility.h
[0.219s] -- Up-to-date: /home/raze/KDAIL-Forklift/SLAM/ros2_ws/install/rplidar_ros/include/rplidar_node.hpp
[0.220s] -- Up-to-date: /home/raze/KDAIL-Forklift/SLAM/ros2_ws/install/rplidar_ros/lib/rplidar_ros/rplidar_composition
[0.220s] -- Up-to-date: /home/raze/KDAIL-Forklift/SLAM/ros2_ws/install/rplidar_ros/share/ament_index/resource_index/package_run_dependencies/rplidar_ros
[0.220s] -- Up-to-date: /home/raze/KDAIL-Forklift/SLAM/ros2_ws/install/rplidar_ros/share/ament_index/resource_index/parent_prefix_path/rplidar_ros
[0.220s] -- Up-to-date: /home/raze/KDAIL-Forklift/SLAM/ros2_ws/install/rplidar_ros/share/rplidar_ros/environment/ament_prefix_path.sh
[0.220s] -- Up-to-date: /home/raze/KDAIL-Forklift/SLAM/ros2_ws/install/rplidar_ros/share/rplidar_ros/environment/ament_prefix_path.dsv
[0.221s] -- Up-to-date: /home/raze/KDAIL-Forklift/SLAM/ros2_ws/install/rplidar_ros/share/rplidar_ros/environment/path.sh
[0.221s] -- Up-to-date: /home/raze/KDAIL-Forklift/SLAM/ros2_ws/install/rplidar_ros/share/rplidar_ros/environment/path.dsv
[0.222s] -- Up-to-date: /home/raze/KDAIL-Forklift/SLAM/ros2_ws/install/rplidar_ros/share/rplidar_ros/local_setup.bash
[0.222s] -- Up-to-date: /home/raze/KDAIL-Forklift/SLAM/ros2_ws/install/rplidar_ros/share/rplidar_ros/local_setup.sh
[0.222s] -- Up-to-date: /home/raze/KDAIL-Forklift/SLAM/ros2_ws/install/rplidar_ros/share/rplidar_ros/local_setup.zsh
[0.222s] -- Up-to-date: /home/raze/KDAIL-Forklift/SLAM/ros2_ws/install/rplidar_ros/share/rplidar_ros/local_setup.dsv
[0.222s] -- Installing: /home/raze/KDAIL-Forklift/SLAM/ros2_ws/install/rplidar_ros/share/rplidar_ros/package.dsv
[0.223s] -- Up-to-date: /home/raze/KDAIL-Forklift/SLAM/ros2_ws/install/rplidar_ros/share/ament_index/resource_index/packages/rplidar_ros
[0.223s] -- Up-to-date: /home/raze/KDAIL-Forklift/SLAM/ros2_ws/install/rplidar_ros/share/ament_index/resource_index/rclcpp_components/rplidar_ros
[0.223s] -- Up-to-date: /home/raze/KDAIL-Forklift/SLAM/ros2_ws/install/rplidar_ros/share/rplidar_ros/cmake/ament_cmake_export_dependencies-extras.cmake
[0.223s] -- Up-to-date: /home/raze/KDAIL-Forklift/SLAM/ros2_ws/install/rplidar_ros/share/rplidar_ros/cmake/ament_cmake_export_include_directories-extras.cmake
[0.223s] -- Up-to-date: /home/raze/KDAIL-Forklift/SLAM/ros2_ws/install/rplidar_ros/share/rplidar_ros/cmake/rplidar_rosConfig.cmake
[0.224s] -- Up-to-date: /home/raze/KDAIL-Forklift/SLAM/ros2_ws/install/rplidar_ros/share/rplidar_ros/cmake/rplidar_rosConfig-version.cmake
[0.224s] -- Up-to-date: /home/raze/KDAIL-Forklift/SLAM/ros2_ws/install/rplidar_ros/share/rplidar_ros/package.xml
[0.229s] Invoked command in '/home/raze/KDAIL-Forklift/SLAM/ros2_ws/build/rplidar_ros' returned '0': CMAKE_PREFIX_PATH=/opt/ros/humble PS1=\[\e]0;\u@\h: \w\a\]${debian_chroot:+($debian_chroot)}\[\033[01;32m\]\u@\h\[\033[00m\]:\[\033[01;34m\]\w\[\033[00m\]\$ /usr/bin/cmake --install /home/raze/KDAIL-Forklift/SLAM/ros2_ws/build/rplidar_ros
