-- Install configuration: ""
-- Up-to-date: /home/raze/workspace/KDAIL-Forklift/install/Forklift_Firmware/lib/Forklift_Firmware/dummy_uwb_publisher.py
-- Up-to-date: /home/raze/workspace/KDAIL-Forklift/install/Forklift_Firmware/lib/Forklift_Firmware/aruco-detection-and-streaming.py
-- Installing: /home/raze/workspace/KDAIL-Forklift/install/Forklift_Firmware/lib/Forklift_Firmware/imu_esp_pub.py
-- Up-to-date: /home/raze/workspace/KDAIL-Forklift/install/Forklift_Firmware/lib/Forklift_Firmware/uwb_xy.py
-- Up-to-date: /home/raze/workspace/KDAIL-Forklift/install/Forklift_Firmware/lib/Forklift_Firmware/uwb_imu_fusion.py
-- Up-to-date: /home/raze/workspace/KDAIL-Forklift/install/Forklift_Firmware/lib/Forklift_Firmware/uwb_raw_publisher.py
-- Up-to-date: /home/raze/workspace/KDAIL-Forklift/install/Forklift_Firmware/lib/Forklift_Firmware/uwb_fusion_test.py
-- Up-to-date: /home/raze/workspace/KDAIL-Forklift/install/Forklift_Firmware/lib/Forklift_Firmware/dynamic_uwb_positioning.py
-- Up-to-date: /home/raze/workspace/KDAIL-Forklift/install/Forklift_Firmware/lib/Forklift_Firmware/test_uwb_imu_publisher.py
-- Up-to-date: /home/raze/workspace/KDAIL-Forklift/install/Forklift_Firmware/lib/Forklift_Firmware/coordinate_system_visualizer.py
-- Up-to-date: /home/raze/workspace/KDAIL-Forklift/install/Forklift_Firmware/share/Forklift_Firmware/urdf
-- Up-to-date: /home/raze/workspace/KDAIL-Forklift/install/Forklift_Firmware/share/Forklift_Firmware/urdf/my_robot.urdf.xacro
-- Up-to-date: /home/raze/workspace/KDAIL-Forklift/install/Forklift_Firmware/share/Forklift_Firmware/rviz
-- Up-to-date: /home/raze/workspace/KDAIL-Forklift/install/Forklift_Firmware/share/Forklift_Firmware/rviz/urdf.rviz
-- Up-to-date: /home/raze/workspace/KDAIL-Forklift/install/Forklift_Firmware/share/Forklift_Firmware/launch
-- Up-to-date: /home/raze/workspace/KDAIL-Forklift/install/Forklift_Firmware/share/Forklift_Firmware/launch/static_slam.launch.py
-- Up-to-date: /home/raze/workspace/KDAIL-Forklift/install/Forklift_Firmware/share/Forklift_Firmware/launch/uwb_fusion_system.launch.py
-- Up-to-date: /home/raze/workspace/KDAIL-Forklift/install/Forklift_Firmware/share/Forklift_Firmware/launch/display.launch.py
-- Up-to-date: /home/raze/workspace/KDAIL-Forklift/install/Forklift_Firmware/share/ament_index/resource_index/package_run_dependencies/Forklift_Firmware
-- Up-to-date: /home/raze/workspace/KDAIL-Forklift/install/Forklift_Firmware/share/ament_index/resource_index/parent_prefix_path/Forklift_Firmware
-- Up-to-date: /home/raze/workspace/KDAIL-Forklift/install/Forklift_Firmware/share/Forklift_Firmware/environment/ament_prefix_path.sh
-- Up-to-date: /home/raze/workspace/KDAIL-Forklift/install/Forklift_Firmware/share/Forklift_Firmware/environment/ament_prefix_path.dsv
-- Up-to-date: /home/raze/workspace/KDAIL-Forklift/install/Forklift_Firmware/share/Forklift_Firmware/environment/path.sh
-- Up-to-date: /home/raze/workspace/KDAIL-Forklift/install/Forklift_Firmware/share/Forklift_Firmware/environment/path.dsv
-- Up-to-date: /home/raze/workspace/KDAIL-Forklift/install/Forklift_Firmware/share/Forklift_Firmware/local_setup.bash
-- Up-to-date: /home/raze/workspace/KDAIL-Forklift/install/Forklift_Firmware/share/Forklift_Firmware/local_setup.sh
-- Up-to-date: /home/raze/workspace/KDAIL-Forklift/install/Forklift_Firmware/share/Forklift_Firmware/local_setup.zsh
-- Up-to-date: /home/raze/workspace/KDAIL-Forklift/install/Forklift_Firmware/share/Forklift_Firmware/local_setup.dsv
-- Installing: /home/raze/workspace/KDAIL-Forklift/install/Forklift_Firmware/share/Forklift_Firmware/package.dsv
-- Up-to-date: /home/raze/workspace/KDAIL-Forklift/install/Forklift_Firmware/share/ament_index/resource_index/packages/Forklift_Firmware
-- Up-to-date: /home/raze/workspace/KDAIL-Forklift/install/Forklift_Firmware/share/Forklift_Firmware/cmake/Forklift_FirmwareConfig.cmake
-- Up-to-date: /home/raze/workspace/KDAIL-Forklift/install/Forklift_Firmware/share/Forklift_Firmware/cmake/Forklift_FirmwareConfig-version.cmake
-- Up-to-date: /home/raze/workspace/KDAIL-Forklift/install/Forklift_Firmware/share/Forklift_Firmware/package.xml
