-- Install configuration: ""
-- Up-to-date: /home/raze/workspace/KDAIL-Forklift/ros2_ws/install/forklift_urdf/share/forklift_urdf/launch
-- Up-to-date: /home/raze/workspace/KDAIL-Forklift/ros2_ws/install/forklift_urdf/share/forklift_urdf/launch/display.launch.py
-- Up-to-date: /home/raze/workspace/KDAIL-Forklift/ros2_ws/install/forklift_urdf/share/forklift_urdf/urdf
-- Up-to-date: /home/raze/workspace/KDAIL-Forklift/ros2_ws/install/forklift_urdf/share/forklift_urdf/urdf/robot.urdf
-- Up-to-date: /home/raze/workspace/KDAIL-Forklift/ros2_ws/install/forklift_urdf/share/forklift_urdf/urdf/my_robot.urdf.xacro
-- Up-to-date: /home/raze/workspace/KDAIL-Forklift/ros2_ws/install/forklift_urdf/share/forklift_urdf/rviz
-- Up-to-date: /home/raze/workspace/KDAIL-Forklift/ros2_ws/install/forklift_urdf/share/forklift_urdf/rviz/urdf.rviz
-- Up-to-date: /home/raze/workspace/KDAIL-Forklift/ros2_ws/install/forklift_urdf/share/ament_index/resource_index/package_run_dependencies/forklift_urdf
-- Up-to-date: /home/raze/workspace/KDAIL-Forklift/ros2_ws/install/forklift_urdf/share/ament_index/resource_index/parent_prefix_path/forklift_urdf
-- Up-to-date: /home/raze/workspace/KDAIL-Forklift/ros2_ws/install/forklift_urdf/share/forklift_urdf/environment/ament_prefix_path.sh
-- Up-to-date: /home/raze/workspace/KDAIL-Forklift/ros2_ws/install/forklift_urdf/share/forklift_urdf/environment/ament_prefix_path.dsv
-- Up-to-date: /home/raze/workspace/KDAIL-Forklift/ros2_ws/install/forklift_urdf/share/forklift_urdf/environment/path.sh
-- Up-to-date: /home/raze/workspace/KDAIL-Forklift/ros2_ws/install/forklift_urdf/share/forklift_urdf/environment/path.dsv
-- Up-to-date: /home/raze/workspace/KDAIL-Forklift/ros2_ws/install/forklift_urdf/share/forklift_urdf/local_setup.bash
-- Up-to-date: /home/raze/workspace/KDAIL-Forklift/ros2_ws/install/forklift_urdf/share/forklift_urdf/local_setup.sh
-- Up-to-date: /home/raze/workspace/KDAIL-Forklift/ros2_ws/install/forklift_urdf/share/forklift_urdf/local_setup.zsh
-- Up-to-date: /home/raze/workspace/KDAIL-Forklift/ros2_ws/install/forklift_urdf/share/forklift_urdf/local_setup.dsv
-- Installing: /home/raze/workspace/KDAIL-Forklift/ros2_ws/install/forklift_urdf/share/forklift_urdf/package.dsv
-- Up-to-date: /home/raze/workspace/KDAIL-Forklift/ros2_ws/install/forklift_urdf/share/ament_index/resource_index/packages/forklift_urdf
-- Up-to-date: /home/raze/workspace/KDAIL-Forklift/ros2_ws/install/forklift_urdf/share/forklift_urdf/cmake/forklift_urdfConfig.cmake
-- Up-to-date: /home/raze/workspace/KDAIL-Forklift/ros2_ws/install/forklift_urdf/share/forklift_urdf/cmake/forklift_urdfConfig-version.cmake
-- Up-to-date: /home/raze/workspace/KDAIL-Forklift/ros2_ws/install/forklift_urdf/share/forklift_urdf/package.xml
