[0.067s] Invoking command in '/home/KDAIL-Rpi/KDAIL-Forklift/ros2_ws/build/rplidar_ros': CMAKE_PREFIX_PATH=/opt/ros/humble /usr/bin/cmake --build /home/KDAIL-Rpi/KDAIL-Forklift/ros2_ws/build/rplidar_ros -- -j4 -l4
[0.771s] [ 77%] Built target rplidar_composition_node
[0.899s] [100%] Built target rplidar_composition
[0.936s] Invoked command in '/home/KDAIL-Rpi/KDAIL-Forklift/ros2_ws/build/rplidar_ros' returned '0': CMAKE_PREFIX_PATH=/opt/ros/humble /usr/bin/cmake --build /home/KDAIL-Rpi/KDAIL-Forklift/ros2_ws/build/rplidar_ros -- -j4 -l4
[0.978s] Invoking command in '/home/KDAIL-Rpi/KDAIL-Forklift/ros2_ws/build/rplidar_ros': CMAKE_PREFIX_PATH=/opt/ros/humble /usr/bin/cmake --install /home/KDAIL-Rpi/KDAIL-Forklift/ros2_ws/build/rplidar_ros
[1.008s] -- Install configuration: ""
[1.011s] -- Up-to-date: /home/KDAIL-Rpi/KDAIL-Forklift/ros2_ws/install/rplidar_ros/lib/rplidar_ros
[1.012s] -- Up-to-date: /home/KDAIL-Rpi/KDAIL-Forklift/ros2_ws/install/rplidar_ros/lib/rplidar_ros/static_slam.py
[1.013s] -- Up-to-date: /home/KDAIL-Rpi/KDAIL-Forklift/ros2_ws/install/rplidar_ros/lib/rplidar_ros/save_map.py
[1.013s] -- Up-to-date: /home/KDAIL-Rpi/KDAIL-Forklift/ros2_ws/install/rplidar_ros/lib/rplidar_ros/run_slam_and_save.sh
[1.014s] -- Up-to-date: /home/KDAIL-Rpi/KDAIL-Forklift/ros2_ws/install/rplidar_ros/lib/rplidar_ros/data.py
[1.014s] -- Up-to-date: /home/KDAIL-Rpi/KDAIL-Forklift/ros2_ws/install/rplidar_ros/lib/rplidar_ros/create_udev_rules.sh
[1.015s] -- Up-to-date: /home/KDAIL-Rpi/KDAIL-Forklift/ros2_ws/install/rplidar_ros/lib/rplidar_ros/delete_udev_rules.sh
[1.015s] -- Up-to-date: /home/KDAIL-Rpi/KDAIL-Forklift/ros2_ws/install/rplidar_ros/lib/rplidar_ros/rplidar.rules
[1.016s] -- Up-to-date: /home/KDAIL-Rpi/KDAIL-Forklift/ros2_ws/install/rplidar_ros/lib/rplidar_ros/view_map.py
[1.018s] -- Up-to-date: /home/KDAIL-Rpi/KDAIL-Forklift/ros2_ws/install/rplidar_ros/lib/rplidar_ros/rplidar_composition
[1.021s] -- Up-to-date: /home/KDAIL-Rpi/KDAIL-Forklift/ros2_ws/install/rplidar_ros/share/rplidar_ros/launch
[1.022s] -- Up-to-date: /home/KDAIL-Rpi/KDAIL-Forklift/ros2_ws/install/rplidar_ros/share/rplidar_ros/launch/view_rplidar_s1_tcp.launch.py
[1.023s] -- Up-to-date: /home/KDAIL-Rpi/KDAIL-Forklift/ros2_ws/install/rplidar_ros/share/rplidar_ros/launch/rplidar_s1_tcp.launch.py
[1.023s] -- Up-to-date: /home/KDAIL-Rpi/KDAIL-Forklift/ros2_ws/install/rplidar_ros/share/rplidar_ros/launch/view_rplidar_s1.launch.py
[1.024s] -- Up-to-date: /home/KDAIL-Rpi/KDAIL-Forklift/ros2_ws/install/rplidar_ros/share/rplidar_ros/launch/rplidar_a3.launch.py
[1.024s] -- Up-to-date: /home/KDAIL-Rpi/KDAIL-Forklift/ros2_ws/install/rplidar_ros/share/rplidar_ros/launch/view_rplidar.launch.py
[1.025s] -- Up-to-date: /home/KDAIL-Rpi/KDAIL-Forklift/ros2_ws/install/rplidar_ros/share/rplidar_ros/launch/rplidar_s1.launch.py
[1.025s] -- Up-to-date: /home/KDAIL-Rpi/KDAIL-Forklift/ros2_ws/install/rplidar_ros/share/rplidar_ros/launch/view_rplidar_a3.launch.py
[1.026s] -- Up-to-date: /home/KDAIL-Rpi/KDAIL-Forklift/ros2_ws/install/rplidar_ros/share/rplidar_ros/launch/static_slam.launch.py
[1.026s] -- Up-to-date: /home/KDAIL-Rpi/KDAIL-Forklift/ros2_ws/install/rplidar_ros/share/rplidar_ros/launch/test_rplidar_a3.launch.py
[1.027s] -- Up-to-date: /home/KDAIL-Rpi/KDAIL-Forklift/ros2_ws/install/rplidar_ros/share/rplidar_ros/launch/rplidar.launch.py
[1.027s] -- Up-to-date: /home/KDAIL-Rpi/KDAIL-Forklift/ros2_ws/install/rplidar_ros/share/rplidar_ros/rviz
[1.027s] -- Up-to-date: /home/KDAIL-Rpi/KDAIL-Forklift/ros2_ws/install/rplidar_ros/share/rplidar_ros/rviz/slam.rviz
[1.028s] -- Up-to-date: /home/KDAIL-Rpi/KDAIL-Forklift/ros2_ws/install/rplidar_ros/share/rplidar_ros/rviz/rplidar.rviz
[1.031s] -- Up-to-date: /home/KDAIL-Rpi/KDAIL-Forklift/ros2_ws/install/rplidar_ros/lib/librplidar_composition_node.so
[1.032s] -- Up-to-date: /home/KDAIL-Rpi/KDAIL-Forklift/ros2_ws/install/rplidar_ros/include
[1.033s] -- Up-to-date: /home/KDAIL-Rpi/KDAIL-Forklift/ros2_ws/install/rplidar_ros/include/visibility.h
[1.034s] -- Up-to-date: /home/KDAIL-Rpi/KDAIL-Forklift/ros2_ws/install/rplidar_ros/include/rplidar_node.hpp
[1.035s] -- Up-to-date: /home/KDAIL-Rpi/KDAIL-Forklift/ros2_ws/install/rplidar_ros/lib/rplidar_ros/rplidar_composition
[1.038s] -- Up-to-date: /home/KDAIL-Rpi/KDAIL-Forklift/ros2_ws/install/rplidar_ros/share/ament_index/resource_index/package_run_dependencies/rplidar_ros
[1.039s] -- Up-to-date: /home/KDAIL-Rpi/KDAIL-Forklift/ros2_ws/install/rplidar_ros/share/ament_index/resource_index/parent_prefix_path/rplidar_ros
[1.040s] -- Up-to-date: /home/KDAIL-Rpi/KDAIL-Forklift/ros2_ws/install/rplidar_ros/share/rplidar_ros/environment/ament_prefix_path.sh
[1.041s] -- Up-to-date: /home/KDAIL-Rpi/KDAIL-Forklift/ros2_ws/install/rplidar_ros/share/rplidar_ros/environment/ament_prefix_path.dsv
[1.041s] -- Up-to-date: /home/KDAIL-Rpi/KDAIL-Forklift/ros2_ws/install/rplidar_ros/share/rplidar_ros/environment/path.sh
[1.042s] -- Up-to-date: /home/KDAIL-Rpi/KDAIL-Forklift/ros2_ws/install/rplidar_ros/share/rplidar_ros/environment/path.dsv
[1.042s] -- Up-to-date: /home/KDAIL-Rpi/KDAIL-Forklift/ros2_ws/install/rplidar_ros/share/rplidar_ros/local_setup.bash
[1.043s] -- Up-to-date: /home/KDAIL-Rpi/KDAIL-Forklift/ros2_ws/install/rplidar_ros/share/rplidar_ros/local_setup.sh
[1.043s] -- Up-to-date: /home/KDAIL-Rpi/KDAIL-Forklift/ros2_ws/install/rplidar_ros/share/rplidar_ros/local_setup.zsh
[1.044s] -- Up-to-date: /home/KDAIL-Rpi/KDAIL-Forklift/ros2_ws/install/rplidar_ros/share/rplidar_ros/local_setup.dsv
[1.044s] -- Installing: /home/KDAIL-Rpi/KDAIL-Forklift/ros2_ws/install/rplidar_ros/share/rplidar_ros/package.dsv
[1.047s] -- Up-to-date: /home/KDAIL-Rpi/KDAIL-Forklift/ros2_ws/install/rplidar_ros/share/ament_index/resource_index/packages/rplidar_ros
[1.048s] -- Up-to-date: /home/KDAIL-Rpi/KDAIL-Forklift/ros2_ws/install/rplidar_ros/share/ament_index/resource_index/rclcpp_components/rplidar_ros
[1.049s] -- Up-to-date: /home/KDAIL-Rpi/KDAIL-Forklift/ros2_ws/install/rplidar_ros/share/rplidar_ros/cmake/ament_cmake_export_dependencies-extras.cmake
[1.049s] -- Up-to-date: /home/KDAIL-Rpi/KDAIL-Forklift/ros2_ws/install/rplidar_ros/share/rplidar_ros/cmake/ament_cmake_export_include_directories-extras.cmake
[1.050s] -- Up-to-date: /home/KDAIL-Rpi/KDAIL-Forklift/ros2_ws/install/rplidar_ros/share/rplidar_ros/cmake/rplidar_rosConfig.cmake
[1.050s] -- Up-to-date: /home/KDAIL-Rpi/KDAIL-Forklift/ros2_ws/install/rplidar_ros/share/rplidar_ros/cmake/rplidar_rosConfig-version.cmake
[1.051s] -- Up-to-date: /home/KDAIL-Rpi/KDAIL-Forklift/ros2_ws/install/rplidar_ros/share/rplidar_ros/package.xml
[1.062s] Invoked command in '/home/KDAIL-Rpi/KDAIL-Forklift/ros2_ws/build/rplidar_ros' returned '0': CMAKE_PREFIX_PATH=/opt/ros/humble /usr/bin/cmake --install /home/KDAIL-Rpi/KDAIL-Forklift/ros2_ws/build/rplidar_ros
