[0.064s] DEBUG:colcon:Command line arguments: ['/usr/bin/colcon', 'build']
[0.065s] DEBUG:colcon:Parsed command line arguments: Namespace(log_base=None, log_level=None, verb_name='build', build_base='build', install_base='install', merge_install=False, symlink_install=False, test_result_base=None, continue_on_error=False, executor='parallel', parallel_workers=12, event_handlers=None, ignore_user_meta=False, metas=['./colcon.meta'], base_paths=['.'], packages_ignore=None, packages_ignore_regex=None, paths=None, packages_up_to=None, packages_up_to_regex=None, packages_above=None, packages_above_and_dependencies=None, packages_above_depth=None, packages_select_by_dep=None, packages_skip_by_dep=None, packages_skip_up_to=None, packages_select_build_failed=False, packages_skip_build_finished=False, packages_select_test_failures=False, packages_skip_test_passed=False, packages_select=None, packages_skip=None, packages_select_regex=None, packages_skip_regex=None, packages_start=None, packages_end=None, allow_overriding=[], cmake_args=None, cmake_target=None, cmake_target_skip_unavailable=False, cmake_clean_cache=False, cmake_clean_first=False, cmake_force_configure=False, ament_cmake_args=None, catkin_cmake_args=None, catkin_skip_building_tests=False, verb_parser=<colcon_defaults.argument_parser.defaults.DefaultArgumentsDecorator object at 0x77fa91b27bb0>, verb_extension=<colcon_core.verb.build.BuildVerb object at 0x77fa91c6cf40>, main=<bound method BuildVerb.main of <colcon_core.verb.build.BuildVerb object at 0x77fa91c6cf40>>)
[0.159s] Level 1:colcon.colcon_core.package_discovery:discover_packages(colcon_meta) check parameters
[0.159s] Level 1:colcon.colcon_core.package_discovery:discover_packages(recursive) check parameters
[0.160s] Level 1:colcon.colcon_core.package_discovery:discover_packages(ignore) check parameters
[0.160s] Level 1:colcon.colcon_core.package_discovery:discover_packages(path) check parameters
[0.160s] Level 1:colcon.colcon_core.package_discovery:discover_packages(colcon_meta) discover
[0.160s] Level 1:colcon.colcon_core.package_discovery:discover_packages(recursive) discover
[0.160s] INFO:colcon.colcon_core.package_discovery:Crawling recursively for packages in '/home/vishal/kdail/KDAIL-Forklift/ros2_ws'
[0.160s] Level 1:colcon.colcon_core.package_identification:_identify(.) by extensions ['ignore', 'ignore_ament_install']
[0.160s] Level 1:colcon.colcon_core.package_identification:_identify(.) by extension 'ignore'
[0.160s] Level 1:colcon.colcon_core.package_identification:_identify(.) by extension 'ignore_ament_install'
[0.160s] Level 1:colcon.colcon_core.package_identification:_identify(.) by extensions ['colcon_pkg']
[0.160s] Level 1:colcon.colcon_core.package_identification:_identify(.) by extension 'colcon_pkg'
[0.160s] Level 1:colcon.colcon_core.package_identification:_identify(.) by extensions ['colcon_meta']
[0.160s] Level 1:colcon.colcon_core.package_identification:_identify(.) by extension 'colcon_meta'
[0.160s] Level 1:colcon.colcon_core.package_identification:_identify(.) by extensions ['ros']
[0.160s] Level 1:colcon.colcon_core.package_identification:_identify(.) by extension 'ros'
[0.167s] Level 1:colcon.colcon_core.package_identification:_identify(.) by extensions ['cmake', 'python']
[0.168s] Level 1:colcon.colcon_core.package_identification:_identify(.) by extension 'cmake'
[0.168s] Level 1:colcon.colcon_core.package_identification:_identify(.) by extension 'python'
[0.168s] Level 1:colcon.colcon_core.package_identification:_identify(.) by extensions ['python_setup_py']
[0.168s] Level 1:colcon.colcon_core.package_identification:_identify(.) by extension 'python_setup_py'
[0.168s] Level 1:colcon.colcon_core.package_identification:_identify(build) by extensions ['ignore', 'ignore_ament_install']
[0.168s] Level 1:colcon.colcon_core.package_identification:_identify(build) by extension 'ignore'
[0.168s] Level 1:colcon.colcon_core.package_identification:_identify(build) ignored
[0.168s] Level 1:colcon.colcon_core.package_identification:_identify(install) by extensions ['ignore', 'ignore_ament_install']
[0.168s] Level 1:colcon.colcon_core.package_identification:_identify(install) by extension 'ignore'
[0.168s] Level 1:colcon.colcon_core.package_identification:_identify(install) ignored
[0.168s] Level 1:colcon.colcon_core.package_identification:_identify(log) by extensions ['ignore', 'ignore_ament_install']
[0.168s] Level 1:colcon.colcon_core.package_identification:_identify(log) by extension 'ignore'
[0.168s] Level 1:colcon.colcon_core.package_identification:_identify(log) ignored
[0.168s] Level 1:colcon.colcon_core.package_identification:_identify(src) by extensions ['ignore', 'ignore_ament_install']
[0.168s] Level 1:colcon.colcon_core.package_identification:_identify(src) by extension 'ignore'
[0.168s] Level 1:colcon.colcon_core.package_identification:_identify(src) by extension 'ignore_ament_install'
[0.168s] Level 1:colcon.colcon_core.package_identification:_identify(src) by extensions ['colcon_pkg']
[0.168s] Level 1:colcon.colcon_core.package_identification:_identify(src) by extension 'colcon_pkg'
[0.168s] Level 1:colcon.colcon_core.package_identification:_identify(src) by extensions ['colcon_meta']
[0.168s] Level 1:colcon.colcon_core.package_identification:_identify(src) by extension 'colcon_meta'
[0.168s] Level 1:colcon.colcon_core.package_identification:_identify(src) by extensions ['ros']
[0.168s] Level 1:colcon.colcon_core.package_identification:_identify(src) by extension 'ros'
[0.168s] Level 1:colcon.colcon_core.package_identification:_identify(src) by extensions ['cmake', 'python']
[0.168s] Level 1:colcon.colcon_core.package_identification:_identify(src) by extension 'cmake'
[0.168s] Level 1:colcon.colcon_core.package_identification:_identify(src) by extension 'python'
[0.168s] Level 1:colcon.colcon_core.package_identification:_identify(src) by extensions ['python_setup_py']
[0.168s] Level 1:colcon.colcon_core.package_identification:_identify(src) by extension 'python_setup_py'
[0.168s] Level 1:colcon.colcon_core.package_identification:_identify(src/Forklift_Firmware) by extensions ['ignore', 'ignore_ament_install']
[0.169s] Level 1:colcon.colcon_core.package_identification:_identify(src/Forklift_Firmware) by extension 'ignore'
[0.169s] Level 1:colcon.colcon_core.package_identification:_identify(src/Forklift_Firmware) by extension 'ignore_ament_install'
[0.169s] Level 1:colcon.colcon_core.package_identification:_identify(src/Forklift_Firmware) by extensions ['colcon_pkg']
[0.169s] Level 1:colcon.colcon_core.package_identification:_identify(src/Forklift_Firmware) by extension 'colcon_pkg'
[0.169s] Level 1:colcon.colcon_core.package_identification:_identify(src/Forklift_Firmware) by extensions ['colcon_meta']
[0.169s] Level 1:colcon.colcon_core.package_identification:_identify(src/Forklift_Firmware) by extension 'colcon_meta'
[0.169s] Level 1:colcon.colcon_core.package_identification:_identify(src/Forklift_Firmware) by extensions ['ros']
[0.169s] Level 1:colcon.colcon_core.package_identification:_identify(src/Forklift_Firmware) by extension 'ros'
[0.171s] DEBUG:colcon.colcon_core.package_identification:Package 'src/Forklift_Firmware' with type 'ros.ament_cmake' and name 'Forklift_Firmware'
[0.171s] Level 1:colcon.colcon_core.package_identification:_identify(src/rplidar_ros) by extensions ['ignore', 'ignore_ament_install']
[0.171s] Level 1:colcon.colcon_core.package_identification:_identify(src/rplidar_ros) by extension 'ignore'
[0.171s] Level 1:colcon.colcon_core.package_identification:_identify(src/rplidar_ros) by extension 'ignore_ament_install'
[0.171s] Level 1:colcon.colcon_core.package_identification:_identify(src/rplidar_ros) by extensions ['colcon_pkg']
[0.171s] Level 1:colcon.colcon_core.package_identification:_identify(src/rplidar_ros) by extension 'colcon_pkg'
[0.171s] Level 1:colcon.colcon_core.package_identification:_identify(src/rplidar_ros) by extensions ['colcon_meta']
[0.171s] Level 1:colcon.colcon_core.package_identification:_identify(src/rplidar_ros) by extension 'colcon_meta'
[0.171s] Level 1:colcon.colcon_core.package_identification:_identify(src/rplidar_ros) by extensions ['ros']
[0.171s] Level 1:colcon.colcon_core.package_identification:_identify(src/rplidar_ros) by extension 'ros'
[0.172s] DEBUG:colcon.colcon_core.package_identification:Package 'src/rplidar_ros' with type 'ros.ament_cmake' and name 'rplidar_ros'
[0.172s] Level 1:colcon.colcon_core.package_discovery:discover_packages(recursive) using defaults
[0.172s] Level 1:colcon.colcon_core.package_discovery:discover_packages(ignore) discover
[0.172s] Level 1:colcon.colcon_core.package_discovery:discover_packages(ignore) using defaults
[0.172s] Level 1:colcon.colcon_core.package_discovery:discover_packages(path) discover
[0.172s] Level 1:colcon.colcon_core.package_discovery:discover_packages(path) using defaults
[0.186s] Level 1:colcon.colcon_core.package_discovery:discover_packages(prefix_path) check parameters
[0.186s] Level 1:colcon.colcon_core.package_discovery:discover_packages(prefix_path) discover
[0.187s] DEBUG:colcon.colcon_installed_package_information.package_discovery:Found 1 installed packages in /home/vishal/ros2_ws/install
[0.187s] DEBUG:colcon.colcon_installed_package_information.package_discovery:Found 272 installed packages in /opt/ros/humble
[0.196s] Level 1:colcon.colcon_core.package_discovery:discover_packages(prefix_path) using defaults
[0.217s] Level 5:colcon.colcon_core.verb:set package 'Forklift_Firmware' build argument 'cmake_args' from command line to 'None'
[0.217s] Level 5:colcon.colcon_core.verb:set package 'Forklift_Firmware' build argument 'cmake_target' from command line to 'None'
[0.217s] Level 5:colcon.colcon_core.verb:set package 'Forklift_Firmware' build argument 'cmake_target_skip_unavailable' from command line to 'False'
[0.217s] Level 5:colcon.colcon_core.verb:set package 'Forklift_Firmware' build argument 'cmake_clean_cache' from command line to 'False'
[0.217s] Level 5:colcon.colcon_core.verb:set package 'Forklift_Firmware' build argument 'cmake_clean_first' from command line to 'False'
[0.217s] Level 5:colcon.colcon_core.verb:set package 'Forklift_Firmware' build argument 'cmake_force_configure' from command line to 'False'
[0.217s] Level 5:colcon.colcon_core.verb:set package 'Forklift_Firmware' build argument 'ament_cmake_args' from command line to 'None'
[0.218s] Level 5:colcon.colcon_core.verb:set package 'Forklift_Firmware' build argument 'catkin_cmake_args' from command line to 'None'
[0.218s] Level 5:colcon.colcon_core.verb:set package 'Forklift_Firmware' build argument 'catkin_skip_building_tests' from command line to 'False'
[0.218s] DEBUG:colcon.colcon_core.verb:Building package 'Forklift_Firmware' with the following arguments: {'ament_cmake_args': None, 'build_base': '/home/vishal/kdail/KDAIL-Forklift/ros2_ws/build/Forklift_Firmware', 'catkin_cmake_args': None, 'catkin_skip_building_tests': False, 'cmake_args': None, 'cmake_clean_cache': False, 'cmake_clean_first': False, 'cmake_force_configure': False, 'cmake_target': None, 'cmake_target_skip_unavailable': False, 'install_base': '/home/vishal/kdail/KDAIL-Forklift/ros2_ws/install/Forklift_Firmware', 'merge_install': False, 'path': '/home/vishal/kdail/KDAIL-Forklift/ros2_ws/src/Forklift_Firmware', 'symlink_install': False, 'test_result_base': None}
[0.218s] Level 5:colcon.colcon_core.verb:set package 'rplidar_ros' build argument 'cmake_args' from command line to 'None'
[0.218s] Level 5:colcon.colcon_core.verb:set package 'rplidar_ros' build argument 'cmake_target' from command line to 'None'
[0.218s] Level 5:colcon.colcon_core.verb:set package 'rplidar_ros' build argument 'cmake_target_skip_unavailable' from command line to 'False'
[0.218s] Level 5:colcon.colcon_core.verb:set package 'rplidar_ros' build argument 'cmake_clean_cache' from command line to 'False'
[0.218s] Level 5:colcon.colcon_core.verb:set package 'rplidar_ros' build argument 'cmake_clean_first' from command line to 'False'
[0.218s] Level 5:colcon.colcon_core.verb:set package 'rplidar_ros' build argument 'cmake_force_configure' from command line to 'False'
[0.218s] Level 5:colcon.colcon_core.verb:set package 'rplidar_ros' build argument 'ament_cmake_args' from command line to 'None'
[0.218s] Level 5:colcon.colcon_core.verb:set package 'rplidar_ros' build argument 'catkin_cmake_args' from command line to 'None'
[0.218s] Level 5:colcon.colcon_core.verb:set package 'rplidar_ros' build argument 'catkin_skip_building_tests' from command line to 'False'
[0.218s] DEBUG:colcon.colcon_core.verb:Building package 'rplidar_ros' with the following arguments: {'ament_cmake_args': None, 'build_base': '/home/vishal/kdail/KDAIL-Forklift/ros2_ws/build/rplidar_ros', 'catkin_cmake_args': None, 'catkin_skip_building_tests': False, 'cmake_args': None, 'cmake_clean_cache': False, 'cmake_clean_first': False, 'cmake_force_configure': False, 'cmake_target': None, 'cmake_target_skip_unavailable': False, 'install_base': '/home/vishal/kdail/KDAIL-Forklift/ros2_ws/install/rplidar_ros', 'merge_install': False, 'path': '/home/vishal/kdail/KDAIL-Forklift/ros2_ws/src/rplidar_ros', 'symlink_install': False, 'test_result_base': None}
[0.218s] INFO:colcon.colcon_core.executor:Executing jobs using 'parallel' executor
[0.219s] DEBUG:colcon.colcon_parallel_executor.executor.parallel:run_until_complete
[0.219s] INFO:colcon.colcon_ros.task.ament_cmake.build:Building ROS package in '/home/vishal/kdail/KDAIL-Forklift/ros2_ws/src/Forklift_Firmware' with build type 'ament_cmake'
[0.220s] INFO:colcon.colcon_cmake.task.cmake.build:Building CMake package in '/home/vishal/kdail/KDAIL-Forklift/ros2_ws/src/Forklift_Firmware'
[0.221s] INFO:colcon.colcon_core.plugin_system:Skipping extension 'colcon_core.shell.bat': Not used on non-Windows systems
[0.221s] INFO:colcon.colcon_core.shell:Skip shell extension 'powershell' for command environment: Not usable outside of PowerShell
[0.221s] DEBUG:colcon.colcon_core.shell:Skip shell extension 'dsv' for command environment
[0.223s] INFO:colcon.colcon_ros.task.ament_cmake.build:Building ROS package in '/home/vishal/kdail/KDAIL-Forklift/ros2_ws/src/rplidar_ros' with build type 'ament_cmake'
[0.223s] INFO:colcon.colcon_cmake.task.cmake.build:Building CMake package in '/home/vishal/kdail/KDAIL-Forklift/ros2_ws/src/rplidar_ros'
[0.223s] INFO:colcon.colcon_core.shell:Skip shell extension 'powershell' for command environment: Not usable outside of PowerShell
[0.223s] DEBUG:colcon.colcon_core.shell:Skip shell extension 'dsv' for command environment
[0.227s] DEBUG:colcon.colcon_core.event_handler.log_command:Invoking command in '/home/vishal/kdail/KDAIL-Forklift/ros2_ws/build/Forklift_Firmware': CMAKE_PREFIX_PATH=/home/vishal/ros2_ws/install/demo1:/opt/ros/humble /usr/bin/cmake /home/vishal/kdail/KDAIL-Forklift/ros2_ws/src/Forklift_Firmware -DCMAKE_INSTALL_PREFIX=/home/vishal/kdail/KDAIL-Forklift/ros2_ws/install/Forklift_Firmware
[0.232s] DEBUG:colcon.colcon_core.event_handler.log_command:Invoking command in '/home/vishal/kdail/KDAIL-Forklift/ros2_ws/build/rplidar_ros': CMAKE_PREFIX_PATH=/home/vishal/ros2_ws/install/demo1:/opt/ros/humble /usr/bin/cmake /home/vishal/kdail/KDAIL-Forklift/ros2_ws/src/rplidar_ros -DCMAKE_INSTALL_PREFIX=/home/vishal/kdail/KDAIL-Forklift/ros2_ws/install/rplidar_ros
[0.870s] DEBUG:colcon.colcon_core.event_handler.log_command:Invoked command in '/home/vishal/kdail/KDAIL-Forklift/ros2_ws/build/Forklift_Firmware' returned '0': CMAKE_PREFIX_PATH=/home/vishal/ros2_ws/install/demo1:/opt/ros/humble /usr/bin/cmake /home/vishal/kdail/KDAIL-Forklift/ros2_ws/src/Forklift_Firmware -DCMAKE_INSTALL_PREFIX=/home/vishal/kdail/KDAIL-Forklift/ros2_ws/install/Forklift_Firmware
[0.870s] DEBUG:colcon.colcon_core.event_handler.log_command:Invoking command in '/home/vishal/kdail/KDAIL-Forklift/ros2_ws/build/Forklift_Firmware': CMAKE_PREFIX_PATH=/home/vishal/ros2_ws/install/demo1:/opt/ros/humble /usr/bin/cmake --build /home/vishal/kdail/KDAIL-Forklift/ros2_ws/build/Forklift_Firmware -- -j12 -l12
[0.901s] DEBUG:colcon.colcon_core.event_handler.log_command:Invoked command in '/home/vishal/kdail/KDAIL-Forklift/ros2_ws/build/Forklift_Firmware' returned '0': CMAKE_PREFIX_PATH=/home/vishal/ros2_ws/install/demo1:/opt/ros/humble /usr/bin/cmake --build /home/vishal/kdail/KDAIL-Forklift/ros2_ws/build/Forklift_Firmware -- -j12 -l12
[0.907s] DEBUG:colcon.colcon_core.event_handler.log_command:Invoking command in '/home/vishal/kdail/KDAIL-Forklift/ros2_ws/build/Forklift_Firmware': CMAKE_PREFIX_PATH=/home/vishal/ros2_ws/install/demo1:/opt/ros/humble /usr/bin/cmake --install /home/vishal/kdail/KDAIL-Forklift/ros2_ws/build/Forklift_Firmware
[0.917s] Level 1:colcon.colcon_core.environment:create_environment_scripts_only(Forklift_Firmware)
[0.917s] DEBUG:colcon.colcon_core.event_handler.log_command:Invoked command in '/home/vishal/kdail/KDAIL-Forklift/ros2_ws/build/Forklift_Firmware' returned '0': CMAKE_PREFIX_PATH=/home/vishal/ros2_ws/install/demo1:/opt/ros/humble /usr/bin/cmake --install /home/vishal/kdail/KDAIL-Forklift/ros2_ws/build/Forklift_Firmware
[0.919s] Level 1:colcon.colcon_core.environment:checking '/home/vishal/kdail/KDAIL-Forklift/ros2_ws/install/Forklift_Firmware' for CMake module files
[0.919s] Level 1:colcon.colcon_core.environment:checking '/home/vishal/kdail/KDAIL-Forklift/ros2_ws/install/Forklift_Firmware' for CMake config files
[0.920s] Level 1:colcon.colcon_core.shell:create_environment_hook('Forklift_Firmware', 'cmake_prefix_path')
[0.920s] INFO:colcon.colcon_core.shell:Creating environment hook '/home/vishal/kdail/KDAIL-Forklift/ros2_ws/install/Forklift_Firmware/share/Forklift_Firmware/hook/cmake_prefix_path.ps1'
[0.920s] INFO:colcon.colcon_core.shell:Creating environment descriptor '/home/vishal/kdail/KDAIL-Forklift/ros2_ws/install/Forklift_Firmware/share/Forklift_Firmware/hook/cmake_prefix_path.dsv'
[0.920s] INFO:colcon.colcon_core.shell:Creating environment hook '/home/vishal/kdail/KDAIL-Forklift/ros2_ws/install/Forklift_Firmware/share/Forklift_Firmware/hook/cmake_prefix_path.sh'
[0.921s] Level 1:colcon.colcon_core.environment:checking '/home/vishal/kdail/KDAIL-Forklift/ros2_ws/install/Forklift_Firmware/lib'
[0.921s] Level 1:colcon.colcon_core.environment:checking '/home/vishal/kdail/KDAIL-Forklift/ros2_ws/install/Forklift_Firmware/bin'
[0.921s] Level 1:colcon.colcon_core.environment:checking '/home/vishal/kdail/KDAIL-Forklift/ros2_ws/install/Forklift_Firmware/lib/pkgconfig/Forklift_Firmware.pc'
[0.921s] Level 1:colcon.colcon_core.environment:checking '/home/vishal/kdail/KDAIL-Forklift/ros2_ws/install/Forklift_Firmware/lib/python3.10/site-packages'
[0.921s] Level 1:colcon.colcon_core.environment:checking '/home/vishal/kdail/KDAIL-Forklift/ros2_ws/install/Forklift_Firmware/bin'
[0.922s] INFO:colcon.colcon_core.shell:Creating package script '/home/vishal/kdail/KDAIL-Forklift/ros2_ws/install/Forklift_Firmware/share/Forklift_Firmware/package.ps1'
[0.922s] INFO:colcon.colcon_core.shell:Creating package descriptor '/home/vishal/kdail/KDAIL-Forklift/ros2_ws/install/Forklift_Firmware/share/Forklift_Firmware/package.dsv'
[0.923s] INFO:colcon.colcon_core.shell:Creating package script '/home/vishal/kdail/KDAIL-Forklift/ros2_ws/install/Forklift_Firmware/share/Forklift_Firmware/package.sh'
[0.923s] INFO:colcon.colcon_core.shell:Creating package script '/home/vishal/kdail/KDAIL-Forklift/ros2_ws/install/Forklift_Firmware/share/Forklift_Firmware/package.bash'
[0.923s] INFO:colcon.colcon_core.shell:Creating package script '/home/vishal/kdail/KDAIL-Forklift/ros2_ws/install/Forklift_Firmware/share/Forklift_Firmware/package.zsh'
[0.924s] Level 1:colcon.colcon_core.environment:create_file_with_runtime_dependencies(/home/vishal/kdail/KDAIL-Forklift/ros2_ws/install/Forklift_Firmware/share/colcon-core/packages/Forklift_Firmware)
[0.924s] Level 1:colcon.colcon_core.environment:create_environment_scripts_only(Forklift_Firmware)
[0.924s] Level 1:colcon.colcon_core.environment:checking '/home/vishal/kdail/KDAIL-Forklift/ros2_ws/install/Forklift_Firmware' for CMake module files
[0.925s] Level 1:colcon.colcon_core.environment:checking '/home/vishal/kdail/KDAIL-Forklift/ros2_ws/install/Forklift_Firmware' for CMake config files
[0.925s] Level 1:colcon.colcon_core.shell:create_environment_hook('Forklift_Firmware', 'cmake_prefix_path')
[0.925s] INFO:colcon.colcon_core.shell:Creating environment hook '/home/vishal/kdail/KDAIL-Forklift/ros2_ws/install/Forklift_Firmware/share/Forklift_Firmware/hook/cmake_prefix_path.ps1'
[0.925s] INFO:colcon.colcon_core.shell:Creating environment descriptor '/home/vishal/kdail/KDAIL-Forklift/ros2_ws/install/Forklift_Firmware/share/Forklift_Firmware/hook/cmake_prefix_path.dsv'
[0.926s] INFO:colcon.colcon_core.shell:Creating environment hook '/home/vishal/kdail/KDAIL-Forklift/ros2_ws/install/Forklift_Firmware/share/Forklift_Firmware/hook/cmake_prefix_path.sh'
[0.926s] Level 1:colcon.colcon_core.environment:checking '/home/vishal/kdail/KDAIL-Forklift/ros2_ws/install/Forklift_Firmware/lib'
[0.926s] Level 1:colcon.colcon_core.environment:checking '/home/vishal/kdail/KDAIL-Forklift/ros2_ws/install/Forklift_Firmware/bin'
[0.926s] Level 1:colcon.colcon_core.environment:checking '/home/vishal/kdail/KDAIL-Forklift/ros2_ws/install/Forklift_Firmware/lib/pkgconfig/Forklift_Firmware.pc'
[0.926s] Level 1:colcon.colcon_core.environment:checking '/home/vishal/kdail/KDAIL-Forklift/ros2_ws/install/Forklift_Firmware/lib/python3.10/site-packages'
[0.926s] Level 1:colcon.colcon_core.environment:checking '/home/vishal/kdail/KDAIL-Forklift/ros2_ws/install/Forklift_Firmware/bin'
[0.926s] INFO:colcon.colcon_core.shell:Creating package script '/home/vishal/kdail/KDAIL-Forklift/ros2_ws/install/Forklift_Firmware/share/Forklift_Firmware/package.ps1'
[0.927s] INFO:colcon.colcon_core.shell:Creating package descriptor '/home/vishal/kdail/KDAIL-Forklift/ros2_ws/install/Forklift_Firmware/share/Forklift_Firmware/package.dsv'
[0.927s] INFO:colcon.colcon_core.shell:Creating package script '/home/vishal/kdail/KDAIL-Forklift/ros2_ws/install/Forklift_Firmware/share/Forklift_Firmware/package.sh'
[0.927s] INFO:colcon.colcon_core.shell:Creating package script '/home/vishal/kdail/KDAIL-Forklift/ros2_ws/install/Forklift_Firmware/share/Forklift_Firmware/package.bash'
[0.927s] INFO:colcon.colcon_core.shell:Creating package script '/home/vishal/kdail/KDAIL-Forklift/ros2_ws/install/Forklift_Firmware/share/Forklift_Firmware/package.zsh'
[0.928s] Level 1:colcon.colcon_core.environment:create_file_with_runtime_dependencies(/home/vishal/kdail/KDAIL-Forklift/ros2_ws/install/Forklift_Firmware/share/colcon-core/packages/Forklift_Firmware)
[1.264s] DEBUG:colcon.colcon_core.event_handler.log_command:Invoked command in '/home/vishal/kdail/KDAIL-Forklift/ros2_ws/build/rplidar_ros' returned '0': CMAKE_PREFIX_PATH=/home/vishal/ros2_ws/install/demo1:/opt/ros/humble /usr/bin/cmake /home/vishal/kdail/KDAIL-Forklift/ros2_ws/src/rplidar_ros -DCMAKE_INSTALL_PREFIX=/home/vishal/kdail/KDAIL-Forklift/ros2_ws/install/rplidar_ros
[1.265s] DEBUG:colcon.colcon_core.event_handler.log_command:Invoking command in '/home/vishal/kdail/KDAIL-Forklift/ros2_ws/build/rplidar_ros': CMAKE_PREFIX_PATH=/home/vishal/ros2_ws/install/demo1:/opt/ros/humble /usr/bin/cmake --build /home/vishal/kdail/KDAIL-Forklift/ros2_ws/build/rplidar_ros -- -j12 -l12
[7.407s] DEBUG:colcon.colcon_core.event_handler.log_command:Invoked command in '/home/vishal/kdail/KDAIL-Forklift/ros2_ws/build/rplidar_ros' returned '0': CMAKE_PREFIX_PATH=/home/vishal/ros2_ws/install/demo1:/opt/ros/humble /usr/bin/cmake --build /home/vishal/kdail/KDAIL-Forklift/ros2_ws/build/rplidar_ros -- -j12 -l12
[7.408s] DEBUG:colcon.colcon_core.event_handler.log_command:Invoking command in '/home/vishal/kdail/KDAIL-Forklift/ros2_ws/build/rplidar_ros': CMAKE_PREFIX_PATH=/home/vishal/ros2_ws/install/demo1:/opt/ros/humble /usr/bin/cmake --install /home/vishal/kdail/KDAIL-Forklift/ros2_ws/build/rplidar_ros
[7.422s] Level 1:colcon.colcon_core.environment:create_environment_scripts_only(rplidar_ros)
[7.423s] Level 1:colcon.colcon_core.environment:checking '/home/vishal/kdail/KDAIL-Forklift/ros2_ws/install/rplidar_ros' for CMake module files
[7.423s] DEBUG:colcon.colcon_core.event_handler.log_command:Invoked command in '/home/vishal/kdail/KDAIL-Forklift/ros2_ws/build/rplidar_ros' returned '0': CMAKE_PREFIX_PATH=/home/vishal/ros2_ws/install/demo1:/opt/ros/humble /usr/bin/cmake --install /home/vishal/kdail/KDAIL-Forklift/ros2_ws/build/rplidar_ros
[7.423s] Level 1:colcon.colcon_core.environment:checking '/home/vishal/kdail/KDAIL-Forklift/ros2_ws/install/rplidar_ros' for CMake config files
[7.423s] Level 1:colcon.colcon_core.shell:create_environment_hook('rplidar_ros', 'cmake_prefix_path')
[7.424s] INFO:colcon.colcon_core.shell:Creating environment hook '/home/vishal/kdail/KDAIL-Forklift/ros2_ws/install/rplidar_ros/share/rplidar_ros/hook/cmake_prefix_path.ps1'
[7.424s] INFO:colcon.colcon_core.shell:Creating environment descriptor '/home/vishal/kdail/KDAIL-Forklift/ros2_ws/install/rplidar_ros/share/rplidar_ros/hook/cmake_prefix_path.dsv'
[7.424s] INFO:colcon.colcon_core.shell:Creating environment hook '/home/vishal/kdail/KDAIL-Forklift/ros2_ws/install/rplidar_ros/share/rplidar_ros/hook/cmake_prefix_path.sh'
[7.424s] Level 1:colcon.colcon_core.environment:checking '/home/vishal/kdail/KDAIL-Forklift/ros2_ws/install/rplidar_ros/lib'
[7.424s] Level 1:colcon.colcon_core.shell:create_environment_hook('rplidar_ros', 'ld_library_path_lib')
[7.425s] INFO:colcon.colcon_core.shell:Creating environment hook '/home/vishal/kdail/KDAIL-Forklift/ros2_ws/install/rplidar_ros/share/rplidar_ros/hook/ld_library_path_lib.ps1'
[7.425s] INFO:colcon.colcon_core.shell:Creating environment descriptor '/home/vishal/kdail/KDAIL-Forklift/ros2_ws/install/rplidar_ros/share/rplidar_ros/hook/ld_library_path_lib.dsv'
[7.425s] INFO:colcon.colcon_core.shell:Creating environment hook '/home/vishal/kdail/KDAIL-Forklift/ros2_ws/install/rplidar_ros/share/rplidar_ros/hook/ld_library_path_lib.sh'
[7.425s] Level 1:colcon.colcon_core.environment:checking '/home/vishal/kdail/KDAIL-Forklift/ros2_ws/install/rplidar_ros/bin'
[7.425s] Level 1:colcon.colcon_core.environment:checking '/home/vishal/kdail/KDAIL-Forklift/ros2_ws/install/rplidar_ros/lib/pkgconfig/rplidar_ros.pc'
[7.425s] Level 1:colcon.colcon_core.environment:checking '/home/vishal/kdail/KDAIL-Forklift/ros2_ws/install/rplidar_ros/lib/python3.10/site-packages'
[7.425s] Level 1:colcon.colcon_core.environment:checking '/home/vishal/kdail/KDAIL-Forklift/ros2_ws/install/rplidar_ros/bin'
[7.426s] INFO:colcon.colcon_core.shell:Creating package script '/home/vishal/kdail/KDAIL-Forklift/ros2_ws/install/rplidar_ros/share/rplidar_ros/package.ps1'
[7.426s] INFO:colcon.colcon_core.shell:Creating package descriptor '/home/vishal/kdail/KDAIL-Forklift/ros2_ws/install/rplidar_ros/share/rplidar_ros/package.dsv'
[7.426s] INFO:colcon.colcon_core.shell:Creating package script '/home/vishal/kdail/KDAIL-Forklift/ros2_ws/install/rplidar_ros/share/rplidar_ros/package.sh'
[7.426s] INFO:colcon.colcon_core.shell:Creating package script '/home/vishal/kdail/KDAIL-Forklift/ros2_ws/install/rplidar_ros/share/rplidar_ros/package.bash'
[7.427s] INFO:colcon.colcon_core.shell:Creating package script '/home/vishal/kdail/KDAIL-Forklift/ros2_ws/install/rplidar_ros/share/rplidar_ros/package.zsh'
[7.427s] Level 1:colcon.colcon_core.environment:create_file_with_runtime_dependencies(/home/vishal/kdail/KDAIL-Forklift/ros2_ws/install/rplidar_ros/share/colcon-core/packages/rplidar_ros)
[7.427s] Level 1:colcon.colcon_core.environment:create_environment_scripts_only(rplidar_ros)
[7.427s] Level 1:colcon.colcon_core.environment:checking '/home/vishal/kdail/KDAIL-Forklift/ros2_ws/install/rplidar_ros' for CMake module files
[7.428s] Level 1:colcon.colcon_core.environment:checking '/home/vishal/kdail/KDAIL-Forklift/ros2_ws/install/rplidar_ros' for CMake config files
[7.428s] Level 1:colcon.colcon_core.shell:create_environment_hook('rplidar_ros', 'cmake_prefix_path')
[7.428s] INFO:colcon.colcon_core.shell:Creating environment hook '/home/vishal/kdail/KDAIL-Forklift/ros2_ws/install/rplidar_ros/share/rplidar_ros/hook/cmake_prefix_path.ps1'
[7.428s] INFO:colcon.colcon_core.shell:Creating environment descriptor '/home/vishal/kdail/KDAIL-Forklift/ros2_ws/install/rplidar_ros/share/rplidar_ros/hook/cmake_prefix_path.dsv'
[7.429s] INFO:colcon.colcon_core.shell:Creating environment hook '/home/vishal/kdail/KDAIL-Forklift/ros2_ws/install/rplidar_ros/share/rplidar_ros/hook/cmake_prefix_path.sh'
[7.429s] Level 1:colcon.colcon_core.environment:checking '/home/vishal/kdail/KDAIL-Forklift/ros2_ws/install/rplidar_ros/lib'
[7.429s] Level 1:colcon.colcon_core.shell:create_environment_hook('rplidar_ros', 'ld_library_path_lib')
[7.429s] INFO:colcon.colcon_core.shell:Creating environment hook '/home/vishal/kdail/KDAIL-Forklift/ros2_ws/install/rplidar_ros/share/rplidar_ros/hook/ld_library_path_lib.ps1'
[7.429s] INFO:colcon.colcon_core.shell:Creating environment descriptor '/home/vishal/kdail/KDAIL-Forklift/ros2_ws/install/rplidar_ros/share/rplidar_ros/hook/ld_library_path_lib.dsv'
[7.430s] INFO:colcon.colcon_core.shell:Creating environment hook '/home/vishal/kdail/KDAIL-Forklift/ros2_ws/install/rplidar_ros/share/rplidar_ros/hook/ld_library_path_lib.sh'
[7.430s] Level 1:colcon.colcon_core.environment:checking '/home/vishal/kdail/KDAIL-Forklift/ros2_ws/install/rplidar_ros/bin'
[7.430s] Level 1:colcon.colcon_core.environment:checking '/home/vishal/kdail/KDAIL-Forklift/ros2_ws/install/rplidar_ros/lib/pkgconfig/rplidar_ros.pc'
[7.430s] Level 1:colcon.colcon_core.environment:checking '/home/vishal/kdail/KDAIL-Forklift/ros2_ws/install/rplidar_ros/lib/python3.10/site-packages'
[7.430s] Level 1:colcon.colcon_core.environment:checking '/home/vishal/kdail/KDAIL-Forklift/ros2_ws/install/rplidar_ros/bin'
[7.430s] INFO:colcon.colcon_core.shell:Creating package script '/home/vishal/kdail/KDAIL-Forklift/ros2_ws/install/rplidar_ros/share/rplidar_ros/package.ps1'
[7.431s] INFO:colcon.colcon_core.shell:Creating package descriptor '/home/vishal/kdail/KDAIL-Forklift/ros2_ws/install/rplidar_ros/share/rplidar_ros/package.dsv'
[7.431s] INFO:colcon.colcon_core.shell:Creating package script '/home/vishal/kdail/KDAIL-Forklift/ros2_ws/install/rplidar_ros/share/rplidar_ros/package.sh'
[7.431s] INFO:colcon.colcon_core.shell:Creating package script '/home/vishal/kdail/KDAIL-Forklift/ros2_ws/install/rplidar_ros/share/rplidar_ros/package.bash'
[7.431s] INFO:colcon.colcon_core.shell:Creating package script '/home/vishal/kdail/KDAIL-Forklift/ros2_ws/install/rplidar_ros/share/rplidar_ros/package.zsh'
[7.432s] Level 1:colcon.colcon_core.environment:create_file_with_runtime_dependencies(/home/vishal/kdail/KDAIL-Forklift/ros2_ws/install/rplidar_ros/share/colcon-core/packages/rplidar_ros)
[7.432s] DEBUG:colcon.colcon_parallel_executor.executor.parallel:closing loop
[7.432s] DEBUG:colcon.colcon_parallel_executor.executor.parallel:loop closed
[7.432s] DEBUG:colcon.colcon_parallel_executor.executor.parallel:run_until_complete finished with '0'
[7.432s] DEBUG:colcon.colcon_core.event_reactor:joining thread
[7.436s] INFO:colcon.colcon_core.plugin_system:Skipping extension 'colcon_notification.desktop_notification.terminal_notifier': Not used on non-Darwin systems
[7.436s] INFO:colcon.colcon_core.plugin_system:Skipping extension 'colcon_notification.desktop_notification.win32': Not used on non-Windows systems
[7.436s] INFO:colcon.colcon_notification.desktop_notification:Sending desktop notification using 'notify2'
[7.447s] DEBUG:colcon.colcon_core.event_reactor:joined thread
[7.447s] INFO:colcon.colcon_core.shell:Creating prefix script '/home/vishal/kdail/KDAIL-Forklift/ros2_ws/install/local_setup.ps1'
[7.448s] INFO:colcon.colcon_core.shell:Creating prefix util module '/home/vishal/kdail/KDAIL-Forklift/ros2_ws/install/_local_setup_util_ps1.py'
[7.448s] INFO:colcon.colcon_core.shell:Creating prefix chain script '/home/vishal/kdail/KDAIL-Forklift/ros2_ws/install/setup.ps1'
[7.449s] INFO:colcon.colcon_core.shell:Creating prefix script '/home/vishal/kdail/KDAIL-Forklift/ros2_ws/install/local_setup.sh'
[7.449s] INFO:colcon.colcon_core.shell:Creating prefix util module '/home/vishal/kdail/KDAIL-Forklift/ros2_ws/install/_local_setup_util_sh.py'
[7.450s] INFO:colcon.colcon_core.shell:Creating prefix chain script '/home/vishal/kdail/KDAIL-Forklift/ros2_ws/install/setup.sh'
[7.450s] INFO:colcon.colcon_core.shell:Creating prefix script '/home/vishal/kdail/KDAIL-Forklift/ros2_ws/install/local_setup.bash'
[7.451s] INFO:colcon.colcon_core.shell:Creating prefix chain script '/home/vishal/kdail/KDAIL-Forklift/ros2_ws/install/setup.bash'
[7.451s] INFO:colcon.colcon_core.shell:Creating prefix script '/home/vishal/kdail/KDAIL-Forklift/ros2_ws/install/local_setup.zsh'
[7.451s] INFO:colcon.colcon_core.shell:Creating prefix chain script '/home/vishal/kdail/KDAIL-Forklift/ros2_ws/install/setup.zsh'
