[0.024s] Invoking command in '/home/raze/KDAIL-Forklift/SLAM/ros2_ws/build/rplidar_ros': CMAKE_PREFIX_PATH=/opt/ros/humble /usr/bin/cmake --build /home/raze/KDAIL-Forklift/SLAM/ros2_ws/build/rplidar_ros -- -j4 -l4
[0.095s] [ 77%] Built target rplidar_composition_node
[0.137s] [100%] Built target rplidar_composition
[0.151s] Invoked command in '/home/raze/KDAIL-Forklift/SLAM/ros2_ws/build/rplidar_ros' returned '0': CMAKE_PREFIX_PATH=/opt/ros/humble /usr/bin/cmake --build /home/raze/KDAIL-Forklift/SLAM/ros2_ws/build/rplidar_ros -- -j4 -l4
[0.162s] Invoking command in '/home/raze/KDAIL-Forklift/SLAM/ros2_ws/build/rplidar_ros': CMAKE_PREFIX_PATH=/opt/ros/humble /usr/bin/cmake --install /home/raze/KDAIL-Forklift/SLAM/ros2_ws/build/rplidar_ros
[0.168s] -- Install configuration: ""
[0.169s] -- Up-to-date: /home/raze/KDAIL-Forklift/SLAM/ros2_ws/install/rplidar_ros/lib/rplidar_ros/rplidar_composition
[0.169s] -- Up-to-date: /home/raze/KDAIL-Forklift/SLAM/ros2_ws/install/rplidar_ros/share/rplidar_ros/launch
[0.169s] -- Up-to-date: /home/raze/KDAIL-Forklift/SLAM/ros2_ws/install/rplidar_ros/share/rplidar_ros/launch/test_rplidar_a3.launch.py
[0.170s] -- Up-to-date: /home/raze/KDAIL-Forklift/SLAM/ros2_ws/install/rplidar_ros/share/rplidar_ros/launch/view_rplidar_a3.launch.py
[0.170s] -- Up-to-date: /home/raze/KDAIL-Forklift/SLAM/ros2_ws/install/rplidar_ros/share/rplidar_ros/launch/rplidar_s1_tcp.launch.py
[0.170s] -- Up-to-date: /home/raze/KDAIL-Forklift/SLAM/ros2_ws/install/rplidar_ros/share/rplidar_ros/launch/view_rplidar.launch.py
[0.170s] -- Up-to-date: /home/raze/KDAIL-Forklift/SLAM/ros2_ws/install/rplidar_ros/share/rplidar_ros/launch/rplidar.launch.py
[0.170s] -- Up-to-date: /home/raze/KDAIL-Forklift/SLAM/ros2_ws/install/rplidar_ros/share/rplidar_ros/launch/view_rplidar_s1_tcp.launch.py
[0.171s] -- Up-to-date: /home/raze/KDAIL-Forklift/SLAM/ros2_ws/install/rplidar_ros/share/rplidar_ros/launch/rplidar_s1.launch.py
[0.171s] -- Up-to-date: /home/raze/KDAIL-Forklift/SLAM/ros2_ws/install/rplidar_ros/share/rplidar_ros/launch/view_rplidar_s1.launch.py
[0.171s] -- Up-to-date: /home/raze/KDAIL-Forklift/SLAM/ros2_ws/install/rplidar_ros/share/rplidar_ros/launch/rplidar_a3.launch.py
[0.171s] -- Up-to-date: /home/raze/KDAIL-Forklift/SLAM/ros2_ws/install/rplidar_ros/share/rplidar_ros/rviz
[0.171s] -- Up-to-date: /home/raze/KDAIL-Forklift/SLAM/ros2_ws/install/rplidar_ros/share/rplidar_ros/rviz/rplidar.rviz
[0.172s] -- Up-to-date: /home/raze/KDAIL-Forklift/SLAM/ros2_ws/install/rplidar_ros/lib/rplidar_ros/data.py
[0.172s] -- Up-to-date: /home/raze/KDAIL-Forklift/SLAM/ros2_ws/install/rplidar_ros/lib/librplidar_composition_node.so
[0.172s] -- Up-to-date: /home/raze/KDAIL-Forklift/SLAM/ros2_ws/install/rplidar_ros/include
[0.172s] -- Up-to-date: /home/raze/KDAIL-Forklift/SLAM/ros2_ws/install/rplidar_ros/include/visibility.h
[0.172s] -- Up-to-date: /home/raze/KDAIL-Forklift/SLAM/ros2_ws/install/rplidar_ros/include/rplidar_node.hpp
[0.173s] -- Up-to-date: /home/raze/KDAIL-Forklift/SLAM/ros2_ws/install/rplidar_ros/lib/rplidar_ros/rplidar_composition
[0.173s] -- Up-to-date: /home/raze/KDAIL-Forklift/SLAM/ros2_ws/install/rplidar_ros/share/ament_index/resource_index/package_run_dependencies/rplidar_ros
[0.173s] -- Up-to-date: /home/raze/KDAIL-Forklift/SLAM/ros2_ws/install/rplidar_ros/share/ament_index/resource_index/parent_prefix_path/rplidar_ros
[0.173s] -- Up-to-date: /home/raze/KDAIL-Forklift/SLAM/ros2_ws/install/rplidar_ros/share/rplidar_ros/environment/ament_prefix_path.sh
[0.174s] -- Up-to-date: /home/raze/KDAIL-Forklift/SLAM/ros2_ws/install/rplidar_ros/share/rplidar_ros/environment/ament_prefix_path.dsv
[0.174s] -- Up-to-date: /home/raze/KDAIL-Forklift/SLAM/ros2_ws/install/rplidar_ros/share/rplidar_ros/environment/path.sh
[0.174s] -- Up-to-date: /home/raze/KDAIL-Forklift/SLAM/ros2_ws/install/rplidar_ros/share/rplidar_ros/environment/path.dsv
[0.174s] -- Up-to-date: /home/raze/KDAIL-Forklift/SLAM/ros2_ws/install/rplidar_ros/share/rplidar_ros/local_setup.bash
[0.174s] -- Up-to-date: /home/raze/KDAIL-Forklift/SLAM/ros2_ws/install/rplidar_ros/share/rplidar_ros/local_setup.sh
[0.174s] -- Up-to-date: /home/raze/KDAIL-Forklift/SLAM/ros2_ws/install/rplidar_ros/share/rplidar_ros/local_setup.zsh
[0.175s] -- Up-to-date: /home/raze/KDAIL-Forklift/SLAM/ros2_ws/install/rplidar_ros/share/rplidar_ros/local_setup.dsv
[0.175s] -- Installing: /home/raze/KDAIL-Forklift/SLAM/ros2_ws/install/rplidar_ros/share/rplidar_ros/package.dsv
[0.175s] -- Up-to-date: /home/raze/KDAIL-Forklift/SLAM/ros2_ws/install/rplidar_ros/share/ament_index/resource_index/packages/rplidar_ros
[0.175s] -- Up-to-date: /home/raze/KDAIL-Forklift/SLAM/ros2_ws/install/rplidar_ros/share/ament_index/resource_index/rclcpp_components/rplidar_ros
[0.176s] -- Up-to-date: /home/raze/KDAIL-Forklift/SLAM/ros2_ws/install/rplidar_ros/share/rplidar_ros/cmake/ament_cmake_export_dependencies-extras.cmake
[0.176s] -- Up-to-date: /home/raze/KDAIL-Forklift/SLAM/ros2_ws/install/rplidar_ros/share/rplidar_ros/cmake/ament_cmake_export_include_directories-extras.cmake
[0.176s] -- Up-to-date: /home/raze/KDAIL-Forklift/SLAM/ros2_ws/install/rplidar_ros/share/rplidar_ros/cmake/rplidar_rosConfig.cmake
[0.176s] -- Up-to-date: /home/raze/KDAIL-Forklift/SLAM/ros2_ws/install/rplidar_ros/share/rplidar_ros/cmake/rplidar_rosConfig-version.cmake
[0.176s] -- Up-to-date: /home/raze/KDAIL-Forklift/SLAM/ros2_ws/install/rplidar_ros/share/rplidar_ros/package.xml
[0.180s] Invoked command in '/home/raze/KDAIL-Forklift/SLAM/ros2_ws/build/rplidar_ros' returned '0': CMAKE_PREFIX_PATH=/opt/ros/humble /usr/bin/cmake --install /home/raze/KDAIL-Forklift/SLAM/ros2_ws/build/rplidar_ros
