[0.110s] Invoking command in '/home/KDAIL-Rpi/KDAIL-Forklift/ros2_ws/build/rplidar_ros': CMAKE_PREFIX_PATH=/opt/ros/humble /usr/bin/cmake --build /home/KDAIL-Rpi/KDAIL-Forklift/ros2_ws/build/rplidar_ros -- -j4 -l4
[0.932s] [ 77%] Built target rplidar_composition_node
[1.058s] [100%] Built target rplidar_composition
[1.096s] Invoked command in '/home/KDAIL-Rpi/KDAIL-Forklift/ros2_ws/build/rplidar_ros' returned '0': CMAKE_PREFIX_PATH=/opt/ros/humble /usr/bin/cmake --build /home/KDAIL-Rpi/KDAIL-Forklift/ros2_ws/build/rplidar_ros -- -j4 -l4
[1.138s] Invoking command in '/home/KDAIL-Rpi/KDAIL-Forklift/ros2_ws/build/rplidar_ros': CMAKE_PREFIX_PATH=/opt/ros/humble /usr/bin/cmake --install /home/KDAIL-Rpi/KDAIL-Forklift/ros2_ws/build/rplidar_ros
[1.170s] -- Install configuration: ""
[1.173s] -- Up-to-date: /home/KDAIL-Rpi/KDAIL-Forklift/ros2_ws/install/rplidar_ros/lib/rplidar_ros
[1.175s] -- Up-to-date: /home/KDAIL-Rpi/KDAIL-Forklift/ros2_ws/install/rplidar_ros/lib/rplidar_ros/static_slam.py
[1.175s] -- Up-to-date: /home/KDAIL-Rpi/KDAIL-Forklift/ros2_ws/install/rplidar_ros/lib/rplidar_ros/save_map.py
[1.176s] -- Up-to-date: /home/KDAIL-Rpi/KDAIL-Forklift/ros2_ws/install/rplidar_ros/lib/rplidar_ros/run_slam_and_save.sh
[1.176s] -- Up-to-date: /home/KDAIL-Rpi/KDAIL-Forklift/ros2_ws/install/rplidar_ros/lib/rplidar_ros/data.py
[1.177s] -- Up-to-date: /home/KDAIL-Rpi/KDAIL-Forklift/ros2_ws/install/rplidar_ros/lib/rplidar_ros/create_udev_rules.sh
[1.177s] -- Up-to-date: /home/KDAIL-Rpi/KDAIL-Forklift/ros2_ws/install/rplidar_ros/lib/rplidar_ros/delete_udev_rules.sh
[1.178s] -- Up-to-date: /home/KDAIL-Rpi/KDAIL-Forklift/ros2_ws/install/rplidar_ros/lib/rplidar_ros/rplidar.rules
[1.178s] -- Up-to-date: /home/KDAIL-Rpi/KDAIL-Forklift/ros2_ws/install/rplidar_ros/lib/rplidar_ros/view_map.py
[1.181s] -- Up-to-date: /home/KDAIL-Rpi/KDAIL-Forklift/ros2_ws/install/rplidar_ros/lib/rplidar_ros/rplidar_composition
[1.184s] -- Up-to-date: /home/KDAIL-Rpi/KDAIL-Forklift/ros2_ws/install/rplidar_ros/share/rplidar_ros/launch
[1.185s] -- Up-to-date: /home/KDAIL-Rpi/KDAIL-Forklift/ros2_ws/install/rplidar_ros/share/rplidar_ros/launch/view_rplidar_s1_tcp.launch.py
[1.186s] -- Up-to-date: /home/KDAIL-Rpi/KDAIL-Forklift/ros2_ws/install/rplidar_ros/share/rplidar_ros/launch/rplidar_s1_tcp.launch.py
[1.186s] -- Up-to-date: /home/KDAIL-Rpi/KDAIL-Forklift/ros2_ws/install/rplidar_ros/share/rplidar_ros/launch/view_rplidar_s1.launch.py
[1.187s] -- Up-to-date: /home/KDAIL-Rpi/KDAIL-Forklift/ros2_ws/install/rplidar_ros/share/rplidar_ros/launch/rplidar_a3.launch.py
[1.187s] -- Up-to-date: /home/KDAIL-Rpi/KDAIL-Forklift/ros2_ws/install/rplidar_ros/share/rplidar_ros/launch/view_rplidar.launch.py
[1.188s] -- Up-to-date: /home/KDAIL-Rpi/KDAIL-Forklift/ros2_ws/install/rplidar_ros/share/rplidar_ros/launch/rplidar_s1.launch.py
[1.188s] -- Up-to-date: /home/KDAIL-Rpi/KDAIL-Forklift/ros2_ws/install/rplidar_ros/share/rplidar_ros/launch/view_rplidar_a3.launch.py
[1.188s] -- Up-to-date: /home/KDAIL-Rpi/KDAIL-Forklift/ros2_ws/install/rplidar_ros/share/rplidar_ros/launch/static_slam.launch.py
[1.189s] -- Up-to-date: /home/KDAIL-Rpi/KDAIL-Forklift/ros2_ws/install/rplidar_ros/share/rplidar_ros/launch/test_rplidar_a3.launch.py
[1.189s] -- Up-to-date: /home/KDAIL-Rpi/KDAIL-Forklift/ros2_ws/install/rplidar_ros/share/rplidar_ros/launch/rplidar.launch.py
[1.189s] -- Up-to-date: /home/KDAIL-Rpi/KDAIL-Forklift/ros2_ws/install/rplidar_ros/share/rplidar_ros/rviz
[1.190s] -- Up-to-date: /home/KDAIL-Rpi/KDAIL-Forklift/ros2_ws/install/rplidar_ros/share/rplidar_ros/rviz/slam.rviz
[1.190s] -- Up-to-date: /home/KDAIL-Rpi/KDAIL-Forklift/ros2_ws/install/rplidar_ros/share/rplidar_ros/rviz/rplidar.rviz
[1.194s] -- Up-to-date: /home/KDAIL-Rpi/KDAIL-Forklift/ros2_ws/install/rplidar_ros/lib/librplidar_composition_node.so
[1.196s] -- Up-to-date: /home/KDAIL-Rpi/KDAIL-Forklift/ros2_ws/install/rplidar_ros/include
[1.197s] -- Up-to-date: /home/KDAIL-Rpi/KDAIL-Forklift/ros2_ws/install/rplidar_ros/include/visibility.h
[1.197s] -- Up-to-date: /home/KDAIL-Rpi/KDAIL-Forklift/ros2_ws/install/rplidar_ros/include/rplidar_node.hpp
[1.199s] -- Up-to-date: /home/KDAIL-Rpi/KDAIL-Forklift/ros2_ws/install/rplidar_ros/lib/rplidar_ros/rplidar_composition
[1.202s] -- Up-to-date: /home/KDAIL-Rpi/KDAIL-Forklift/ros2_ws/install/rplidar_ros/share/ament_index/resource_index/package_run_dependencies/rplidar_ros
[1.203s] -- Up-to-date: /home/KDAIL-Rpi/KDAIL-Forklift/ros2_ws/install/rplidar_ros/share/ament_index/resource_index/parent_prefix_path/rplidar_ros
[1.204s] -- Up-to-date: /home/KDAIL-Rpi/KDAIL-Forklift/ros2_ws/install/rplidar_ros/share/rplidar_ros/environment/ament_prefix_path.sh
[1.205s] -- Up-to-date: /home/KDAIL-Rpi/KDAIL-Forklift/ros2_ws/install/rplidar_ros/share/rplidar_ros/environment/ament_prefix_path.dsv
[1.205s] -- Up-to-date: /home/KDAIL-Rpi/KDAIL-Forklift/ros2_ws/install/rplidar_ros/share/rplidar_ros/environment/path.sh
[1.206s] -- Up-to-date: /home/KDAIL-Rpi/KDAIL-Forklift/ros2_ws/install/rplidar_ros/share/rplidar_ros/environment/path.dsv
[1.206s] -- Up-to-date: /home/KDAIL-Rpi/KDAIL-Forklift/ros2_ws/install/rplidar_ros/share/rplidar_ros/local_setup.bash
[1.207s] -- Up-to-date: /home/KDAIL-Rpi/KDAIL-Forklift/ros2_ws/install/rplidar_ros/share/rplidar_ros/local_setup.sh
[1.207s] -- Up-to-date: /home/KDAIL-Rpi/KDAIL-Forklift/ros2_ws/install/rplidar_ros/share/rplidar_ros/local_setup.zsh
[1.208s] -- Up-to-date: /home/KDAIL-Rpi/KDAIL-Forklift/ros2_ws/install/rplidar_ros/share/rplidar_ros/local_setup.dsv
[1.208s] -- Installing: /home/KDAIL-Rpi/KDAIL-Forklift/ros2_ws/install/rplidar_ros/share/rplidar_ros/package.dsv
[1.211s] -- Up-to-date: /home/KDAIL-Rpi/KDAIL-Forklift/ros2_ws/install/rplidar_ros/share/ament_index/resource_index/packages/rplidar_ros
[1.212s] -- Up-to-date: /home/KDAIL-Rpi/KDAIL-Forklift/ros2_ws/install/rplidar_ros/share/ament_index/resource_index/rclcpp_components/rplidar_ros
[1.213s] -- Up-to-date: /home/KDAIL-Rpi/KDAIL-Forklift/ros2_ws/install/rplidar_ros/share/rplidar_ros/cmake/ament_cmake_export_dependencies-extras.cmake
[1.214s] -- Up-to-date: /home/KDAIL-Rpi/KDAIL-Forklift/ros2_ws/install/rplidar_ros/share/rplidar_ros/cmake/ament_cmake_export_include_directories-extras.cmake
[1.214s] -- Up-to-date: /home/KDAIL-Rpi/KDAIL-Forklift/ros2_ws/install/rplidar_ros/share/rplidar_ros/cmake/rplidar_rosConfig.cmake
[1.215s] -- Up-to-date: /home/KDAIL-Rpi/KDAIL-Forklift/ros2_ws/install/rplidar_ros/share/rplidar_ros/cmake/rplidar_rosConfig-version.cmake
[1.215s] -- Up-to-date: /home/KDAIL-Rpi/KDAIL-Forklift/ros2_ws/install/rplidar_ros/share/rplidar_ros/package.xml
[1.226s] Invoked command in '/home/KDAIL-Rpi/KDAIL-Forklift/ros2_ws/build/rplidar_ros' returned '0': CMAKE_PREFIX_PATH=/opt/ros/humble /usr/bin/cmake --install /home/KDAIL-Rpi/KDAIL-Forklift/ros2_ws/build/rplidar_ros
