[0.012s] Invoking command in '/home/raze/workspace/KDAIL-Forklift/ros2_ws/build/Forklift_Firmware': CMAKE_PREFIX_PATH=${CMAKE_PREFIX_PATH}:/opt/ros/humble PS1=\[\033[36m\]\u\[\033[0m\]@\[\033[32m\]\h\[\033[0m\]:\[\033[33m\]\w\[\033[0m\]\$ /usr/bin/cmake --build /home/raze/workspace/KDAIL-Forklift/ros2_ws/build/Forklift_Firmware -- -j14 -l14
[0.026s] -- Found ament_cmake: 1.3.11 (/opt/ros/humble/share/ament_cmake/cmake)
[0.099s] -- Found rclpy: 3.3.16 (/opt/ros/humble/share/rclpy/cmake)
[0.099s] -- Found sensor_msgs: 4.8.0 (/opt/ros/humble/share/sensor_msgs/cmake)
[0.121s] -- Found rosidl_generator_c: 3.1.6 (/opt/ros/humble/share/rosidl_generator_c/cmake)
[0.122s] -- Found rosidl_adapter: 3.1.6 (/opt/ros/humble/share/rosidl_adapter/cmake)
[0.125s] -- Found rosidl_generator_cpp: 3.1.6 (/opt/ros/humble/share/rosidl_generator_cpp/cmake)
[0.131s] -- Using all available rosidl_typesupport_c: rosidl_typesupport_fastrtps_c;rosidl_typesupport_introspection_c
[0.138s] -- Using all available rosidl_typesupport_cpp: rosidl_typesupport_fastrtps_cpp;rosidl_typesupport_introspection_cpp
[0.169s] -- Found nav_msgs: 4.8.0 (/opt/ros/humble/share/nav_msgs/cmake)
[0.178s] -- Found ament_lint_auto: 0.12.12 (/opt/ros/humble/share/ament_lint_auto/cmake)
[0.214s] WARNING: Package name "Forklift_Firmware" does not follow the naming conventions. It should start with a lower case letter and only contain lower case letters, digits, underscores, and dashes.
[0.222s] -- Added test 'flake8' to check Python code syntax and style conventions
[0.223s] -- Added test 'lint_cmake' to check CMake code style
[0.223s] -- Added test 'pep257' to check Python code against some of the docstring style conventions in PEP 257
[0.223s] -- Added test 'xmllint' to check XML markup files
[0.223s] -- Configuring done
[0.225s] -- Generating done
[0.226s] -- Build files have been written to: /home/raze/workspace/KDAIL-Forklift/ros2_ws/build/Forklift_Firmware
[0.246s] Invoked command in '/home/raze/workspace/KDAIL-Forklift/ros2_ws/build/Forklift_Firmware' returned '0': CMAKE_PREFIX_PATH=${CMAKE_PREFIX_PATH}:/opt/ros/humble PS1=\[\033[36m\]\u\[\033[0m\]@\[\033[32m\]\h\[\033[0m\]:\[\033[33m\]\w\[\033[0m\]\$ /usr/bin/cmake --build /home/raze/workspace/KDAIL-Forklift/ros2_ws/build/Forklift_Firmware -- -j14 -l14
[0.248s] Invoking command in '/home/raze/workspace/KDAIL-Forklift/ros2_ws/build/Forklift_Firmware': CMAKE_PREFIX_PATH=${CMAKE_PREFIX_PATH}:/opt/ros/humble PS1=\[\033[36m\]\u\[\033[0m\]@\[\033[32m\]\h\[\033[0m\]:\[\033[33m\]\w\[\033[0m\]\$ /usr/bin/cmake --install /home/raze/workspace/KDAIL-Forklift/ros2_ws/build/Forklift_Firmware
[0.255s] -- Install configuration: ""
[0.255s] -- Up-to-date: /home/raze/workspace/KDAIL-Forklift/ros2_ws/install/Forklift_Firmware/lib/Forklift_Firmware/imu_publisher.py
[0.255s] -- Installing: /home/raze/workspace/KDAIL-Forklift/ros2_ws/install/Forklift_Firmware/lib/Forklift_Firmware/uwb_to_odom.py
[0.255s] -- Up-to-date: /home/raze/workspace/KDAIL-Forklift/ros2_ws/install/Forklift_Firmware/share/Forklift_Firmware/urdf
[0.256s] -- Up-to-date: /home/raze/workspace/KDAIL-Forklift/ros2_ws/install/Forklift_Firmware/share/Forklift_Firmware/urdf/my_robot.urdf.xacro
[0.256s] -- Up-to-date: /home/raze/workspace/KDAIL-Forklift/ros2_ws/install/Forklift_Firmware/share/Forklift_Firmware/rviz
[0.256s] -- Up-to-date: /home/raze/workspace/KDAIL-Forklift/ros2_ws/install/Forklift_Firmware/share/Forklift_Firmware/rviz/urdf.rviz
[0.256s] -- Up-to-date: /home/raze/workspace/KDAIL-Forklift/ros2_ws/install/Forklift_Firmware/share/Forklift_Firmware/launch
[0.256s] -- Installing: /home/raze/workspace/KDAIL-Forklift/ros2_ws/install/Forklift_Firmware/share/Forklift_Firmware/launch/display.launch.py
[0.256s] -- Installing: /home/raze/workspace/KDAIL-Forklift/ros2_ws/install/Forklift_Firmware/share/ament_index/resource_index/package_run_dependencies/Forklift_Firmware
[0.256s] -- Up-to-date: /home/raze/workspace/KDAIL-Forklift/ros2_ws/install/Forklift_Firmware/share/ament_index/resource_index/parent_prefix_path/Forklift_Firmware
[0.257s] -- Up-to-date: /home/raze/workspace/KDAIL-Forklift/ros2_ws/install/Forklift_Firmware/share/Forklift_Firmware/environment/ament_prefix_path.sh
[0.257s] -- Installing: /home/raze/workspace/KDAIL-Forklift/ros2_ws/install/Forklift_Firmware/share/Forklift_Firmware/environment/ament_prefix_path.dsv
[0.257s] -- Up-to-date: /home/raze/workspace/KDAIL-Forklift/ros2_ws/install/Forklift_Firmware/share/Forklift_Firmware/environment/path.sh
[0.257s] -- Installing: /home/raze/workspace/KDAIL-Forklift/ros2_ws/install/Forklift_Firmware/share/Forklift_Firmware/environment/path.dsv
[0.257s] -- Up-to-date: /home/raze/workspace/KDAIL-Forklift/ros2_ws/install/Forklift_Firmware/share/Forklift_Firmware/local_setup.bash
[0.257s] -- Up-to-date: /home/raze/workspace/KDAIL-Forklift/ros2_ws/install/Forklift_Firmware/share/Forklift_Firmware/local_setup.sh
[0.257s] -- Up-to-date: /home/raze/workspace/KDAIL-Forklift/ros2_ws/install/Forklift_Firmware/share/Forklift_Firmware/local_setup.zsh
[0.257s] -- Installing: /home/raze/workspace/KDAIL-Forklift/ros2_ws/install/Forklift_Firmware/share/Forklift_Firmware/local_setup.dsv
[0.257s] -- Installing: /home/raze/workspace/KDAIL-Forklift/ros2_ws/install/Forklift_Firmware/share/Forklift_Firmware/package.dsv
[0.257s] -- Up-to-date: /home/raze/workspace/KDAIL-Forklift/ros2_ws/install/Forklift_Firmware/share/ament_index/resource_index/packages/Forklift_Firmware
[0.257s] -- Up-to-date: /home/raze/workspace/KDAIL-Forklift/ros2_ws/install/Forklift_Firmware/share/Forklift_Firmware/cmake/Forklift_FirmwareConfig.cmake
[0.257s] -- Up-to-date: /home/raze/workspace/KDAIL-Forklift/ros2_ws/install/Forklift_Firmware/share/Forklift_Firmware/cmake/Forklift_FirmwareConfig-version.cmake
[0.257s] -- Installing: /home/raze/workspace/KDAIL-Forklift/ros2_ws/install/Forklift_Firmware/share/Forklift_Firmware/package.xml
[0.258s] Invoked command in '/home/raze/workspace/KDAIL-Forklift/ros2_ws/build/Forklift_Firmware' returned '0': CMAKE_PREFIX_PATH=${CMAKE_PREFIX_PATH}:/opt/ros/humble PS1=\[\033[36m\]\u\[\033[0m\]@\[\033[32m\]\h\[\033[0m\]:\[\033[33m\]\w\[\033[0m\]\$ /usr/bin/cmake --install /home/raze/workspace/KDAIL-Forklift/ros2_ws/build/Forklift_Firmware
