-- Install configuration: ""
-- Up-to-date: /home/raze/workspace/KDAIL-Forklift/install/cartographer_pkg/share/cartographer_pkg//launch
-- Up-to-date: /home/raze/workspace/KDAIL-Forklift/install/cartographer_pkg/share/cartographer_pkg//launch/cartographer_slam.launch.py
-- Up-to-date: /home/raze/workspace/KDAIL-Forklift/install/cartographer_pkg/share/cartographer_pkg//config
-- Up-to-date: /home/raze/workspace/KDAIL-Forklift/install/cartographer_pkg/share/cartographer_pkg//config/cartographer_config.lua
-- Up-to-date: /home/raze/workspace/KDAIL-Forklift/install/cartographer_pkg/share/ament_index/resource_index/package_run_dependencies/cartographer_pkg
-- Up-to-date: /home/raze/workspace/KDAIL-Forklift/install/cartographer_pkg/share/ament_index/resource_index/parent_prefix_path/cartographer_pkg
-- Up-to-date: /home/raze/workspace/KDAIL-Forklift/install/cartographer_pkg/share/cartographer_pkg/environment/ament_prefix_path.sh
-- Up-to-date: /home/raze/workspace/KDAIL-Forklift/install/cartographer_pkg/share/cartographer_pkg/environment/ament_prefix_path.dsv
-- Up-to-date: /home/raze/workspace/KDAIL-Forklift/install/cartographer_pkg/share/cartographer_pkg/environment/path.sh
-- Up-to-date: /home/raze/workspace/KDAIL-Forklift/install/cartographer_pkg/share/cartographer_pkg/environment/path.dsv
-- Up-to-date: /home/raze/workspace/KDAIL-Forklift/install/cartographer_pkg/share/cartographer_pkg/local_setup.bash
-- Up-to-date: /home/raze/workspace/KDAIL-Forklift/install/cartographer_pkg/share/cartographer_pkg/local_setup.sh
-- Up-to-date: /home/raze/workspace/KDAIL-Forklift/install/cartographer_pkg/share/cartographer_pkg/local_setup.zsh
-- Up-to-date: /home/raze/workspace/KDAIL-Forklift/install/cartographer_pkg/share/cartographer_pkg/local_setup.dsv
-- Up-to-date: /home/raze/workspace/KDAIL-Forklift/install/cartographer_pkg/share/cartographer_pkg/package.dsv
-- Up-to-date: /home/raze/workspace/KDAIL-Forklift/install/cartographer_pkg/share/ament_index/resource_index/packages/cartographer_pkg
-- Up-to-date: /home/raze/workspace/KDAIL-Forklift/install/cartographer_pkg/share/cartographer_pkg/cmake/cartographer_pkgConfig.cmake
-- Up-to-date: /home/raze/workspace/KDAIL-Forklift/install/cartographer_pkg/share/cartographer_pkg/cmake/cartographer_pkgConfig-version.cmake
-- Up-to-date: /home/raze/workspace/KDAIL-Forklift/install/cartographer_pkg/share/cartographer_pkg/package.xml
