[0.047s] Invoking command in '/home/KDAIL-Rpi/KDAIL-Forklift/ros2_ws/build/rplidar_ros': CMAKE_PREFIX_PATH=/opt/ros/humble /usr/bin/cmake --build /home/KDAIL-Rpi/KDAIL-Forklift/ros2_ws/build/rplidar_ros -- -j4 -l4
[0.218s] [35m[1mConsolidate compiler generated dependencies of target rplidar_composition_node[0m
[0.331s] [ 77%] Built target rplidar_composition_node
[0.376s] [35m[1mConsolidate compiler generated dependencies of target rplidar_composition[0m
[0.466s] [100%] Built target rplidar_composition
[0.502s] Invoked command in '/home/KDAIL-Rpi/KDAIL-Forklift/ros2_ws/build/rplidar_ros' returned '0': CMAKE_PREFIX_PATH=/opt/ros/humble /usr/bin/cmake --build /home/KDAIL-Rpi/KDAIL-Forklift/ros2_ws/build/rplidar_ros -- -j4 -l4
[0.542s] Invoking command in '/home/KDAIL-Rpi/KDAIL-Forklift/ros2_ws/build/rplidar_ros': CMAKE_PREFIX_PATH=/opt/ros/humble /usr/bin/cmake --install /home/KDAIL-Rpi/KDAIL-Forklift/ros2_ws/build/rplidar_ros
[0.568s] -- Install configuration: ""
[0.569s] -- Up-to-date: /home/KDAIL-Rpi/KDAIL-Forklift/ros2_ws/install/rplidar_ros/lib/rplidar_ros
[0.569s] -- Up-to-date: /home/KDAIL-Rpi/KDAIL-Forklift/ros2_ws/install/rplidar_ros/lib/rplidar_ros/static_slam.py
[0.570s] -- Up-to-date: /home/KDAIL-Rpi/KDAIL-Forklift/ros2_ws/install/rplidar_ros/lib/rplidar_ros/save_map.py
[0.570s] -- Up-to-date: /home/KDAIL-Rpi/KDAIL-Forklift/ros2_ws/install/rplidar_ros/lib/rplidar_ros/run_slam_and_save.sh
[0.571s] -- Up-to-date: /home/KDAIL-Rpi/KDAIL-Forklift/ros2_ws/install/rplidar_ros/lib/rplidar_ros/data.py
[0.571s] -- Up-to-date: /home/KDAIL-Rpi/KDAIL-Forklift/ros2_ws/install/rplidar_ros/lib/rplidar_ros/create_udev_rules.sh
[0.571s] -- Up-to-date: /home/KDAIL-Rpi/KDAIL-Forklift/ros2_ws/install/rplidar_ros/lib/rplidar_ros/delete_udev_rules.sh
[0.571s] -- Up-to-date: /home/KDAIL-Rpi/KDAIL-Forklift/ros2_ws/install/rplidar_ros/lib/rplidar_ros/rplidar.rules
[0.572s] -- Up-to-date: /home/KDAIL-Rpi/KDAIL-Forklift/ros2_ws/install/rplidar_ros/lib/rplidar_ros/view_map.py
[0.572s] -- Up-to-date: /home/KDAIL-Rpi/KDAIL-Forklift/ros2_ws/install/rplidar_ros/lib/rplidar_ros/rplidar_composition
[0.573s] -- Up-to-date: /home/KDAIL-Rpi/KDAIL-Forklift/ros2_ws/install/rplidar_ros/lib/rplidar_ros/launch
[0.574s] -- Up-to-date: /home/KDAIL-Rpi/KDAIL-Forklift/ros2_ws/install/rplidar_ros/lib/rplidar_ros/launch/view_rplidar_s1_tcp.launch.py
[0.574s] -- Up-to-date: /home/KDAIL-Rpi/KDAIL-Forklift/ros2_ws/install/rplidar_ros/lib/rplidar_ros/launch/rplidar_s1_tcp.launch.py
[0.575s] -- Up-to-date: /home/KDAIL-Rpi/KDAIL-Forklift/ros2_ws/install/rplidar_ros/lib/rplidar_ros/launch/view_rplidar_s1.launch.py
[0.575s] -- Up-to-date: /home/KDAIL-Rpi/KDAIL-Forklift/ros2_ws/install/rplidar_ros/lib/rplidar_ros/launch/rplidar_a3.launch.py
[0.575s] -- Up-to-date: /home/KDAIL-Rpi/KDAIL-Forklift/ros2_ws/install/rplidar_ros/lib/rplidar_ros/launch/view_rplidar.launch.py
[0.576s] -- Up-to-date: /home/KDAIL-Rpi/KDAIL-Forklift/ros2_ws/install/rplidar_ros/lib/rplidar_ros/launch/rplidar_s1.launch.py
[0.576s] -- Up-to-date: /home/KDAIL-Rpi/KDAIL-Forklift/ros2_ws/install/rplidar_ros/lib/rplidar_ros/launch/view_rplidar_a3.launch.py
[0.577s] -- Up-to-date: /home/KDAIL-Rpi/KDAIL-Forklift/ros2_ws/install/rplidar_ros/lib/rplidar_ros/launch/static_slam.launch.py
[0.577s] -- Up-to-date: /home/KDAIL-Rpi/KDAIL-Forklift/ros2_ws/install/rplidar_ros/lib/rplidar_ros/launch/test_rplidar_a3.launch.py
[0.577s] -- Up-to-date: /home/KDAIL-Rpi/KDAIL-Forklift/ros2_ws/install/rplidar_ros/lib/rplidar_ros/launch/rplidar.launch.py
[0.577s] -- Up-to-date: /home/KDAIL-Rpi/KDAIL-Forklift/ros2_ws/install/rplidar_ros/lib/rplidar_ros/rviz
[0.578s] -- Up-to-date: /home/KDAIL-Rpi/KDAIL-Forklift/ros2_ws/install/rplidar_ros/lib/rplidar_ros/rviz/slam.rviz
[0.578s] -- Up-to-date: /home/KDAIL-Rpi/KDAIL-Forklift/ros2_ws/install/rplidar_ros/lib/rplidar_ros/rviz/rplidar.rviz
[0.578s] -- Up-to-date: /home/KDAIL-Rpi/KDAIL-Forklift/ros2_ws/install/rplidar_ros/lib/librplidar_composition_node.so
[0.579s] -- Up-to-date: /home/KDAIL-Rpi/KDAIL-Forklift/ros2_ws/install/rplidar_ros/include
[0.580s] -- Up-to-date: /home/KDAIL-Rpi/KDAIL-Forklift/ros2_ws/install/rplidar_ros/include/visibility.h
[0.580s] -- Up-to-date: /home/KDAIL-Rpi/KDAIL-Forklift/ros2_ws/install/rplidar_ros/include/rplidar_node.hpp
[0.581s] -- Up-to-date: /home/KDAIL-Rpi/KDAIL-Forklift/ros2_ws/install/rplidar_ros/lib/rplidar_ros/rplidar_composition
[0.582s] -- Up-to-date: /home/KDAIL-Rpi/KDAIL-Forklift/ros2_ws/install/rplidar_ros/share/ament_index/resource_index/package_run_dependencies/rplidar_ros
[0.583s] -- Up-to-date: /home/KDAIL-Rpi/KDAIL-Forklift/ros2_ws/install/rplidar_ros/share/ament_index/resource_index/parent_prefix_path/rplidar_ros
[0.583s] -- Up-to-date: /home/KDAIL-Rpi/KDAIL-Forklift/ros2_ws/install/rplidar_ros/share/rplidar_ros/environment/ament_prefix_path.sh
[0.584s] -- Up-to-date: /home/KDAIL-Rpi/KDAIL-Forklift/ros2_ws/install/rplidar_ros/share/rplidar_ros/environment/ament_prefix_path.dsv
[0.584s] -- Up-to-date: /home/KDAIL-Rpi/KDAIL-Forklift/ros2_ws/install/rplidar_ros/share/rplidar_ros/environment/path.sh
[0.584s] -- Up-to-date: /home/KDAIL-Rpi/KDAIL-Forklift/ros2_ws/install/rplidar_ros/share/rplidar_ros/environment/path.dsv
[0.585s] -- Up-to-date: /home/KDAIL-Rpi/KDAIL-Forklift/ros2_ws/install/rplidar_ros/share/rplidar_ros/local_setup.bash
[0.585s] -- Up-to-date: /home/KDAIL-Rpi/KDAIL-Forklift/ros2_ws/install/rplidar_ros/share/rplidar_ros/local_setup.sh
[0.586s] -- Up-to-date: /home/KDAIL-Rpi/KDAIL-Forklift/ros2_ws/install/rplidar_ros/share/rplidar_ros/local_setup.zsh
[0.586s] -- Up-to-date: /home/KDAIL-Rpi/KDAIL-Forklift/ros2_ws/install/rplidar_ros/share/rplidar_ros/local_setup.dsv
[0.586s] -- Installing: /home/KDAIL-Rpi/KDAIL-Forklift/ros2_ws/install/rplidar_ros/share/rplidar_ros/package.dsv
[0.588s] -- Up-to-date: /home/KDAIL-Rpi/KDAIL-Forklift/ros2_ws/install/rplidar_ros/share/ament_index/resource_index/packages/rplidar_ros
[0.588s] -- Up-to-date: /home/KDAIL-Rpi/KDAIL-Forklift/ros2_ws/install/rplidar_ros/share/ament_index/resource_index/rclcpp_components/rplidar_ros
[0.588s] -- Up-to-date: /home/KDAIL-Rpi/KDAIL-Forklift/ros2_ws/install/rplidar_ros/share/rplidar_ros/cmake/ament_cmake_export_dependencies-extras.cmake
[0.589s] -- Up-to-date: /home/KDAIL-Rpi/KDAIL-Forklift/ros2_ws/install/rplidar_ros/share/rplidar_ros/cmake/ament_cmake_export_include_directories-extras.cmake
[0.589s] -- Up-to-date: /home/KDAIL-Rpi/KDAIL-Forklift/ros2_ws/install/rplidar_ros/share/rplidar_ros/cmake/rplidar_rosConfig.cmake
[0.590s] -- Up-to-date: /home/KDAIL-Rpi/KDAIL-Forklift/ros2_ws/install/rplidar_ros/share/rplidar_ros/cmake/rplidar_rosConfig-version.cmake
[0.590s] -- Up-to-date: /home/KDAIL-Rpi/KDAIL-Forklift/ros2_ws/install/rplidar_ros/share/rplidar_ros/package.xml
[0.596s] Invoked command in '/home/KDAIL-Rpi/KDAIL-Forklift/ros2_ws/build/rplidar_ros' returned '0': CMAKE_PREFIX_PATH=/opt/ros/humble /usr/bin/cmake --install /home/KDAIL-Rpi/KDAIL-Forklift/ros2_ws/build/rplidar_ros
