[0.010s] Invoking command in '/home/raze/workspace/KDAIL-Forklift/ros2_ws/build/forklift_urdf': CMAKE_PREFIX_PATH=${CMAKE_PREFIX_PATH}:/opt/ros/humble PS1=\[\033[36m\]\u\[\033[0m\]@\[\033[32m\]\h\[\033[0m\]:\[\033[33m\]\w\[\033[0m\]\$ /usr/bin/cmake /home/raze/workspace/KDAIL-Forklift/ros2_ws/src/forklift_urdf -DCMAKE_INSTALL_PREFIX=/home/raze/workspace/KDAIL-Forklift/ros2_ws/install/forklift_urdf
[0.047s] -- The C compiler identification is GNU 11.4.0
[0.088s] -- The CXX compiler identification is GNU 11.4.0
[0.094s] -- Detecting C compiler ABI info
[0.142s] -- Detecting C compiler ABI info - done
[0.147s] -- Check for working C compiler: /usr/bin/cc - skipped
[0.148s] -- Detecting C compile features
[0.148s] -- Detecting C compile features - done
[0.149s] -- Detecting CXX compiler ABI info
[0.206s] -- Detecting CXX compiler ABI info - done
[0.212s] -- Check for working CXX compiler: /usr/bin/c++ - skipped
[0.212s] -- Detecting CXX compile features
[0.212s] -- Detecting CXX compile features - done
[0.214s] -- Found ament_cmake: 1.3.11 (/opt/ros/humble/share/ament_cmake/cmake)
[0.310s] -- Found Python3: /usr/bin/python3 (found version "3.10.12") found components: Interpreter 
[0.367s] -- Found rclcpp: 16.0.12 (/opt/ros/humble/share/rclcpp/cmake)
[0.390s] -- Found rosidl_generator_c: 3.1.6 (/opt/ros/humble/share/rosidl_generator_c/cmake)
[0.393s] -- Found rosidl_adapter: 3.1.6 (/opt/ros/humble/share/rosidl_adapter/cmake)
[0.397s] -- Found rosidl_generator_cpp: 3.1.6 (/opt/ros/humble/share/rosidl_generator_cpp/cmake)
[0.404s] -- Using all available rosidl_typesupport_c: rosidl_typesupport_fastrtps_c;rosidl_typesupport_introspection_c
[0.413s] -- Using all available rosidl_typesupport_cpp: rosidl_typesupport_fastrtps_cpp;rosidl_typesupport_introspection_cpp
[0.437s] -- Found rmw_implementation_cmake: 6.1.2 (/opt/ros/humble/share/rmw_implementation_cmake/cmake)
[0.439s] -- Found rmw_fastrtps_cpp: 6.2.7 (/opt/ros/humble/share/rmw_fastrtps_cpp/cmake)
[0.512s] -- Found OpenSSL: /usr/lib/x86_64-linux-gnu/libcrypto.so (found version "3.0.2")  
[0.528s] -- Found FastRTPS: /opt/ros/humble/include  
[0.550s] -- Using RMW implementation 'rmw_fastrtps_cpp' as default
[0.554s] -- Looking for pthread.h
[0.612s] -- Looking for pthread.h - found
[0.612s] -- Performing Test CMAKE_HAVE_LIBC_PTHREAD
[0.669s] -- Performing Test CMAKE_HAVE_LIBC_PTHREAD - Success
[0.671s] -- Found Threads: TRUE  
[0.704s] -- Found tf2_ros: 0.25.12 (/opt/ros/humble/share/tf2_ros/cmake)
[0.771s] -- Found robot_state_publisher: 3.0.3 (/opt/ros/humble/share/robot_state_publisher/cmake)
[0.782s] -- Found eigen3_cmake_module: 0.1.1 (/opt/ros/humble/share/eigen3_cmake_module/cmake)
[0.782s] -- Found Eigen3: TRUE (found version "3.4.0") 
[0.783s] -- Ensuring Eigen3 include directory is part of orocos-kdl CMake target
[0.815s] -- Found xacro: 2.0.13 (/opt/ros/humble/share/xacro/cmake)
[0.816s] -- Found ament_lint_auto: 0.12.12 (/opt/ros/humble/share/ament_lint_auto/cmake)
[0.862s] -- Added test 'flake8' to check Python code syntax and style conventions
[0.862s] -- Added test 'lint_cmake' to check CMake code style
[0.863s] -- Added test 'pep257' to check Python code against some of the docstring style conventions in PEP 257
[0.863s] -- Added test 'xmllint' to check XML markup files
[0.864s] -- Configuring done
[0.866s] -- Generating done
[0.867s] -- Build files have been written to: /home/raze/workspace/KDAIL-Forklift/ros2_ws/build/forklift_urdf
[0.876s] Invoked command in '/home/raze/workspace/KDAIL-Forklift/ros2_ws/build/forklift_urdf' returned '0': CMAKE_PREFIX_PATH=${CMAKE_PREFIX_PATH}:/opt/ros/humble PS1=\[\033[36m\]\u\[\033[0m\]@\[\033[32m\]\h\[\033[0m\]:\[\033[33m\]\w\[\033[0m\]\$ /usr/bin/cmake /home/raze/workspace/KDAIL-Forklift/ros2_ws/src/forklift_urdf -DCMAKE_INSTALL_PREFIX=/home/raze/workspace/KDAIL-Forklift/ros2_ws/install/forklift_urdf
[0.877s] Invoking command in '/home/raze/workspace/KDAIL-Forklift/ros2_ws/build/forklift_urdf': CMAKE_PREFIX_PATH=${CMAKE_PREFIX_PATH}:/opt/ros/humble PS1=\[\033[36m\]\u\[\033[0m\]@\[\033[32m\]\h\[\033[0m\]:\[\033[33m\]\w\[\033[0m\]\$ /usr/bin/cmake --build /home/raze/workspace/KDAIL-Forklift/ros2_ws/build/forklift_urdf -- -j14 -l14
[0.905s] Invoked command in '/home/raze/workspace/KDAIL-Forklift/ros2_ws/build/forklift_urdf' returned '0': CMAKE_PREFIX_PATH=${CMAKE_PREFIX_PATH}:/opt/ros/humble PS1=\[\033[36m\]\u\[\033[0m\]@\[\033[32m\]\h\[\033[0m\]:\[\033[33m\]\w\[\033[0m\]\$ /usr/bin/cmake --build /home/raze/workspace/KDAIL-Forklift/ros2_ws/build/forklift_urdf -- -j14 -l14
[0.907s] Invoking command in '/home/raze/workspace/KDAIL-Forklift/ros2_ws/build/forklift_urdf': CMAKE_PREFIX_PATH=${CMAKE_PREFIX_PATH}:/opt/ros/humble PS1=\[\033[36m\]\u\[\033[0m\]@\[\033[32m\]\h\[\033[0m\]:\[\033[33m\]\w\[\033[0m\]\$ /usr/bin/cmake --install /home/raze/workspace/KDAIL-Forklift/ros2_ws/build/forklift_urdf
[0.911s] -- Install configuration: ""
[0.911s] -- Installing: /home/raze/workspace/KDAIL-Forklift/ros2_ws/install/forklift_urdf/share/forklift_urdf/launch
[0.912s] -- Installing: /home/raze/workspace/KDAIL-Forklift/ros2_ws/install/forklift_urdf/share/forklift_urdf/launch/display.launch.py
[0.912s] -- Installing: /home/raze/workspace/KDAIL-Forklift/ros2_ws/install/forklift_urdf/share/forklift_urdf/urdf
[0.912s] -- Installing: /home/raze/workspace/KDAIL-Forklift/ros2_ws/install/forklift_urdf/share/forklift_urdf/urdf/robot.urdf
[0.912s] -- Installing: /home/raze/workspace/KDAIL-Forklift/ros2_ws/install/forklift_urdf/share/forklift_urdf/urdf/my_robot.urdf.xacro
[0.912s] -- Installing: /home/raze/workspace/KDAIL-Forklift/ros2_ws/install/forklift_urdf/share/forklift_urdf/rviz
[0.912s] -- Installing: /home/raze/workspace/KDAIL-Forklift/ros2_ws/install/forklift_urdf/share/forklift_urdf/rviz/urdf.rviz
[0.912s] -- Installing: /home/raze/workspace/KDAIL-Forklift/ros2_ws/install/forklift_urdf/share/ament_index/resource_index/package_run_dependencies/forklift_urdf
[0.912s] -- Installing: /home/raze/workspace/KDAIL-Forklift/ros2_ws/install/forklift_urdf/share/ament_index/resource_index/parent_prefix_path/forklift_urdf
[0.912s] -- Installing: /home/raze/workspace/KDAIL-Forklift/ros2_ws/install/forklift_urdf/share/forklift_urdf/environment/ament_prefix_path.sh
[0.912s] -- Installing: /home/raze/workspace/KDAIL-Forklift/ros2_ws/install/forklift_urdf/share/forklift_urdf/environment/ament_prefix_path.dsv
[0.912s] -- Installing: /home/raze/workspace/KDAIL-Forklift/ros2_ws/install/forklift_urdf/share/forklift_urdf/environment/path.sh
[0.912s] -- Installing: /home/raze/workspace/KDAIL-Forklift/ros2_ws/install/forklift_urdf/share/forklift_urdf/environment/path.dsv
[0.913s] -- Installing: /home/raze/workspace/KDAIL-Forklift/ros2_ws/install/forklift_urdf/share/forklift_urdf/local_setup.bash
[0.913s] -- Installing: /home/raze/workspace/KDAIL-Forklift/ros2_ws/install/forklift_urdf/share/forklift_urdf/local_setup.sh
[0.913s] -- Installing: /home/raze/workspace/KDAIL-Forklift/ros2_ws/install/forklift_urdf/share/forklift_urdf/local_setup.zsh
[0.913s] -- Installing: /home/raze/workspace/KDAIL-Forklift/ros2_ws/install/forklift_urdf/share/forklift_urdf/local_setup.dsv
[0.913s] -- Installing: /home/raze/workspace/KDAIL-Forklift/ros2_ws/install/forklift_urdf/share/forklift_urdf/package.dsv
[0.913s] -- Installing: /home/raze/workspace/KDAIL-Forklift/ros2_ws/install/forklift_urdf/share/ament_index/resource_index/packages/forklift_urdf
[0.913s] -- Installing: /home/raze/workspace/KDAIL-Forklift/ros2_ws/install/forklift_urdf/share/forklift_urdf/cmake/forklift_urdfConfig.cmake
[0.913s] -- Installing: /home/raze/workspace/KDAIL-Forklift/ros2_ws/install/forklift_urdf/share/forklift_urdf/cmake/forklift_urdfConfig-version.cmake
[0.913s] -- Installing: /home/raze/workspace/KDAIL-Forklift/ros2_ws/install/forklift_urdf/share/forklift_urdf/package.xml
[0.914s] Invoked command in '/home/raze/workspace/KDAIL-Forklift/ros2_ws/build/forklift_urdf' returned '0': CMAKE_PREFIX_PATH=${CMAKE_PREFIX_PATH}:/opt/ros/humble PS1=\[\033[36m\]\u\[\033[0m\]@\[\033[32m\]\h\[\033[0m\]:\[\033[33m\]\w\[\033[0m\]\$ /usr/bin/cmake --install /home/raze/workspace/KDAIL-Forklift/ros2_ws/build/forklift_urdf
