[0.013s] Invoking command in '/home/raze/workspace/KDAIL-Forklift/ros2_ws/build/Forklift_Firmware': PS1=\[\033[36m\]\u\[\033[0m\]@\[\033[32m\]\h\[\033[0m\]:\[\033[33m\]\w\[\033[0m\]\$ /usr/bin/cmake --build /home/raze/workspace/KDAIL-Forklift/ros2_ws/build/Forklift_Firmware -- -j14 -l14
[0.074s] Invoked command in '/home/raze/workspace/KDAIL-Forklift/ros2_ws/build/Forklift_Firmware' returned '0': PS1=\[\033[36m\]\u\[\033[0m\]@\[\033[32m\]\h\[\033[0m\]:\[\033[33m\]\w\[\033[0m\]\$ /usr/bin/cmake --build /home/raze/workspace/KDAIL-Forklift/ros2_ws/build/Forklift_Firmware -- -j14 -l14
[0.080s] Invoking command in '/home/raze/workspace/KDAIL-Forklift/ros2_ws/build/Forklift_Firmware': PS1=\[\033[36m\]\u\[\033[0m\]@\[\033[32m\]\h\[\033[0m\]:\[\033[33m\]\w\[\033[0m\]\$ /usr/bin/cmake --install /home/raze/workspace/KDAIL-Forklift/ros2_ws/build/Forklift_Firmware
[0.084s] -- Install configuration: ""
[0.085s] -- Up-to-date: /home/raze/workspace/KDAIL-Forklift/ros2_ws/install/Forklift_Firmware/lib/Forklift_Firmware/imu_publisher.py
[0.085s] -- Up-to-date: /home/raze/workspace/KDAIL-Forklift/ros2_ws/install/Forklift_Firmware/lib/Forklift_Firmware/uwb_to_odom.py
[0.085s] -- Up-to-date: /home/raze/workspace/KDAIL-Forklift/ros2_ws/install/Forklift_Firmware/lib/Forklift_Firmware/dummy_uwb_publisher.py
[0.085s] -- Up-to-date: /home/raze/workspace/KDAIL-Forklift/ros2_ws/install/Forklift_Firmware/share/Forklift_Firmware/urdf
[0.085s] -- Up-to-date: /home/raze/workspace/KDAIL-Forklift/ros2_ws/install/Forklift_Firmware/share/Forklift_Firmware/urdf/my_robot.urdf.xacro
[0.085s] -- Up-to-date: /home/raze/workspace/KDAIL-Forklift/ros2_ws/install/Forklift_Firmware/share/Forklift_Firmware/rviz
[0.086s] -- Installing: /home/raze/workspace/KDAIL-Forklift/ros2_ws/install/Forklift_Firmware/share/Forklift_Firmware/rviz/urdf.rviz
[0.086s] -- Up-to-date: /home/raze/workspace/KDAIL-Forklift/ros2_ws/install/Forklift_Firmware/share/Forklift_Firmware/launch
[0.086s] -- Up-to-date: /home/raze/workspace/KDAIL-Forklift/ros2_ws/install/Forklift_Firmware/share/Forklift_Firmware/launch/display.launch.py
[0.087s] -- Up-to-date: /home/raze/workspace/KDAIL-Forklift/ros2_ws/install/Forklift_Firmware/share/ament_index/resource_index/package_run_dependencies/Forklift_Firmware
[0.087s] -- Up-to-date: /home/raze/workspace/KDAIL-Forklift/ros2_ws/install/Forklift_Firmware/share/ament_index/resource_index/parent_prefix_path/Forklift_Firmware
[0.087s] -- Up-to-date: /home/raze/workspace/KDAIL-Forklift/ros2_ws/install/Forklift_Firmware/share/Forklift_Firmware/environment/ament_prefix_path.sh
[0.087s] -- Up-to-date: /home/raze/workspace/KDAIL-Forklift/ros2_ws/install/Forklift_Firmware/share/Forklift_Firmware/environment/ament_prefix_path.dsv
[0.087s] -- Up-to-date: /home/raze/workspace/KDAIL-Forklift/ros2_ws/install/Forklift_Firmware/share/Forklift_Firmware/environment/path.sh
[0.087s] -- Up-to-date: /home/raze/workspace/KDAIL-Forklift/ros2_ws/install/Forklift_Firmware/share/Forklift_Firmware/environment/path.dsv
[0.087s] -- Up-to-date: /home/raze/workspace/KDAIL-Forklift/ros2_ws/install/Forklift_Firmware/share/Forklift_Firmware/local_setup.bash
[0.087s] -- Up-to-date: /home/raze/workspace/KDAIL-Forklift/ros2_ws/install/Forklift_Firmware/share/Forklift_Firmware/local_setup.sh
[0.087s] -- Up-to-date: /home/raze/workspace/KDAIL-Forklift/ros2_ws/install/Forklift_Firmware/share/Forklift_Firmware/local_setup.zsh
[0.087s] -- Up-to-date: /home/raze/workspace/KDAIL-Forklift/ros2_ws/install/Forklift_Firmware/share/Forklift_Firmware/local_setup.dsv
[0.087s] -- Installing: /home/raze/workspace/KDAIL-Forklift/ros2_ws/install/Forklift_Firmware/share/Forklift_Firmware/package.dsv
[0.087s] -- Up-to-date: /home/raze/workspace/KDAIL-Forklift/ros2_ws/install/Forklift_Firmware/share/ament_index/resource_index/packages/Forklift_Firmware
[0.088s] -- Up-to-date: /home/raze/workspace/KDAIL-Forklift/ros2_ws/install/Forklift_Firmware/share/Forklift_Firmware/cmake/Forklift_FirmwareConfig.cmake
[0.088s] -- Up-to-date: /home/raze/workspace/KDAIL-Forklift/ros2_ws/install/Forklift_Firmware/share/Forklift_Firmware/cmake/Forklift_FirmwareConfig-version.cmake
[0.088s] -- Up-to-date: /home/raze/workspace/KDAIL-Forklift/ros2_ws/install/Forklift_Firmware/share/Forklift_Firmware/package.xml
[0.089s] Invoked command in '/home/raze/workspace/KDAIL-Forklift/ros2_ws/build/Forklift_Firmware' returned '0': PS1=\[\033[36m\]\u\[\033[0m\]@\[\033[32m\]\h\[\033[0m\]:\[\033[33m\]\w\[\033[0m\]\$ /usr/bin/cmake --install /home/raze/workspace/KDAIL-Forklift/ros2_ws/build/Forklift_Firmware
