[0.008s] Invoking command in '/home/raze/workspace/KDAIL-Forklift/build/cartographer_pkg': CMAKE_PREFIX_PATH=${CMAKE_PREFIX_PATH}:/opt/ros/humble PS1=\[\033[36m\]\u\[\033[0m\]@\[\033[32m\]\h\[\033[0m\]:\[\033[33m\]\w\[\033[0m\]\$ /usr/bin/cmake /home/raze/workspace/KDAIL-Forklift/ros2_ws/src/cartographer_pkg -DCMAKE_INSTALL_PREFIX=/home/raze/workspace/KDAIL-Forklift/install/cartographer_pkg
[0.051s] -- The C compiler identification is GNU 11.4.0
[0.094s] -- The CXX compiler identification is GNU 11.4.0
[0.099s] -- Detecting C compiler ABI info
[0.145s] -- Detecting C compiler ABI info - done
[0.150s] -- Check for working C compiler: /usr/bin/cc - skipped
[0.151s] -- Detecting C compile features
[0.151s] -- Detecting C compile features - done
[0.152s] -- Detecting CXX compiler ABI info
[0.213s] -- Detecting CXX compiler ABI info - done
[0.218s] -- Check for working CXX compiler: /usr/bin/c++ - skipped
[0.218s] -- Detecting CXX compile features
[0.219s] -- Detecting CXX compile features - done
[0.220s] -- Found ament_cmake: 1.3.11 (/opt/ros/humble/share/ament_cmake/cmake)
[0.341s] -- Found Python3: /usr/bin/python3 (found version "3.10.12") found components: Interpreter 
[0.409s] -- Found ament_lint_auto: 0.12.12 (/opt/ros/humble/share/ament_lint_auto/cmake)
[0.463s] -- Added test 'copyright' to check source files copyright and LICENSE
[0.464s] -- Added test 'flake8' to check Python code syntax and style conventions
[0.465s] -- Added test 'lint_cmake' to check CMake code style
[0.465s] -- Added test 'pep257' to check Python code against some of the docstring style conventions in PEP 257
[0.466s] -- Added test 'xmllint' to check XML markup files
[0.467s] -- Configuring done
[0.470s] -- Generating done
[0.471s] -- Build files have been written to: /home/raze/workspace/KDAIL-Forklift/build/cartographer_pkg
[0.480s] Invoked command in '/home/raze/workspace/KDAIL-Forklift/build/cartographer_pkg' returned '0': CMAKE_PREFIX_PATH=${CMAKE_PREFIX_PATH}:/opt/ros/humble PS1=\[\033[36m\]\u\[\033[0m\]@\[\033[32m\]\h\[\033[0m\]:\[\033[33m\]\w\[\033[0m\]\$ /usr/bin/cmake /home/raze/workspace/KDAIL-Forklift/ros2_ws/src/cartographer_pkg -DCMAKE_INSTALL_PREFIX=/home/raze/workspace/KDAIL-Forklift/install/cartographer_pkg
[0.481s] Invoking command in '/home/raze/workspace/KDAIL-Forklift/build/cartographer_pkg': CMAKE_PREFIX_PATH=${CMAKE_PREFIX_PATH}:/opt/ros/humble PS1=\[\033[36m\]\u\[\033[0m\]@\[\033[32m\]\h\[\033[0m\]:\[\033[33m\]\w\[\033[0m\]\$ /usr/bin/cmake --build /home/raze/workspace/KDAIL-Forklift/build/cartographer_pkg -- -j14 -l14
[0.508s] Invoked command in '/home/raze/workspace/KDAIL-Forklift/build/cartographer_pkg' returned '0': CMAKE_PREFIX_PATH=${CMAKE_PREFIX_PATH}:/opt/ros/humble PS1=\[\033[36m\]\u\[\033[0m\]@\[\033[32m\]\h\[\033[0m\]:\[\033[33m\]\w\[\033[0m\]\$ /usr/bin/cmake --build /home/raze/workspace/KDAIL-Forklift/build/cartographer_pkg -- -j14 -l14
[0.514s] Invoking command in '/home/raze/workspace/KDAIL-Forklift/build/cartographer_pkg': CMAKE_PREFIX_PATH=${CMAKE_PREFIX_PATH}:/opt/ros/humble PS1=\[\033[36m\]\u\[\033[0m\]@\[\033[32m\]\h\[\033[0m\]:\[\033[33m\]\w\[\033[0m\]\$ /usr/bin/cmake --install /home/raze/workspace/KDAIL-Forklift/build/cartographer_pkg
[0.519s] -- Install configuration: ""
[0.519s] -- Installing: /home/raze/workspace/KDAIL-Forklift/install/cartographer_pkg/share/cartographer_pkg//launch
[0.519s] -- Installing: /home/raze/workspace/KDAIL-Forklift/install/cartographer_pkg/share/cartographer_pkg//launch/cartographer_slam.launch.py
[0.519s] -- Installing: /home/raze/workspace/KDAIL-Forklift/install/cartographer_pkg/share/cartographer_pkg//config
[0.519s] -- Installing: /home/raze/workspace/KDAIL-Forklift/install/cartographer_pkg/share/cartographer_pkg//config/cartographer_config.lua
[0.519s] -- Installing: /home/raze/workspace/KDAIL-Forklift/install/cartographer_pkg/share/ament_index/resource_index/package_run_dependencies/cartographer_pkg
[0.519s] -- Installing: /home/raze/workspace/KDAIL-Forklift/install/cartographer_pkg/share/ament_index/resource_index/parent_prefix_path/cartographer_pkg
[0.520s] -- Installing: /home/raze/workspace/KDAIL-Forklift/install/cartographer_pkg/share/cartographer_pkg/environment/ament_prefix_path.sh
[0.520s] -- Installing: /home/raze/workspace/KDAIL-Forklift/install/cartographer_pkg/share/cartographer_pkg/environment/ament_prefix_path.dsv
[0.520s] -- Installing: /home/raze/workspace/KDAIL-Forklift/install/cartographer_pkg/share/cartographer_pkg/environment/path.sh
[0.520s] -- Installing: /home/raze/workspace/KDAIL-Forklift/install/cartographer_pkg/share/cartographer_pkg/environment/path.dsv
[0.520s] -- Installing: /home/raze/workspace/KDAIL-Forklift/install/cartographer_pkg/share/cartographer_pkg/local_setup.bash
[0.520s] -- Installing: /home/raze/workspace/KDAIL-Forklift/install/cartographer_pkg/share/cartographer_pkg/local_setup.sh
[0.520s] -- Installing: /home/raze/workspace/KDAIL-Forklift/install/cartographer_pkg/share/cartographer_pkg/local_setup.zsh
[0.520s] -- Installing: /home/raze/workspace/KDAIL-Forklift/install/cartographer_pkg/share/cartographer_pkg/local_setup.dsv
[0.520s] -- Installing: /home/raze/workspace/KDAIL-Forklift/install/cartographer_pkg/share/cartographer_pkg/package.dsv
[0.520s] -- Installing: /home/raze/workspace/KDAIL-Forklift/install/cartographer_pkg/share/ament_index/resource_index/packages/cartographer_pkg
[0.520s] -- Installing: /home/raze/workspace/KDAIL-Forklift/install/cartographer_pkg/share/cartographer_pkg/cmake/cartographer_pkgConfig.cmake
[0.520s] -- Installing: /home/raze/workspace/KDAIL-Forklift/install/cartographer_pkg/share/cartographer_pkg/cmake/cartographer_pkgConfig-version.cmake
[0.520s] -- Installing: /home/raze/workspace/KDAIL-Forklift/install/cartographer_pkg/share/cartographer_pkg/package.xml
[0.521s] Invoked command in '/home/raze/workspace/KDAIL-Forklift/build/cartographer_pkg' returned '0': CMAKE_PREFIX_PATH=${CMAKE_PREFIX_PATH}:/opt/ros/humble PS1=\[\033[36m\]\u\[\033[0m\]@\[\033[32m\]\h\[\033[0m\]:\[\033[33m\]\w\[\033[0m\]\$ /usr/bin/cmake --install /home/raze/workspace/KDAIL-Forklift/build/cartographer_pkg
