[0.007s] Invoking command in '/home/raze/workspace/KDAIL-Forklift/ros2_ws/build/rplidar_ros': CMAKE_PREFIX_PATH=${CMAKE_PREFIX_PATH}:/opt/ros/humble PS1=\[\033[36m\]\u\[\033[0m\]@\[\033[32m\]\h\[\033[0m\]:\[\033[33m\]\w\[\033[0m\]\$ /usr/bin/cmake --build /home/raze/workspace/KDAIL-Forklift/ros2_ws/build/rplidar_ros -- -j14 -l14
[0.047s] [ 77%] Built target rplidar_composition_node
[0.066s] [100%] Built target rplidar_composition
[0.075s] Invoked command in '/home/raze/workspace/KDAIL-Forklift/ros2_ws/build/rplidar_ros' returned '0': CMAKE_PREFIX_PATH=${CMAKE_PREFIX_PATH}:/opt/ros/humble PS1=\[\033[36m\]\u\[\033[0m\]@\[\033[32m\]\h\[\033[0m\]:\[\033[33m\]\w\[\033[0m\]\$ /usr/bin/cmake --build /home/raze/workspace/KDAIL-Forklift/ros2_ws/build/rplidar_ros -- -j14 -l14
[0.076s] Invoking command in '/home/raze/workspace/KDAIL-Forklift/ros2_ws/build/rplidar_ros': CMAKE_PREFIX_PATH=${CMAKE_PREFIX_PATH}:/opt/ros/humble PS1=\[\033[36m\]\u\[\033[0m\]@\[\033[32m\]\h\[\033[0m\]:\[\033[33m\]\w\[\033[0m\]\$ /usr/bin/cmake --install /home/raze/workspace/KDAIL-Forklift/ros2_ws/build/rplidar_ros
[0.081s] -- Install configuration: ""
[0.081s] -- Up-to-date: /home/raze/workspace/KDAIL-Forklift/ros2_ws/install/rplidar_ros/lib/rplidar_ros
[0.081s] -- Up-to-date: /home/raze/workspace/KDAIL-Forklift/ros2_ws/install/rplidar_ros/lib/rplidar_ros/create_udev_rules.sh
[0.081s] -- Installing: /home/raze/workspace/KDAIL-Forklift/ros2_ws/install/rplidar_ros/lib/rplidar_ros/sensor_data_simulator.py
[0.081s] -- Up-to-date: /home/raze/workspace/KDAIL-Forklift/ros2_ws/install/rplidar_ros/lib/rplidar_ros/rplidar.rules
[0.081s] -- Up-to-date: /home/raze/workspace/KDAIL-Forklift/ros2_ws/install/rplidar_ros/lib/rplidar_ros/delete_udev_rules.sh
[0.081s] -- Up-to-date: /home/raze/workspace/KDAIL-Forklift/ros2_ws/install/rplidar_ros/lib/rplidar_ros/static_slam.py
[0.081s] -- Up-to-date: /home/raze/workspace/KDAIL-Forklift/ros2_ws/install/rplidar_ros/lib/rplidar_ros/save_map.py
[0.081s] -- Up-to-date: /home/raze/workspace/KDAIL-Forklift/ros2_ws/install/rplidar_ros/lib/rplidar_ros/run_slam_and_save.sh
[0.081s] -- Up-to-date: /home/raze/workspace/KDAIL-Forklift/ros2_ws/install/rplidar_ros/lib/rplidar_ros/view_map.py
[0.081s] -- Installing: /home/raze/workspace/KDAIL-Forklift/ros2_ws/install/rplidar_ros/lib/rplidar_ros/uwb_publisher.py
[0.081s] -- Up-to-date: /home/raze/workspace/KDAIL-Forklift/ros2_ws/install/rplidar_ros/lib/rplidar_ros/uwb_xy.py
[0.081s] -- Up-to-date: /home/raze/workspace/KDAIL-Forklift/ros2_ws/install/rplidar_ros/lib/rplidar_ros/uwb_demo.py
[0.082s] -- Up-to-date: /home/raze/workspace/KDAIL-Forklift/ros2_ws/install/rplidar_ros/lib/rplidar_ros/data.py
[0.082s] -- Up-to-date: /home/raze/workspace/KDAIL-Forklift/ros2_ws/install/rplidar_ros/lib/rplidar_ros/rplidar_composition
[0.082s] -- Up-to-date: /home/raze/workspace/KDAIL-Forklift/ros2_ws/install/rplidar_ros/share/rplidar_ros/launch
[0.082s] -- Installing: /home/raze/workspace/KDAIL-Forklift/ros2_ws/install/rplidar_ros/share/rplidar_ros/launch/uwb_publisher.launch.py
[0.082s] -- Up-to-date: /home/raze/workspace/KDAIL-Forklift/ros2_ws/install/rplidar_ros/share/rplidar_ros/launch/uwb_demo.launch.py
[0.082s] -- Up-to-date: /home/raze/workspace/KDAIL-Forklift/ros2_ws/install/rplidar_ros/share/rplidar_ros/launch/rplidar_a3.launch.py
[0.082s] -- Up-to-date: /home/raze/workspace/KDAIL-Forklift/ros2_ws/install/rplidar_ros/share/rplidar_ros/launch/view_rplidar_a3.launch.py
[0.082s] -- Up-to-date: /home/raze/workspace/KDAIL-Forklift/ros2_ws/install/rplidar_ros/share/rplidar_ros/launch/static_slam.launch.py
[0.082s] -- Up-to-date: /home/raze/workspace/KDAIL-Forklift/ros2_ws/install/rplidar_ros/share/rplidar_ros/launch/view_rplidar.launch.py
[0.082s] -- Up-to-date: /home/raze/workspace/KDAIL-Forklift/ros2_ws/install/rplidar_ros/share/rplidar_ros/launch/rplidar_s1.launch.py
[0.082s] -- Up-to-date: /home/raze/workspace/KDAIL-Forklift/ros2_ws/install/rplidar_ros/share/rplidar_ros/launch/rplidar_s1_tcp.launch.py
[0.082s] -- Up-to-date: /home/raze/workspace/KDAIL-Forklift/ros2_ws/install/rplidar_ros/share/rplidar_ros/launch/view_rplidar_s1.launch.py
[0.082s] -- Installing: /home/raze/workspace/KDAIL-Forklift/ros2_ws/install/rplidar_ros/share/rplidar_ros/launch/uwb_real_data.launch.py
[0.082s] -- Up-to-date: /home/raze/workspace/KDAIL-Forklift/ros2_ws/install/rplidar_ros/share/rplidar_ros/launch/rplidar.launch.py
[0.082s] -- Up-to-date: /home/raze/workspace/KDAIL-Forklift/ros2_ws/install/rplidar_ros/share/rplidar_ros/launch/view_rplidar_s1_tcp.launch.py
[0.082s] -- Up-to-date: /home/raze/workspace/KDAIL-Forklift/ros2_ws/install/rplidar_ros/share/rplidar_ros/launch/test_rplidar_a3.launch.py
[0.082s] -- Up-to-date: /home/raze/workspace/KDAIL-Forklift/ros2_ws/install/rplidar_ros/share/rplidar_ros/rviz
[0.082s] -- Up-to-date: /home/raze/workspace/KDAIL-Forklift/ros2_ws/install/rplidar_ros/share/rplidar_ros/rviz/slam.rviz
[0.083s] -- Up-to-date: /home/raze/workspace/KDAIL-Forklift/ros2_ws/install/rplidar_ros/share/rplidar_ros/rviz/rplidar.rviz
[0.083s] -- Up-to-date: /home/raze/workspace/KDAIL-Forklift/ros2_ws/install/rplidar_ros/lib/librplidar_composition_node.so
[0.083s] -- Up-to-date: /home/raze/workspace/KDAIL-Forklift/ros2_ws/install/rplidar_ros/include
[0.083s] -- Up-to-date: /home/raze/workspace/KDAIL-Forklift/ros2_ws/install/rplidar_ros/include/rplidar_node.hpp
[0.083s] -- Up-to-date: /home/raze/workspace/KDAIL-Forklift/ros2_ws/install/rplidar_ros/include/visibility.h
[0.083s] -- Up-to-date: /home/raze/workspace/KDAIL-Forklift/ros2_ws/install/rplidar_ros/lib/rplidar_ros/rplidar_composition
[0.083s] -- Up-to-date: /home/raze/workspace/KDAIL-Forklift/ros2_ws/install/rplidar_ros/share/ament_index/resource_index/package_run_dependencies/rplidar_ros
[0.083s] -- Up-to-date: /home/raze/workspace/KDAIL-Forklift/ros2_ws/install/rplidar_ros/share/ament_index/resource_index/parent_prefix_path/rplidar_ros
[0.083s] -- Up-to-date: /home/raze/workspace/KDAIL-Forklift/ros2_ws/install/rplidar_ros/share/rplidar_ros/environment/ament_prefix_path.sh
[0.083s] -- Up-to-date: /home/raze/workspace/KDAIL-Forklift/ros2_ws/install/rplidar_ros/share/rplidar_ros/environment/ament_prefix_path.dsv
[0.083s] -- Up-to-date: /home/raze/workspace/KDAIL-Forklift/ros2_ws/install/rplidar_ros/share/rplidar_ros/environment/path.sh
[0.083s] -- Up-to-date: /home/raze/workspace/KDAIL-Forklift/ros2_ws/install/rplidar_ros/share/rplidar_ros/environment/path.dsv
[0.083s] -- Up-to-date: /home/raze/workspace/KDAIL-Forklift/ros2_ws/install/rplidar_ros/share/rplidar_ros/local_setup.bash
[0.083s] -- Up-to-date: /home/raze/workspace/KDAIL-Forklift/ros2_ws/install/rplidar_ros/share/rplidar_ros/local_setup.sh
[0.083s] -- Up-to-date: /home/raze/workspace/KDAIL-Forklift/ros2_ws/install/rplidar_ros/share/rplidar_ros/local_setup.zsh
[0.083s] -- Up-to-date: /home/raze/workspace/KDAIL-Forklift/ros2_ws/install/rplidar_ros/share/rplidar_ros/local_setup.dsv
[0.083s] -- Installing: /home/raze/workspace/KDAIL-Forklift/ros2_ws/install/rplidar_ros/share/rplidar_ros/package.dsv
[0.084s] -- Up-to-date: /home/raze/workspace/KDAIL-Forklift/ros2_ws/install/rplidar_ros/share/ament_index/resource_index/packages/rplidar_ros
[0.084s] -- Up-to-date: /home/raze/workspace/KDAIL-Forklift/ros2_ws/install/rplidar_ros/share/ament_index/resource_index/rclcpp_components/rplidar_ros
[0.084s] -- Up-to-date: /home/raze/workspace/KDAIL-Forklift/ros2_ws/install/rplidar_ros/share/rplidar_ros/cmake/ament_cmake_export_dependencies-extras.cmake
[0.084s] -- Up-to-date: /home/raze/workspace/KDAIL-Forklift/ros2_ws/install/rplidar_ros/share/rplidar_ros/cmake/ament_cmake_export_include_directories-extras.cmake
[0.084s] -- Up-to-date: /home/raze/workspace/KDAIL-Forklift/ros2_ws/install/rplidar_ros/share/rplidar_ros/cmake/rplidar_rosConfig.cmake
[0.084s] -- Up-to-date: /home/raze/workspace/KDAIL-Forklift/ros2_ws/install/rplidar_ros/share/rplidar_ros/cmake/rplidar_rosConfig-version.cmake
[0.084s] -- Up-to-date: /home/raze/workspace/KDAIL-Forklift/ros2_ws/install/rplidar_ros/share/rplidar_ros/package.xml
[0.085s] Invoked command in '/home/raze/workspace/KDAIL-Forklift/ros2_ws/build/rplidar_ros' returned '0': CMAKE_PREFIX_PATH=${CMAKE_PREFIX_PATH}:/opt/ros/humble PS1=\[\033[36m\]\u\[\033[0m\]@\[\033[32m\]\h\[\033[0m\]:\[\033[33m\]\w\[\033[0m\]\$ /usr/bin/cmake --install /home/raze/workspace/KDAIL-Forklift/ros2_ws/build/rplidar_ros
