[0.007s] Invoking command in '/home/vishal/kdail/KDAIL-Forklift/ros2_ws/build/Forklift_Firmware': CMAKE_PREFIX_PATH=/home/vishal/ros2_ws/install/demo1:/opt/ros/humble /usr/bin/cmake /home/vishal/kdail/KDAIL-Forklift/ros2_ws/src/Forklift_Firmware -DCMAKE_INSTALL_PREFIX=/home/vishal/kdail/KDAIL-Forklift/ros2_ws/install/Forklift_Firmware
[0.068s] -- The C compiler identification is GNU 11.4.0
[0.125s] -- The CXX compiler identification is GNU 11.4.0
[0.131s] -- Detecting C compiler ABI info
[0.183s] -- Detecting C compiler ABI info - done
[0.188s] -- Check for working C compiler: /usr/bin/cc - skipped
[0.188s] -- Detecting C compile features
[0.189s] -- Detecting C compile features - done
[0.191s] -- Detecting CXX compiler ABI info
[0.254s] -- Detecting CXX compiler ABI info - done
[0.263s] -- Check for working CXX compiler: /usr/bin/c++ - skipped
[0.263s] -- Detecting CXX compile features
[0.264s] -- Detecting CXX compile features - done
[0.265s] -- Found ament_cmake: 1.3.11 (/opt/ros/humble/share/ament_cmake/cmake)
[0.393s] -- Found Python3: /usr/bin/python3 (found version "3.10.12") found components: Interpreter 
[0.456s] -- Found rclpy: 3.3.16 (/opt/ros/humble/share/rclpy/cmake)
[0.457s] -- Found sensor_msgs: 4.8.0 (/opt/ros/humble/share/sensor_msgs/cmake)
[0.485s] -- Found rosidl_generator_c: 3.1.6 (/opt/ros/humble/share/rosidl_generator_c/cmake)
[0.489s] -- Found rosidl_adapter: 3.1.6 (/opt/ros/humble/share/rosidl_adapter/cmake)
[0.496s] -- Found rosidl_generator_cpp: 3.1.6 (/opt/ros/humble/share/rosidl_generator_cpp/cmake)
[0.506s] -- Using all available rosidl_typesupport_c: rosidl_typesupport_fastrtps_c;rosidl_typesupport_introspection_c
[0.519s] -- Using all available rosidl_typesupport_cpp: rosidl_typesupport_fastrtps_cpp;rosidl_typesupport_introspection_cpp
[0.564s] -- Found nav_msgs: 4.8.0 (/opt/ros/humble/share/nav_msgs/cmake)
[0.579s] -- Found ament_lint_auto: 0.12.12 (/opt/ros/humble/share/ament_lint_auto/cmake)
[0.617s] WARNING: Package name "Forklift_Firmware" does not follow the naming conventions. It should start with a lower case letter and only contain lower case letters, digits, underscores, and dashes.
[0.636s] -- Added test 'flake8' to check Python code syntax and style conventions
[0.636s] -- Added test 'lint_cmake' to check CMake code style
[0.637s] -- Added test 'pep257' to check Python code against some of the docstring style conventions in PEP 257
[0.638s] -- Added test 'xmllint' to check XML markup files
[0.640s] -- Configuring done
[0.643s] -- Generating done
[0.644s] -- Build files have been written to: /home/vishal/kdail/KDAIL-Forklift/ros2_ws/build/Forklift_Firmware
[0.650s] Invoked command in '/home/vishal/kdail/KDAIL-Forklift/ros2_ws/build/Forklift_Firmware' returned '0': CMAKE_PREFIX_PATH=/home/vishal/ros2_ws/install/demo1:/opt/ros/humble /usr/bin/cmake /home/vishal/kdail/KDAIL-Forklift/ros2_ws/src/Forklift_Firmware -DCMAKE_INSTALL_PREFIX=/home/vishal/kdail/KDAIL-Forklift/ros2_ws/install/Forklift_Firmware
[0.650s] Invoking command in '/home/vishal/kdail/KDAIL-Forklift/ros2_ws/build/Forklift_Firmware': CMAKE_PREFIX_PATH=/home/vishal/ros2_ws/install/demo1:/opt/ros/humble /usr/bin/cmake --build /home/vishal/kdail/KDAIL-Forklift/ros2_ws/build/Forklift_Firmware -- -j12 -l12
[0.681s] Invoked command in '/home/vishal/kdail/KDAIL-Forklift/ros2_ws/build/Forklift_Firmware' returned '0': CMAKE_PREFIX_PATH=/home/vishal/ros2_ws/install/demo1:/opt/ros/humble /usr/bin/cmake --build /home/vishal/kdail/KDAIL-Forklift/ros2_ws/build/Forklift_Firmware -- -j12 -l12
[0.688s] Invoking command in '/home/vishal/kdail/KDAIL-Forklift/ros2_ws/build/Forklift_Firmware': CMAKE_PREFIX_PATH=/home/vishal/ros2_ws/install/demo1:/opt/ros/humble /usr/bin/cmake --install /home/vishal/kdail/KDAIL-Forklift/ros2_ws/build/Forklift_Firmware
[0.695s] -- Install configuration: ""
[0.695s] -- Installing: /home/vishal/kdail/KDAIL-Forklift/ros2_ws/install/Forklift_Firmware/lib/Forklift_Firmware/imu_publisher.py
[0.695s] -- Installing: /home/vishal/kdail/KDAIL-Forklift/ros2_ws/install/Forklift_Firmware/lib/Forklift_Firmware/uwb_to_odom.py
[0.695s] -- Installing: /home/vishal/kdail/KDAIL-Forklift/ros2_ws/install/Forklift_Firmware/lib/Forklift_Firmware/dummy_uwb_publisher.py
[0.695s] -- Installing: /home/vishal/kdail/KDAIL-Forklift/ros2_ws/install/Forklift_Firmware/lib/Forklift_Firmware/imu_pub.py
[0.695s] -- Installing: /home/vishal/kdail/KDAIL-Forklift/ros2_ws/install/Forklift_Firmware/share/Forklift_Firmware/urdf
[0.695s] -- Installing: /home/vishal/kdail/KDAIL-Forklift/ros2_ws/install/Forklift_Firmware/share/Forklift_Firmware/urdf/my_robot.urdf.xacro
[0.695s] -- Installing: /home/vishal/kdail/KDAIL-Forklift/ros2_ws/install/Forklift_Firmware/share/Forklift_Firmware/rviz
[0.695s] -- Installing: /home/vishal/kdail/KDAIL-Forklift/ros2_ws/install/Forklift_Firmware/share/Forklift_Firmware/rviz/urdf.rviz
[0.695s] -- Installing: /home/vishal/kdail/KDAIL-Forklift/ros2_ws/install/Forklift_Firmware/share/Forklift_Firmware/launch
[0.695s] -- Installing: /home/vishal/kdail/KDAIL-Forklift/ros2_ws/install/Forklift_Firmware/share/Forklift_Firmware/launch/display.launch.py
[0.696s] -- Installing: /home/vishal/kdail/KDAIL-Forklift/ros2_ws/install/Forklift_Firmware/share/ament_index/resource_index/package_run_dependencies/Forklift_Firmware
[0.696s] -- Installing: /home/vishal/kdail/KDAIL-Forklift/ros2_ws/install/Forklift_Firmware/share/ament_index/resource_index/parent_prefix_path/Forklift_Firmware
[0.696s] -- Installing: /home/vishal/kdail/KDAIL-Forklift/ros2_ws/install/Forklift_Firmware/share/Forklift_Firmware/environment/ament_prefix_path.sh
[0.696s] -- Installing: /home/vishal/kdail/KDAIL-Forklift/ros2_ws/install/Forklift_Firmware/share/Forklift_Firmware/environment/ament_prefix_path.dsv
[0.696s] -- Installing: /home/vishal/kdail/KDAIL-Forklift/ros2_ws/install/Forklift_Firmware/share/Forklift_Firmware/environment/path.sh
[0.696s] -- Installing: /home/vishal/kdail/KDAIL-Forklift/ros2_ws/install/Forklift_Firmware/share/Forklift_Firmware/environment/path.dsv
[0.696s] -- Installing: /home/vishal/kdail/KDAIL-Forklift/ros2_ws/install/Forklift_Firmware/share/Forklift_Firmware/local_setup.bash
[0.696s] -- Installing: /home/vishal/kdail/KDAIL-Forklift/ros2_ws/install/Forklift_Firmware/share/Forklift_Firmware/local_setup.sh
[0.696s] -- Installing: /home/vishal/kdail/KDAIL-Forklift/ros2_ws/install/Forklift_Firmware/share/Forklift_Firmware/local_setup.zsh
[0.696s] -- Installing: /home/vishal/kdail/KDAIL-Forklift/ros2_ws/install/Forklift_Firmware/share/Forklift_Firmware/local_setup.dsv
[0.696s] -- Installing: /home/vishal/kdail/KDAIL-Forklift/ros2_ws/install/Forklift_Firmware/share/Forklift_Firmware/package.dsv
[0.696s] -- Installing: /home/vishal/kdail/KDAIL-Forklift/ros2_ws/install/Forklift_Firmware/share/ament_index/resource_index/packages/Forklift_Firmware
[0.696s] -- Installing: /home/vishal/kdail/KDAIL-Forklift/ros2_ws/install/Forklift_Firmware/share/Forklift_Firmware/cmake/Forklift_FirmwareConfig.cmake
[0.696s] -- Installing: /home/vishal/kdail/KDAIL-Forklift/ros2_ws/install/Forklift_Firmware/share/Forklift_Firmware/cmake/Forklift_FirmwareConfig-version.cmake
[0.696s] -- Installing: /home/vishal/kdail/KDAIL-Forklift/ros2_ws/install/Forklift_Firmware/share/Forklift_Firmware/package.xml
[0.698s] Invoked command in '/home/vishal/kdail/KDAIL-Forklift/ros2_ws/build/Forklift_Firmware' returned '0': CMAKE_PREFIX_PATH=/home/vishal/ros2_ws/install/demo1:/opt/ros/humble /usr/bin/cmake --install /home/vishal/kdail/KDAIL-Forklift/ros2_ws/build/Forklift_Firmware
