[0.010s] Invoking command in '/home/raze/workspace/KDAIL-Forklift/build/Forklift_Firmware': CMAKE_PREFIX_PATH=${CMAKE_PREFIX_PATH}:/opt/ros/humble PS1=\[\033[36m\]\u\[\033[0m\]@\[\033[32m\]\h\[\033[0m\]:\[\033[33m\]\w\[\033[0m\]\$ /usr/bin/cmake --build /home/raze/workspace/KDAIL-Forklift/build/Forklift_Firmware -- -j14 -l14
[0.038s] Invoked command in '/home/raze/workspace/KDAIL-Forklift/build/Forklift_Firmware' returned '0': CMAKE_PREFIX_PATH=${CMAKE_PREFIX_PATH}:/opt/ros/humble PS1=\[\033[36m\]\u\[\033[0m\]@\[\033[32m\]\h\[\033[0m\]:\[\033[33m\]\w\[\033[0m\]\$ /usr/bin/cmake --build /home/raze/workspace/KDAIL-Forklift/build/Forklift_Firmware -- -j14 -l14
[0.047s] Invoking command in '/home/raze/workspace/KDAIL-Forklift/build/Forklift_Firmware': CMAKE_PREFIX_PATH=${CMAKE_PREFIX_PATH}:/opt/ros/humble PS1=\[\033[36m\]\u\[\033[0m\]@\[\033[32m\]\h\[\033[0m\]:\[\033[33m\]\w\[\033[0m\]\$ /usr/bin/cmake --install /home/raze/workspace/KDAIL-Forklift/build/Forklift_Firmware
[0.051s] -- Install configuration: ""
[0.051s] -- Up-to-date: /home/raze/workspace/KDAIL-Forklift/install/Forklift_Firmware/lib/Forklift_Firmware/dummy_uwb_publisher.py
[0.051s] -- Up-to-date: /home/raze/workspace/KDAIL-Forklift/install/Forklift_Firmware/lib/Forklift_Firmware/aruco-detection-and-streaming.py
[0.051s] -- Installing: /home/raze/workspace/KDAIL-Forklift/install/Forklift_Firmware/lib/Forklift_Firmware/imu_esp_pub.py
[0.051s] -- Up-to-date: /home/raze/workspace/KDAIL-Forklift/install/Forklift_Firmware/lib/Forklift_Firmware/uwb_xy.py
[0.051s] -- Up-to-date: /home/raze/workspace/KDAIL-Forklift/install/Forklift_Firmware/lib/Forklift_Firmware/uwb_imu_fusion.py
[0.051s] -- Up-to-date: /home/raze/workspace/KDAIL-Forklift/install/Forklift_Firmware/lib/Forklift_Firmware/uwb_raw_publisher.py
[0.051s] -- Up-to-date: /home/raze/workspace/KDAIL-Forklift/install/Forklift_Firmware/lib/Forklift_Firmware/uwb_fusion_test.py
[0.051s] -- Up-to-date: /home/raze/workspace/KDAIL-Forklift/install/Forklift_Firmware/lib/Forklift_Firmware/dynamic_uwb_positioning.py
[0.051s] -- Up-to-date: /home/raze/workspace/KDAIL-Forklift/install/Forklift_Firmware/lib/Forklift_Firmware/test_uwb_imu_publisher.py
[0.051s] -- Up-to-date: /home/raze/workspace/KDAIL-Forklift/install/Forklift_Firmware/lib/Forklift_Firmware/coordinate_system_visualizer.py
[0.051s] -- Up-to-date: /home/raze/workspace/KDAIL-Forklift/install/Forklift_Firmware/share/Forklift_Firmware/urdf
[0.051s] -- Up-to-date: /home/raze/workspace/KDAIL-Forklift/install/Forklift_Firmware/share/Forklift_Firmware/urdf/my_robot.urdf.xacro
[0.052s] -- Up-to-date: /home/raze/workspace/KDAIL-Forklift/install/Forklift_Firmware/share/Forklift_Firmware/rviz
[0.052s] -- Up-to-date: /home/raze/workspace/KDAIL-Forklift/install/Forklift_Firmware/share/Forklift_Firmware/rviz/urdf.rviz
[0.052s] -- Up-to-date: /home/raze/workspace/KDAIL-Forklift/install/Forklift_Firmware/share/Forklift_Firmware/launch
[0.052s] -- Up-to-date: /home/raze/workspace/KDAIL-Forklift/install/Forklift_Firmware/share/Forklift_Firmware/launch/static_slam.launch.py
[0.052s] -- Up-to-date: /home/raze/workspace/KDAIL-Forklift/install/Forklift_Firmware/share/Forklift_Firmware/launch/uwb_fusion_system.launch.py
[0.052s] -- Up-to-date: /home/raze/workspace/KDAIL-Forklift/install/Forklift_Firmware/share/Forklift_Firmware/launch/display.launch.py
[0.052s] -- Up-to-date: /home/raze/workspace/KDAIL-Forklift/install/Forklift_Firmware/share/ament_index/resource_index/package_run_dependencies/Forklift_Firmware
[0.052s] -- Up-to-date: /home/raze/workspace/KDAIL-Forklift/install/Forklift_Firmware/share/ament_index/resource_index/parent_prefix_path/Forklift_Firmware
[0.052s] -- Up-to-date: /home/raze/workspace/KDAIL-Forklift/install/Forklift_Firmware/share/Forklift_Firmware/environment/ament_prefix_path.sh
[0.052s] -- Up-to-date: /home/raze/workspace/KDAIL-Forklift/install/Forklift_Firmware/share/Forklift_Firmware/environment/ament_prefix_path.dsv
[0.052s] -- Up-to-date: /home/raze/workspace/KDAIL-Forklift/install/Forklift_Firmware/share/Forklift_Firmware/environment/path.sh
[0.052s] -- Up-to-date: /home/raze/workspace/KDAIL-Forklift/install/Forklift_Firmware/share/Forklift_Firmware/environment/path.dsv
[0.052s] -- Up-to-date: /home/raze/workspace/KDAIL-Forklift/install/Forklift_Firmware/share/Forklift_Firmware/local_setup.bash
[0.052s] -- Up-to-date: /home/raze/workspace/KDAIL-Forklift/install/Forklift_Firmware/share/Forklift_Firmware/local_setup.sh
[0.052s] -- Up-to-date: /home/raze/workspace/KDAIL-Forklift/install/Forklift_Firmware/share/Forklift_Firmware/local_setup.zsh
[0.052s] -- Up-to-date: /home/raze/workspace/KDAIL-Forklift/install/Forklift_Firmware/share/Forklift_Firmware/local_setup.dsv
[0.052s] -- Installing: /home/raze/workspace/KDAIL-Forklift/install/Forklift_Firmware/share/Forklift_Firmware/package.dsv
[0.052s] -- Up-to-date: /home/raze/workspace/KDAIL-Forklift/install/Forklift_Firmware/share/ament_index/resource_index/packages/Forklift_Firmware
[0.052s] -- Up-to-date: /home/raze/workspace/KDAIL-Forklift/install/Forklift_Firmware/share/Forklift_Firmware/cmake/Forklift_FirmwareConfig.cmake
[0.053s] -- Up-to-date: /home/raze/workspace/KDAIL-Forklift/install/Forklift_Firmware/share/Forklift_Firmware/cmake/Forklift_FirmwareConfig-version.cmake
[0.053s] -- Up-to-date: /home/raze/workspace/KDAIL-Forklift/install/Forklift_Firmware/share/Forklift_Firmware/package.xml
[0.054s] Invoked command in '/home/raze/workspace/KDAIL-Forklift/build/Forklift_Firmware' returned '0': CMAKE_PREFIX_PATH=${CMAKE_PREFIX_PATH}:/opt/ros/humble PS1=\[\033[36m\]\u\[\033[0m\]@\[\033[32m\]\h\[\033[0m\]:\[\033[33m\]\w\[\033[0m\]\$ /usr/bin/cmake --install /home/raze/workspace/KDAIL-Forklift/build/Forklift_Firmware
