[0.055s] DEBUG:colcon:Command line arguments: ['/usr/bin/colcon', 'build']
[0.055s] DEBUG:colcon:Parsed command line arguments: Namespace(log_base=None, log_level=None, verb_name='build', build_base='build', install_base='install', merge_install=False, symlink_install=False, test_result_base=None, continue_on_error=False, executor='parallel', parallel_workers=14, event_handlers=None, ignore_user_meta=False, metas=['./colcon.meta'], base_paths=['.'], packages_ignore=None, packages_ignore_regex=None, paths=None, packages_up_to=None, packages_up_to_regex=None, packages_above=None, packages_above_and_dependencies=None, packages_above_depth=None, packages_select_by_dep=None, packages_skip_by_dep=None, packages_skip_up_to=None, packages_select_build_failed=False, packages_skip_build_finished=False, packages_select_test_failures=False, packages_skip_test_passed=False, packages_select=None, packages_skip=None, packages_select_regex=None, packages_skip_regex=None, packages_start=None, packages_end=None, allow_overriding=[], cmake_args=None, cmake_target=None, cmake_target_skip_unavailable=False, cmake_clean_cache=False, cmake_clean_first=False, cmake_force_configure=False, ament_cmake_args=None, catkin_cmake_args=None, catkin_skip_building_tests=False, verb_parser=<colcon_defaults.argument_parser.defaults.DefaultArgumentsDecorator object at 0x731cb0965c60>, verb_extension=<colcon_core.verb.build.BuildVerb object at 0x731cb0ad72e0>, main=<bound method BuildVerb.main of <colcon_core.verb.build.BuildVerb object at 0x731cb0ad72e0>>)
[0.144s] Level 1:colcon.colcon_core.package_discovery:discover_packages(colcon_meta) check parameters
[0.144s] Level 1:colcon.colcon_core.package_discovery:discover_packages(recursive) check parameters
[0.144s] Level 1:colcon.colcon_core.package_discovery:discover_packages(ignore) check parameters
[0.144s] Level 1:colcon.colcon_core.package_discovery:discover_packages(path) check parameters
[0.144s] Level 1:colcon.colcon_core.package_discovery:discover_packages(colcon_meta) discover
[0.144s] Level 1:colcon.colcon_core.package_discovery:discover_packages(recursive) discover
[0.144s] INFO:colcon.colcon_core.package_discovery:Crawling recursively for packages in '/home/raze/workspace/KDAIL-Forklift'
[0.144s] Level 1:colcon.colcon_core.package_identification:_identify(.) by extensions ['ignore', 'ignore_ament_install']
[0.144s] Level 1:colcon.colcon_core.package_identification:_identify(.) by extension 'ignore'
[0.144s] Level 1:colcon.colcon_core.package_identification:_identify(.) by extension 'ignore_ament_install'
[0.144s] Level 1:colcon.colcon_core.package_identification:_identify(.) by extensions ['colcon_pkg']
[0.144s] Level 1:colcon.colcon_core.package_identification:_identify(.) by extension 'colcon_pkg'
[0.144s] Level 1:colcon.colcon_core.package_identification:_identify(.) by extensions ['colcon_meta']
[0.144s] Level 1:colcon.colcon_core.package_identification:_identify(.) by extension 'colcon_meta'
[0.144s] Level 1:colcon.colcon_core.package_identification:_identify(.) by extensions ['ros']
[0.144s] Level 1:colcon.colcon_core.package_identification:_identify(.) by extension 'ros'
[0.155s] Level 1:colcon.colcon_core.package_identification:_identify(.) by extensions ['cmake', 'python']
[0.155s] Level 1:colcon.colcon_core.package_identification:_identify(.) by extension 'cmake'
[0.156s] Level 1:colcon.colcon_core.package_identification:_identify(.) by extension 'python'
[0.156s] Level 1:colcon.colcon_core.package_identification:_identify(.) by extensions ['python_setup_py']
[0.156s] Level 1:colcon.colcon_core.package_identification:_identify(.) by extension 'python_setup_py'
[0.156s] Level 1:colcon.colcon_core.package_identification:_identify(IMU_SEN-19895) by extensions ['ignore', 'ignore_ament_install']
[0.156s] Level 1:colcon.colcon_core.package_identification:_identify(IMU_SEN-19895) by extension 'ignore'
[0.156s] Level 1:colcon.colcon_core.package_identification:_identify(IMU_SEN-19895) by extension 'ignore_ament_install'
[0.156s] Level 1:colcon.colcon_core.package_identification:_identify(IMU_SEN-19895) by extensions ['colcon_pkg']
[0.156s] Level 1:colcon.colcon_core.package_identification:_identify(IMU_SEN-19895) by extension 'colcon_pkg'
[0.156s] Level 1:colcon.colcon_core.package_identification:_identify(IMU_SEN-19895) by extensions ['colcon_meta']
[0.156s] Level 1:colcon.colcon_core.package_identification:_identify(IMU_SEN-19895) by extension 'colcon_meta'
[0.156s] Level 1:colcon.colcon_core.package_identification:_identify(IMU_SEN-19895) by extensions ['ros']
[0.156s] Level 1:colcon.colcon_core.package_identification:_identify(IMU_SEN-19895) by extension 'ros'
[0.156s] Level 1:colcon.colcon_core.package_identification:_identify(IMU_SEN-19895) by extensions ['cmake', 'python']
[0.156s] Level 1:colcon.colcon_core.package_identification:_identify(IMU_SEN-19895) by extension 'cmake'
[0.156s] Level 1:colcon.colcon_core.package_identification:_identify(IMU_SEN-19895) by extension 'python'
[0.156s] Level 1:colcon.colcon_core.package_identification:_identify(IMU_SEN-19895) by extensions ['python_setup_py']
[0.156s] Level 1:colcon.colcon_core.package_identification:_identify(IMU_SEN-19895) by extension 'python_setup_py'
[0.156s] Level 1:colcon.colcon_core.package_identification:_identify(IMU_SEN-19895/Calibrated_IMU_readings) by extensions ['ignore', 'ignore_ament_install']
[0.156s] Level 1:colcon.colcon_core.package_identification:_identify(IMU_SEN-19895/Calibrated_IMU_readings) by extension 'ignore'
[0.156s] Level 1:colcon.colcon_core.package_identification:_identify(IMU_SEN-19895/Calibrated_IMU_readings) by extension 'ignore_ament_install'
[0.156s] Level 1:colcon.colcon_core.package_identification:_identify(IMU_SEN-19895/Calibrated_IMU_readings) by extensions ['colcon_pkg']
[0.156s] Level 1:colcon.colcon_core.package_identification:_identify(IMU_SEN-19895/Calibrated_IMU_readings) by extension 'colcon_pkg'
[0.156s] Level 1:colcon.colcon_core.package_identification:_identify(IMU_SEN-19895/Calibrated_IMU_readings) by extensions ['colcon_meta']
[0.156s] Level 1:colcon.colcon_core.package_identification:_identify(IMU_SEN-19895/Calibrated_IMU_readings) by extension 'colcon_meta'
[0.156s] Level 1:colcon.colcon_core.package_identification:_identify(IMU_SEN-19895/Calibrated_IMU_readings) by extensions ['ros']
[0.156s] Level 1:colcon.colcon_core.package_identification:_identify(IMU_SEN-19895/Calibrated_IMU_readings) by extension 'ros'
[0.156s] Level 1:colcon.colcon_core.package_identification:_identify(IMU_SEN-19895/Calibrated_IMU_readings) by extensions ['cmake', 'python']
[0.156s] Level 1:colcon.colcon_core.package_identification:_identify(IMU_SEN-19895/Calibrated_IMU_readings) by extension 'cmake'
[0.156s] Level 1:colcon.colcon_core.package_identification:_identify(IMU_SEN-19895/Calibrated_IMU_readings) by extension 'python'
[0.156s] Level 1:colcon.colcon_core.package_identification:_identify(IMU_SEN-19895/Calibrated_IMU_readings) by extensions ['python_setup_py']
[0.156s] Level 1:colcon.colcon_core.package_identification:_identify(IMU_SEN-19895/Calibrated_IMU_readings) by extension 'python_setup_py'
[0.156s] Level 1:colcon.colcon_core.package_identification:_identify(IMU_SEN-19895/IMU_Clibration) by extensions ['ignore', 'ignore_ament_install']
[0.156s] Level 1:colcon.colcon_core.package_identification:_identify(IMU_SEN-19895/IMU_Clibration) by extension 'ignore'
[0.156s] Level 1:colcon.colcon_core.package_identification:_identify(IMU_SEN-19895/IMU_Clibration) by extension 'ignore_ament_install'
[0.156s] Level 1:colcon.colcon_core.package_identification:_identify(IMU_SEN-19895/IMU_Clibration) by extensions ['colcon_pkg']
[0.156s] Level 1:colcon.colcon_core.package_identification:_identify(IMU_SEN-19895/IMU_Clibration) by extension 'colcon_pkg'
[0.156s] Level 1:colcon.colcon_core.package_identification:_identify(IMU_SEN-19895/IMU_Clibration) by extensions ['colcon_meta']
[0.156s] Level 1:colcon.colcon_core.package_identification:_identify(IMU_SEN-19895/IMU_Clibration) by extension 'colcon_meta'
[0.156s] Level 1:colcon.colcon_core.package_identification:_identify(IMU_SEN-19895/IMU_Clibration) by extensions ['ros']
[0.156s] Level 1:colcon.colcon_core.package_identification:_identify(IMU_SEN-19895/IMU_Clibration) by extension 'ros'
[0.156s] Level 1:colcon.colcon_core.package_identification:_identify(IMU_SEN-19895/IMU_Clibration) by extensions ['cmake', 'python']
[0.156s] Level 1:colcon.colcon_core.package_identification:_identify(IMU_SEN-19895/IMU_Clibration) by extension 'cmake'
[0.156s] Level 1:colcon.colcon_core.package_identification:_identify(IMU_SEN-19895/IMU_Clibration) by extension 'python'
[0.156s] Level 1:colcon.colcon_core.package_identification:_identify(IMU_SEN-19895/IMU_Clibration) by extensions ['python_setup_py']
[0.156s] Level 1:colcon.colcon_core.package_identification:_identify(IMU_SEN-19895/IMU_Clibration) by extension 'python_setup_py'
[0.156s] Level 1:colcon.colcon_core.package_identification:_identify(aruco) by extensions ['ignore', 'ignore_ament_install']
[0.156s] Level 1:colcon.colcon_core.package_identification:_identify(aruco) by extension 'ignore'
[0.156s] Level 1:colcon.colcon_core.package_identification:_identify(aruco) by extension 'ignore_ament_install'
[0.157s] Level 1:colcon.colcon_core.package_identification:_identify(aruco) by extensions ['colcon_pkg']
[0.157s] Level 1:colcon.colcon_core.package_identification:_identify(aruco) by extension 'colcon_pkg'
[0.157s] Level 1:colcon.colcon_core.package_identification:_identify(aruco) by extensions ['colcon_meta']
[0.157s] Level 1:colcon.colcon_core.package_identification:_identify(aruco) by extension 'colcon_meta'
[0.157s] Level 1:colcon.colcon_core.package_identification:_identify(aruco) by extensions ['ros']
[0.157s] Level 1:colcon.colcon_core.package_identification:_identify(aruco) by extension 'ros'
[0.157s] Level 1:colcon.colcon_core.package_identification:_identify(aruco) by extensions ['cmake', 'python']
[0.157s] Level 1:colcon.colcon_core.package_identification:_identify(aruco) by extension 'cmake'
[0.157s] Level 1:colcon.colcon_core.package_identification:_identify(aruco) by extension 'python'
[0.157s] Level 1:colcon.colcon_core.package_identification:_identify(aruco) by extensions ['python_setup_py']
[0.157s] Level 1:colcon.colcon_core.package_identification:_identify(aruco) by extension 'python_setup_py'
[0.157s] Level 1:colcon.colcon_core.package_identification:_identify(basic-control) by extensions ['ignore', 'ignore_ament_install']
[0.157s] Level 1:colcon.colcon_core.package_identification:_identify(basic-control) by extension 'ignore'
[0.157s] Level 1:colcon.colcon_core.package_identification:_identify(basic-control) by extension 'ignore_ament_install'
[0.157s] Level 1:colcon.colcon_core.package_identification:_identify(basic-control) by extensions ['colcon_pkg']
[0.157s] Level 1:colcon.colcon_core.package_identification:_identify(basic-control) by extension 'colcon_pkg'
[0.157s] Level 1:colcon.colcon_core.package_identification:_identify(basic-control) by extensions ['colcon_meta']
[0.157s] Level 1:colcon.colcon_core.package_identification:_identify(basic-control) by extension 'colcon_meta'
[0.157s] Level 1:colcon.colcon_core.package_identification:_identify(basic-control) by extensions ['ros']
[0.157s] Level 1:colcon.colcon_core.package_identification:_identify(basic-control) by extension 'ros'
[0.157s] Level 1:colcon.colcon_core.package_identification:_identify(basic-control) by extensions ['cmake', 'python']
[0.157s] Level 1:colcon.colcon_core.package_identification:_identify(basic-control) by extension 'cmake'
[0.157s] Level 1:colcon.colcon_core.package_identification:_identify(basic-control) by extension 'python'
[0.157s] Level 1:colcon.colcon_core.package_identification:_identify(basic-control) by extensions ['python_setup_py']
[0.157s] Level 1:colcon.colcon_core.package_identification:_identify(basic-control) by extension 'python_setup_py'
[0.157s] Level 1:colcon.colcon_core.package_identification:_identify(build) by extensions ['ignore', 'ignore_ament_install']
[0.157s] Level 1:colcon.colcon_core.package_identification:_identify(build) by extension 'ignore'
[0.157s] Level 1:colcon.colcon_core.package_identification:_identify(build) ignored
[0.157s] Level 1:colcon.colcon_core.package_identification:_identify(install) by extensions ['ignore', 'ignore_ament_install']
[0.157s] Level 1:colcon.colcon_core.package_identification:_identify(install) by extension 'ignore'
[0.157s] Level 1:colcon.colcon_core.package_identification:_identify(install) ignored
[0.157s] Level 1:colcon.colcon_core.package_identification:_identify(log) by extensions ['ignore', 'ignore_ament_install']
[0.157s] Level 1:colcon.colcon_core.package_identification:_identify(log) by extension 'ignore'
[0.157s] Level 1:colcon.colcon_core.package_identification:_identify(log) ignored
[0.157s] Level 1:colcon.colcon_core.package_identification:_identify(ros2_ws) by extensions ['ignore', 'ignore_ament_install']
[0.157s] Level 1:colcon.colcon_core.package_identification:_identify(ros2_ws) by extension 'ignore'
[0.157s] Level 1:colcon.colcon_core.package_identification:_identify(ros2_ws) by extension 'ignore_ament_install'
[0.157s] Level 1:colcon.colcon_core.package_identification:_identify(ros2_ws) by extensions ['colcon_pkg']
[0.157s] Level 1:colcon.colcon_core.package_identification:_identify(ros2_ws) by extension 'colcon_pkg'
[0.157s] Level 1:colcon.colcon_core.package_identification:_identify(ros2_ws) by extensions ['colcon_meta']
[0.157s] Level 1:colcon.colcon_core.package_identification:_identify(ros2_ws) by extension 'colcon_meta'
[0.157s] Level 1:colcon.colcon_core.package_identification:_identify(ros2_ws) by extensions ['ros']
[0.157s] Level 1:colcon.colcon_core.package_identification:_identify(ros2_ws) by extension 'ros'
[0.157s] Level 1:colcon.colcon_core.package_identification:_identify(ros2_ws) by extensions ['cmake', 'python']
[0.157s] Level 1:colcon.colcon_core.package_identification:_identify(ros2_ws) by extension 'cmake'
[0.157s] Level 1:colcon.colcon_core.package_identification:_identify(ros2_ws) by extension 'python'
[0.157s] Level 1:colcon.colcon_core.package_identification:_identify(ros2_ws) by extensions ['python_setup_py']
[0.157s] Level 1:colcon.colcon_core.package_identification:_identify(ros2_ws) by extension 'python_setup_py'
[0.157s] Level 1:colcon.colcon_core.package_identification:_identify(ros2_ws/build) by extensions ['ignore', 'ignore_ament_install']
[0.158s] Level 1:colcon.colcon_core.package_identification:_identify(ros2_ws/build) by extension 'ignore'
[0.158s] Level 1:colcon.colcon_core.package_identification:_identify(ros2_ws/build) ignored
[0.158s] Level 1:colcon.colcon_core.package_identification:_identify(ros2_ws/install) by extensions ['ignore', 'ignore_ament_install']
[0.158s] Level 1:colcon.colcon_core.package_identification:_identify(ros2_ws/install) by extension 'ignore'
[0.158s] Level 1:colcon.colcon_core.package_identification:_identify(ros2_ws/install) ignored
[0.158s] Level 1:colcon.colcon_core.package_identification:_identify(ros2_ws/log) by extensions ['ignore', 'ignore_ament_install']
[0.158s] Level 1:colcon.colcon_core.package_identification:_identify(ros2_ws/log) by extension 'ignore'
[0.158s] Level 1:colcon.colcon_core.package_identification:_identify(ros2_ws/log) ignored
[0.158s] Level 1:colcon.colcon_core.package_identification:_identify(ros2_ws/src) by extensions ['ignore', 'ignore_ament_install']
[0.158s] Level 1:colcon.colcon_core.package_identification:_identify(ros2_ws/src) by extension 'ignore'
[0.158s] Level 1:colcon.colcon_core.package_identification:_identify(ros2_ws/src) by extension 'ignore_ament_install'
[0.158s] Level 1:colcon.colcon_core.package_identification:_identify(ros2_ws/src) by extensions ['colcon_pkg']
[0.158s] Level 1:colcon.colcon_core.package_identification:_identify(ros2_ws/src) by extension 'colcon_pkg'
[0.158s] Level 1:colcon.colcon_core.package_identification:_identify(ros2_ws/src) by extensions ['colcon_meta']
[0.158s] Level 1:colcon.colcon_core.package_identification:_identify(ros2_ws/src) by extension 'colcon_meta'
[0.158s] Level 1:colcon.colcon_core.package_identification:_identify(ros2_ws/src) by extensions ['ros']
[0.158s] Level 1:colcon.colcon_core.package_identification:_identify(ros2_ws/src) by extension 'ros'
[0.158s] Level 1:colcon.colcon_core.package_identification:_identify(ros2_ws/src) by extensions ['cmake', 'python']
[0.158s] Level 1:colcon.colcon_core.package_identification:_identify(ros2_ws/src) by extension 'cmake'
[0.158s] Level 1:colcon.colcon_core.package_identification:_identify(ros2_ws/src) by extension 'python'
[0.158s] Level 1:colcon.colcon_core.package_identification:_identify(ros2_ws/src) by extensions ['python_setup_py']
[0.158s] Level 1:colcon.colcon_core.package_identification:_identify(ros2_ws/src) by extension 'python_setup_py'
[0.158s] Level 1:colcon.colcon_core.package_identification:_identify(ros2_ws/src/Forklift_Firmware) by extensions ['ignore', 'ignore_ament_install']
[0.158s] Level 1:colcon.colcon_core.package_identification:_identify(ros2_ws/src/Forklift_Firmware) by extension 'ignore'
[0.158s] Level 1:colcon.colcon_core.package_identification:_identify(ros2_ws/src/Forklift_Firmware) by extension 'ignore_ament_install'
[0.158s] Level 1:colcon.colcon_core.package_identification:_identify(ros2_ws/src/Forklift_Firmware) by extensions ['colcon_pkg']
[0.158s] Level 1:colcon.colcon_core.package_identification:_identify(ros2_ws/src/Forklift_Firmware) by extension 'colcon_pkg'
[0.158s] Level 1:colcon.colcon_core.package_identification:_identify(ros2_ws/src/Forklift_Firmware) by extensions ['colcon_meta']
[0.158s] Level 1:colcon.colcon_core.package_identification:_identify(ros2_ws/src/Forklift_Firmware) by extension 'colcon_meta'
[0.158s] Level 1:colcon.colcon_core.package_identification:_identify(ros2_ws/src/Forklift_Firmware) by extensions ['ros']
[0.158s] Level 1:colcon.colcon_core.package_identification:_identify(ros2_ws/src/Forklift_Firmware) by extension 'ros'
[0.160s] DEBUG:colcon.colcon_core.package_identification:Package 'ros2_ws/src/Forklift_Firmware' with type 'ros.ament_cmake' and name 'Forklift_Firmware'
[0.160s] Level 1:colcon.colcon_core.package_identification:_identify(ros2_ws/src/cartographer_pkg) by extensions ['ignore', 'ignore_ament_install']
[0.160s] Level 1:colcon.colcon_core.package_identification:_identify(ros2_ws/src/cartographer_pkg) by extension 'ignore'
[0.160s] Level 1:colcon.colcon_core.package_identification:_identify(ros2_ws/src/cartographer_pkg) by extension 'ignore_ament_install'
[0.160s] Level 1:colcon.colcon_core.package_identification:_identify(ros2_ws/src/cartographer_pkg) by extensions ['colcon_pkg']
[0.160s] Level 1:colcon.colcon_core.package_identification:_identify(ros2_ws/src/cartographer_pkg) by extension 'colcon_pkg'
[0.160s] Level 1:colcon.colcon_core.package_identification:_identify(ros2_ws/src/cartographer_pkg) by extensions ['colcon_meta']
[0.160s] Level 1:colcon.colcon_core.package_identification:_identify(ros2_ws/src/cartographer_pkg) by extension 'colcon_meta'
[0.160s] Level 1:colcon.colcon_core.package_identification:_identify(ros2_ws/src/cartographer_pkg) by extensions ['ros']
[0.160s] Level 1:colcon.colcon_core.package_identification:_identify(ros2_ws/src/cartographer_pkg) by extension 'ros'
[0.161s] DEBUG:colcon.colcon_core.package_identification:Package 'ros2_ws/src/cartographer_pkg' with type 'ros.ament_cmake' and name 'cartographer_pkg'
[0.161s] Level 1:colcon.colcon_core.package_identification:_identify(ros2_ws/src/rplidar_ros) by extensions ['ignore', 'ignore_ament_install']
[0.161s] Level 1:colcon.colcon_core.package_identification:_identify(ros2_ws/src/rplidar_ros) by extension 'ignore'
[0.161s] Level 1:colcon.colcon_core.package_identification:_identify(ros2_ws/src/rplidar_ros) by extension 'ignore_ament_install'
[0.161s] Level 1:colcon.colcon_core.package_identification:_identify(ros2_ws/src/rplidar_ros) by extensions ['colcon_pkg']
[0.161s] Level 1:colcon.colcon_core.package_identification:_identify(ros2_ws/src/rplidar_ros) by extension 'colcon_pkg'
[0.161s] Level 1:colcon.colcon_core.package_identification:_identify(ros2_ws/src/rplidar_ros) by extensions ['colcon_meta']
[0.161s] Level 1:colcon.colcon_core.package_identification:_identify(ros2_ws/src/rplidar_ros) by extension 'colcon_meta'
[0.161s] Level 1:colcon.colcon_core.package_identification:_identify(ros2_ws/src/rplidar_ros) by extensions ['ros']
[0.161s] Level 1:colcon.colcon_core.package_identification:_identify(ros2_ws/src/rplidar_ros) by extension 'ros'
[0.161s] DEBUG:colcon.colcon_core.package_identification:Package 'ros2_ws/src/rplidar_ros' with type 'ros.ament_cmake' and name 'rplidar_ros'
[0.161s] Level 1:colcon.colcon_core.package_identification:_identify(tests) by extensions ['ignore', 'ignore_ament_install']
[0.161s] Level 1:colcon.colcon_core.package_identification:_identify(tests) by extension 'ignore'
[0.161s] Level 1:colcon.colcon_core.package_identification:_identify(tests) by extension 'ignore_ament_install'
[0.161s] Level 1:colcon.colcon_core.package_identification:_identify(tests) by extensions ['colcon_pkg']
[0.161s] Level 1:colcon.colcon_core.package_identification:_identify(tests) by extension 'colcon_pkg'
[0.162s] Level 1:colcon.colcon_core.package_identification:_identify(tests) by extensions ['colcon_meta']
[0.162s] Level 1:colcon.colcon_core.package_identification:_identify(tests) by extension 'colcon_meta'
[0.162s] Level 1:colcon.colcon_core.package_identification:_identify(tests) by extensions ['ros']
[0.162s] Level 1:colcon.colcon_core.package_identification:_identify(tests) by extension 'ros'
[0.162s] Level 1:colcon.colcon_core.package_identification:_identify(tests) by extensions ['cmake', 'python']
[0.162s] Level 1:colcon.colcon_core.package_identification:_identify(tests) by extension 'cmake'
[0.162s] Level 1:colcon.colcon_core.package_identification:_identify(tests) by extension 'python'
[0.162s] Level 1:colcon.colcon_core.package_identification:_identify(tests) by extensions ['python_setup_py']
[0.162s] Level 1:colcon.colcon_core.package_identification:_identify(tests) by extension 'python_setup_py'
[0.162s] Level 1:colcon.colcon_core.package_discovery:discover_packages(recursive) using defaults
[0.162s] Level 1:colcon.colcon_core.package_discovery:discover_packages(ignore) discover
[0.162s] Level 1:colcon.colcon_core.package_discovery:discover_packages(ignore) using defaults
[0.162s] Level 1:colcon.colcon_core.package_discovery:discover_packages(path) discover
[0.162s] Level 1:colcon.colcon_core.package_discovery:discover_packages(path) using defaults
[0.172s] Level 1:colcon.colcon_core.package_discovery:discover_packages(prefix_path) check parameters
[0.172s] Level 1:colcon.colcon_core.package_discovery:discover_packages(prefix_path) discover
[0.173s] DEBUG:colcon.colcon_installed_package_information.package_discovery:Found 3 installed packages in /home/raze/workspace/KDAIL-Forklift/install
[0.173s] DEBUG:colcon.colcon_installed_package_information.package_discovery:Found 4 installed packages in /home/raze/workspace/KDAIL-Forklift/ros2_ws/install
[0.174s] DEBUG:colcon.colcon_installed_package_information.package_discovery:Found 427 installed packages in /opt/ros/humble
[0.175s] Level 1:colcon.colcon_core.package_discovery:discover_packages(prefix_path) using defaults
[0.199s] Level 5:colcon.colcon_core.verb:set package 'Forklift_Firmware' build argument 'cmake_args' from command line to 'None'
[0.200s] Level 5:colcon.colcon_core.verb:set package 'Forklift_Firmware' build argument 'cmake_target' from command line to 'None'
[0.200s] Level 5:colcon.colcon_core.verb:set package 'Forklift_Firmware' build argument 'cmake_target_skip_unavailable' from command line to 'False'
[0.200s] Level 5:colcon.colcon_core.verb:set package 'Forklift_Firmware' build argument 'cmake_clean_cache' from command line to 'False'
[0.200s] Level 5:colcon.colcon_core.verb:set package 'Forklift_Firmware' build argument 'cmake_clean_first' from command line to 'False'
[0.200s] Level 5:colcon.colcon_core.verb:set package 'Forklift_Firmware' build argument 'cmake_force_configure' from command line to 'False'
[0.200s] Level 5:colcon.colcon_core.verb:set package 'Forklift_Firmware' build argument 'ament_cmake_args' from command line to 'None'
[0.200s] Level 5:colcon.colcon_core.verb:set package 'Forklift_Firmware' build argument 'catkin_cmake_args' from command line to 'None'
[0.200s] Level 5:colcon.colcon_core.verb:set package 'Forklift_Firmware' build argument 'catkin_skip_building_tests' from command line to 'False'
[0.200s] DEBUG:colcon.colcon_core.verb:Building package 'Forklift_Firmware' with the following arguments: {'ament_cmake_args': None, 'build_base': '/home/raze/workspace/KDAIL-Forklift/build/Forklift_Firmware', 'catkin_cmake_args': None, 'catkin_skip_building_tests': False, 'cmake_args': None, 'cmake_clean_cache': False, 'cmake_clean_first': False, 'cmake_force_configure': False, 'cmake_target': None, 'cmake_target_skip_unavailable': False, 'install_base': '/home/raze/workspace/KDAIL-Forklift/install/Forklift_Firmware', 'merge_install': False, 'path': '/home/raze/workspace/KDAIL-Forklift/ros2_ws/src/Forklift_Firmware', 'symlink_install': False, 'test_result_base': None}
[0.200s] Level 5:colcon.colcon_core.verb:set package 'cartographer_pkg' build argument 'cmake_args' from command line to 'None'
[0.200s] Level 5:colcon.colcon_core.verb:set package 'cartographer_pkg' build argument 'cmake_target' from command line to 'None'
[0.200s] Level 5:colcon.colcon_core.verb:set package 'cartographer_pkg' build argument 'cmake_target_skip_unavailable' from command line to 'False'
[0.200s] Level 5:colcon.colcon_core.verb:set package 'cartographer_pkg' build argument 'cmake_clean_cache' from command line to 'False'
[0.200s] Level 5:colcon.colcon_core.verb:set package 'cartographer_pkg' build argument 'cmake_clean_first' from command line to 'False'
[0.200s] Level 5:colcon.colcon_core.verb:set package 'cartographer_pkg' build argument 'cmake_force_configure' from command line to 'False'
[0.200s] Level 5:colcon.colcon_core.verb:set package 'cartographer_pkg' build argument 'ament_cmake_args' from command line to 'None'
[0.200s] Level 5:colcon.colcon_core.verb:set package 'cartographer_pkg' build argument 'catkin_cmake_args' from command line to 'None'
[0.200s] Level 5:colcon.colcon_core.verb:set package 'cartographer_pkg' build argument 'catkin_skip_building_tests' from command line to 'False'
[0.200s] DEBUG:colcon.colcon_core.verb:Building package 'cartographer_pkg' with the following arguments: {'ament_cmake_args': None, 'build_base': '/home/raze/workspace/KDAIL-Forklift/build/cartographer_pkg', 'catkin_cmake_args': None, 'catkin_skip_building_tests': False, 'cmake_args': None, 'cmake_clean_cache': False, 'cmake_clean_first': False, 'cmake_force_configure': False, 'cmake_target': None, 'cmake_target_skip_unavailable': False, 'install_base': '/home/raze/workspace/KDAIL-Forklift/install/cartographer_pkg', 'merge_install': False, 'path': '/home/raze/workspace/KDAIL-Forklift/ros2_ws/src/cartographer_pkg', 'symlink_install': False, 'test_result_base': None}
[0.200s] Level 5:colcon.colcon_core.verb:set package 'rplidar_ros' build argument 'cmake_args' from command line to 'None'
[0.200s] Level 5:colcon.colcon_core.verb:set package 'rplidar_ros' build argument 'cmake_target' from command line to 'None'
[0.200s] Level 5:colcon.colcon_core.verb:set package 'rplidar_ros' build argument 'cmake_target_skip_unavailable' from command line to 'False'
[0.200s] Level 5:colcon.colcon_core.verb:set package 'rplidar_ros' build argument 'cmake_clean_cache' from command line to 'False'
[0.200s] Level 5:colcon.colcon_core.verb:set package 'rplidar_ros' build argument 'cmake_clean_first' from command line to 'False'
[0.200s] Level 5:colcon.colcon_core.verb:set package 'rplidar_ros' build argument 'cmake_force_configure' from command line to 'False'
[0.200s] Level 5:colcon.colcon_core.verb:set package 'rplidar_ros' build argument 'ament_cmake_args' from command line to 'None'
[0.200s] Level 5:colcon.colcon_core.verb:set package 'rplidar_ros' build argument 'catkin_cmake_args' from command line to 'None'
[0.200s] Level 5:colcon.colcon_core.verb:set package 'rplidar_ros' build argument 'catkin_skip_building_tests' from command line to 'False'
[0.200s] DEBUG:colcon.colcon_core.verb:Building package 'rplidar_ros' with the following arguments: {'ament_cmake_args': None, 'build_base': '/home/raze/workspace/KDAIL-Forklift/build/rplidar_ros', 'catkin_cmake_args': None, 'catkin_skip_building_tests': False, 'cmake_args': None, 'cmake_clean_cache': False, 'cmake_clean_first': False, 'cmake_force_configure': False, 'cmake_target': None, 'cmake_target_skip_unavailable': False, 'install_base': '/home/raze/workspace/KDAIL-Forklift/install/rplidar_ros', 'merge_install': False, 'path': '/home/raze/workspace/KDAIL-Forklift/ros2_ws/src/rplidar_ros', 'symlink_install': False, 'test_result_base': None}
[0.200s] INFO:colcon.colcon_core.executor:Executing jobs using 'parallel' executor
[0.201s] DEBUG:colcon.colcon_parallel_executor.executor.parallel:run_until_complete
[0.201s] INFO:colcon.colcon_ros.task.ament_cmake.build:Building ROS package in '/home/raze/workspace/KDAIL-Forklift/ros2_ws/src/Forklift_Firmware' with build type 'ament_cmake'
[0.201s] INFO:colcon.colcon_cmake.task.cmake.build:Building CMake package in '/home/raze/workspace/KDAIL-Forklift/ros2_ws/src/Forklift_Firmware'
[0.203s] INFO:colcon.colcon_core.plugin_system:Skipping extension 'colcon_core.shell.bat': Not used on non-Windows systems
[0.203s] INFO:colcon.colcon_core.shell:Skip shell extension 'powershell' for command environment: Not usable outside of PowerShell
[0.203s] DEBUG:colcon.colcon_core.shell:Skip shell extension 'dsv' for command environment
[0.205s] INFO:colcon.colcon_ros.task.ament_cmake.build:Building ROS package in '/home/raze/workspace/KDAIL-Forklift/ros2_ws/src/cartographer_pkg' with build type 'ament_cmake'
[0.205s] INFO:colcon.colcon_cmake.task.cmake.build:Building CMake package in '/home/raze/workspace/KDAIL-Forklift/ros2_ws/src/cartographer_pkg'
[0.205s] INFO:colcon.colcon_core.shell:Skip shell extension 'powershell' for command environment: Not usable outside of PowerShell
[0.205s] DEBUG:colcon.colcon_core.shell:Skip shell extension 'dsv' for command environment
[0.207s] INFO:colcon.colcon_ros.task.ament_cmake.build:Building ROS package in '/home/raze/workspace/KDAIL-Forklift/ros2_ws/src/rplidar_ros' with build type 'ament_cmake'
[0.207s] INFO:colcon.colcon_cmake.task.cmake.build:Building CMake package in '/home/raze/workspace/KDAIL-Forklift/ros2_ws/src/rplidar_ros'
[0.208s] INFO:colcon.colcon_core.shell:Skip shell extension 'powershell' for command environment: Not usable outside of PowerShell
[0.208s] DEBUG:colcon.colcon_core.shell:Skip shell extension 'dsv' for command environment
[0.213s] DEBUG:colcon.colcon_core.event_handler.log_command:Invoking command in '/home/raze/workspace/KDAIL-Forklift/build/Forklift_Firmware': CMAKE_PREFIX_PATH=${CMAKE_PREFIX_PATH}:/opt/ros/humble PS1=\[\033[36m\]\u\[\033[0m\]@\[\033[32m\]\h\[\033[0m\]:\[\033[33m\]\w\[\033[0m\]\$ /usr/bin/cmake --build /home/raze/workspace/KDAIL-Forklift/build/Forklift_Firmware -- -j14 -l14
[0.214s] DEBUG:colcon.colcon_core.event_handler.log_command:Invoking command in '/home/raze/workspace/KDAIL-Forklift/build/cartographer_pkg': CMAKE_PREFIX_PATH=${CMAKE_PREFIX_PATH}:/opt/ros/humble PS1=\[\033[36m\]\u\[\033[0m\]@\[\033[32m\]\h\[\033[0m\]:\[\033[33m\]\w\[\033[0m\]\$ /usr/bin/cmake --build /home/raze/workspace/KDAIL-Forklift/build/cartographer_pkg -- -j14 -l14
[0.216s] DEBUG:colcon.colcon_core.event_handler.log_command:Invoking command in '/home/raze/workspace/KDAIL-Forklift/build/rplidar_ros': CMAKE_PREFIX_PATH=${CMAKE_PREFIX_PATH}:/opt/ros/humble PS1=\[\033[36m\]\u\[\033[0m\]@\[\033[32m\]\h\[\033[0m\]:\[\033[33m\]\w\[\033[0m\]\$ /usr/bin/cmake --build /home/raze/workspace/KDAIL-Forklift/build/rplidar_ros -- -j14 -l14
[0.240s] DEBUG:colcon.colcon_core.event_handler.log_command:Invoked command in '/home/raze/workspace/KDAIL-Forklift/build/Forklift_Firmware' returned '0': CMAKE_PREFIX_PATH=${CMAKE_PREFIX_PATH}:/opt/ros/humble PS1=\[\033[36m\]\u\[\033[0m\]@\[\033[32m\]\h\[\033[0m\]:\[\033[33m\]\w\[\033[0m\]\$ /usr/bin/cmake --build /home/raze/workspace/KDAIL-Forklift/build/Forklift_Firmware -- -j14 -l14
[0.249s] DEBUG:colcon.colcon_core.event_handler.log_command:Invoking command in '/home/raze/workspace/KDAIL-Forklift/build/Forklift_Firmware': CMAKE_PREFIX_PATH=${CMAKE_PREFIX_PATH}:/opt/ros/humble PS1=\[\033[36m\]\u\[\033[0m\]@\[\033[32m\]\h\[\033[0m\]:\[\033[33m\]\w\[\033[0m\]\$ /usr/bin/cmake --install /home/raze/workspace/KDAIL-Forklift/build/Forklift_Firmware
[0.250s] DEBUG:colcon.colcon_core.event_handler.log_command:Invoked command in '/home/raze/workspace/KDAIL-Forklift/build/cartographer_pkg' returned '0': CMAKE_PREFIX_PATH=${CMAKE_PREFIX_PATH}:/opt/ros/humble PS1=\[\033[36m\]\u\[\033[0m\]@\[\033[32m\]\h\[\033[0m\]:\[\033[33m\]\w\[\033[0m\]\$ /usr/bin/cmake --build /home/raze/workspace/KDAIL-Forklift/build/cartographer_pkg -- -j14 -l14
[0.251s] DEBUG:colcon.colcon_core.event_handler.log_command:Invoking command in '/home/raze/workspace/KDAIL-Forklift/build/cartographer_pkg': CMAKE_PREFIX_PATH=${CMAKE_PREFIX_PATH}:/opt/ros/humble PS1=\[\033[36m\]\u\[\033[0m\]@\[\033[32m\]\h\[\033[0m\]:\[\033[33m\]\w\[\033[0m\]\$ /usr/bin/cmake --install /home/raze/workspace/KDAIL-Forklift/build/cartographer_pkg
[0.255s] Level 1:colcon.colcon_core.environment:create_environment_scripts_only(Forklift_Firmware)
[0.256s] DEBUG:colcon.colcon_core.event_handler.log_command:Invoked command in '/home/raze/workspace/KDAIL-Forklift/build/Forklift_Firmware' returned '0': CMAKE_PREFIX_PATH=${CMAKE_PREFIX_PATH}:/opt/ros/humble PS1=\[\033[36m\]\u\[\033[0m\]@\[\033[32m\]\h\[\033[0m\]:\[\033[33m\]\w\[\033[0m\]\$ /usr/bin/cmake --install /home/raze/workspace/KDAIL-Forklift/build/Forklift_Firmware
[0.259s] Level 1:colcon.colcon_core.environment:checking '/home/raze/workspace/KDAIL-Forklift/install/Forklift_Firmware' for CMake module files
[0.259s] Level 1:colcon.colcon_core.environment:checking '/home/raze/workspace/KDAIL-Forklift/install/Forklift_Firmware' for CMake config files
[0.260s] Level 1:colcon.colcon_core.shell:create_environment_hook('Forklift_Firmware', 'cmake_prefix_path')
[0.260s] INFO:colcon.colcon_core.shell:Creating environment hook '/home/raze/workspace/KDAIL-Forklift/install/Forklift_Firmware/share/Forklift_Firmware/hook/cmake_prefix_path.ps1'
[0.261s] INFO:colcon.colcon_core.shell:Creating environment descriptor '/home/raze/workspace/KDAIL-Forklift/install/Forklift_Firmware/share/Forklift_Firmware/hook/cmake_prefix_path.dsv'
[0.261s] INFO:colcon.colcon_core.shell:Creating environment hook '/home/raze/workspace/KDAIL-Forklift/install/Forklift_Firmware/share/Forklift_Firmware/hook/cmake_prefix_path.sh'
[0.262s] Level 1:colcon.colcon_core.environment:checking '/home/raze/workspace/KDAIL-Forklift/install/Forklift_Firmware/lib'
[0.262s] Level 1:colcon.colcon_core.environment:checking '/home/raze/workspace/KDAIL-Forklift/install/Forklift_Firmware/bin'
[0.262s] Level 1:colcon.colcon_core.environment:checking '/home/raze/workspace/KDAIL-Forklift/install/Forklift_Firmware/lib/pkgconfig/Forklift_Firmware.pc'
[0.262s] Level 1:colcon.colcon_core.environment:checking '/home/raze/workspace/KDAIL-Forklift/install/Forklift_Firmware/lib/python3.10/site-packages'
[0.263s] Level 1:colcon.colcon_core.environment:checking '/home/raze/workspace/KDAIL-Forklift/install/Forklift_Firmware/bin'
[0.263s] INFO:colcon.colcon_core.shell:Creating package script '/home/raze/workspace/KDAIL-Forklift/install/Forklift_Firmware/share/Forklift_Firmware/package.ps1'
[0.263s] INFO:colcon.colcon_core.shell:Creating package descriptor '/home/raze/workspace/KDAIL-Forklift/install/Forklift_Firmware/share/Forklift_Firmware/package.dsv'
[0.264s] INFO:colcon.colcon_core.shell:Creating package script '/home/raze/workspace/KDAIL-Forklift/install/Forklift_Firmware/share/Forklift_Firmware/package.sh'
[0.264s] INFO:colcon.colcon_core.shell:Creating package script '/home/raze/workspace/KDAIL-Forklift/install/Forklift_Firmware/share/Forklift_Firmware/package.bash'
[0.265s] INFO:colcon.colcon_core.shell:Creating package script '/home/raze/workspace/KDAIL-Forklift/install/Forklift_Firmware/share/Forklift_Firmware/package.zsh'
[0.265s] Level 1:colcon.colcon_core.environment:create_file_with_runtime_dependencies(/home/raze/workspace/KDAIL-Forklift/install/Forklift_Firmware/share/colcon-core/packages/Forklift_Firmware)
[0.266s] Level 1:colcon.colcon_core.environment:create_environment_scripts_only(Forklift_Firmware)
[0.266s] Level 1:colcon.colcon_core.environment:checking '/home/raze/workspace/KDAIL-Forklift/install/Forklift_Firmware' for CMake module files
[0.267s] Level 1:colcon.colcon_core.environment:checking '/home/raze/workspace/KDAIL-Forklift/install/Forklift_Firmware' for CMake config files
[0.267s] Level 1:colcon.colcon_core.shell:create_environment_hook('Forklift_Firmware', 'cmake_prefix_path')
[0.267s] INFO:colcon.colcon_core.shell:Creating environment hook '/home/raze/workspace/KDAIL-Forklift/install/Forklift_Firmware/share/Forklift_Firmware/hook/cmake_prefix_path.ps1'
[0.267s] INFO:colcon.colcon_core.shell:Creating environment descriptor '/home/raze/workspace/KDAIL-Forklift/install/Forklift_Firmware/share/Forklift_Firmware/hook/cmake_prefix_path.dsv'
[0.268s] INFO:colcon.colcon_core.shell:Creating environment hook '/home/raze/workspace/KDAIL-Forklift/install/Forklift_Firmware/share/Forklift_Firmware/hook/cmake_prefix_path.sh'
[0.268s] Level 1:colcon.colcon_core.environment:checking '/home/raze/workspace/KDAIL-Forklift/install/Forklift_Firmware/lib'
[0.268s] Level 1:colcon.colcon_core.environment:checking '/home/raze/workspace/KDAIL-Forklift/install/Forklift_Firmware/bin'
[0.268s] Level 1:colcon.colcon_core.environment:checking '/home/raze/workspace/KDAIL-Forklift/install/Forklift_Firmware/lib/pkgconfig/Forklift_Firmware.pc'
[0.268s] Level 1:colcon.colcon_core.environment:checking '/home/raze/workspace/KDAIL-Forklift/install/Forklift_Firmware/lib/python3.10/site-packages'
[0.268s] Level 1:colcon.colcon_core.environment:checking '/home/raze/workspace/KDAIL-Forklift/install/Forklift_Firmware/bin'
[0.269s] INFO:colcon.colcon_core.shell:Creating package script '/home/raze/workspace/KDAIL-Forklift/install/Forklift_Firmware/share/Forklift_Firmware/package.ps1'
[0.269s] INFO:colcon.colcon_core.shell:Creating package descriptor '/home/raze/workspace/KDAIL-Forklift/install/Forklift_Firmware/share/Forklift_Firmware/package.dsv'
[0.269s] INFO:colcon.colcon_core.shell:Creating package script '/home/raze/workspace/KDAIL-Forklift/install/Forklift_Firmware/share/Forklift_Firmware/package.sh'
[0.270s] INFO:colcon.colcon_core.shell:Creating package script '/home/raze/workspace/KDAIL-Forklift/install/Forklift_Firmware/share/Forklift_Firmware/package.bash'
[0.270s] INFO:colcon.colcon_core.shell:Creating package script '/home/raze/workspace/KDAIL-Forklift/install/Forklift_Firmware/share/Forklift_Firmware/package.zsh'
[0.270s] Level 1:colcon.colcon_core.environment:create_file_with_runtime_dependencies(/home/raze/workspace/KDAIL-Forklift/install/Forklift_Firmware/share/colcon-core/packages/Forklift_Firmware)
[0.271s] Level 1:colcon.colcon_core.environment:create_environment_scripts_only(cartographer_pkg)
[0.272s] Level 1:colcon.colcon_core.environment:checking '/home/raze/workspace/KDAIL-Forklift/install/cartographer_pkg' for CMake module files
[0.272s] DEBUG:colcon.colcon_core.event_handler.log_command:Invoked command in '/home/raze/workspace/KDAIL-Forklift/build/cartographer_pkg' returned '0': CMAKE_PREFIX_PATH=${CMAKE_PREFIX_PATH}:/opt/ros/humble PS1=\[\033[36m\]\u\[\033[0m\]@\[\033[32m\]\h\[\033[0m\]:\[\033[33m\]\w\[\033[0m\]\$ /usr/bin/cmake --install /home/raze/workspace/KDAIL-Forklift/build/cartographer_pkg
[0.272s] Level 1:colcon.colcon_core.environment:checking '/home/raze/workspace/KDAIL-Forklift/install/cartographer_pkg' for CMake config files
[0.272s] Level 1:colcon.colcon_core.shell:create_environment_hook('cartographer_pkg', 'cmake_prefix_path')
[0.273s] INFO:colcon.colcon_core.shell:Creating environment hook '/home/raze/workspace/KDAIL-Forklift/install/cartographer_pkg/share/cartographer_pkg/hook/cmake_prefix_path.ps1'
[0.273s] INFO:colcon.colcon_core.shell:Creating environment descriptor '/home/raze/workspace/KDAIL-Forklift/install/cartographer_pkg/share/cartographer_pkg/hook/cmake_prefix_path.dsv'
[0.273s] INFO:colcon.colcon_core.shell:Creating environment hook '/home/raze/workspace/KDAIL-Forklift/install/cartographer_pkg/share/cartographer_pkg/hook/cmake_prefix_path.sh'
[0.274s] Level 1:colcon.colcon_core.environment:checking '/home/raze/workspace/KDAIL-Forklift/install/cartographer_pkg/bin'
[0.274s] Level 1:colcon.colcon_core.environment:checking '/home/raze/workspace/KDAIL-Forklift/install/cartographer_pkg/lib/pkgconfig/cartographer_pkg.pc'
[0.274s] Level 1:colcon.colcon_core.environment:checking '/home/raze/workspace/KDAIL-Forklift/install/cartographer_pkg/lib/python3.10/site-packages'
[0.274s] Level 1:colcon.colcon_core.environment:checking '/home/raze/workspace/KDAIL-Forklift/install/cartographer_pkg/bin'
[0.274s] INFO:colcon.colcon_core.shell:Creating package script '/home/raze/workspace/KDAIL-Forklift/install/cartographer_pkg/share/cartographer_pkg/package.ps1'
[0.275s] INFO:colcon.colcon_core.shell:Creating package descriptor '/home/raze/workspace/KDAIL-Forklift/install/cartographer_pkg/share/cartographer_pkg/package.dsv'
[0.275s] INFO:colcon.colcon_core.shell:Creating package script '/home/raze/workspace/KDAIL-Forklift/install/cartographer_pkg/share/cartographer_pkg/package.sh'
[0.275s] INFO:colcon.colcon_core.shell:Creating package script '/home/raze/workspace/KDAIL-Forklift/install/cartographer_pkg/share/cartographer_pkg/package.bash'
[0.276s] INFO:colcon.colcon_core.shell:Creating package script '/home/raze/workspace/KDAIL-Forklift/install/cartographer_pkg/share/cartographer_pkg/package.zsh'
[0.276s] Level 1:colcon.colcon_core.environment:create_file_with_runtime_dependencies(/home/raze/workspace/KDAIL-Forklift/install/cartographer_pkg/share/colcon-core/packages/cartographer_pkg)
[0.276s] Level 1:colcon.colcon_core.environment:create_environment_scripts_only(cartographer_pkg)
[0.277s] Level 1:colcon.colcon_core.environment:checking '/home/raze/workspace/KDAIL-Forklift/install/cartographer_pkg' for CMake module files
[0.277s] Level 1:colcon.colcon_core.environment:checking '/home/raze/workspace/KDAIL-Forklift/install/cartographer_pkg' for CMake config files
[0.277s] Level 1:colcon.colcon_core.shell:create_environment_hook('cartographer_pkg', 'cmake_prefix_path')
[0.277s] INFO:colcon.colcon_core.shell:Creating environment hook '/home/raze/workspace/KDAIL-Forklift/install/cartographer_pkg/share/cartographer_pkg/hook/cmake_prefix_path.ps1'
[0.278s] INFO:colcon.colcon_core.shell:Creating environment descriptor '/home/raze/workspace/KDAIL-Forklift/install/cartographer_pkg/share/cartographer_pkg/hook/cmake_prefix_path.dsv'
[0.278s] INFO:colcon.colcon_core.shell:Creating environment hook '/home/raze/workspace/KDAIL-Forklift/install/cartographer_pkg/share/cartographer_pkg/hook/cmake_prefix_path.sh'
[0.278s] Level 1:colcon.colcon_core.environment:checking '/home/raze/workspace/KDAIL-Forklift/install/cartographer_pkg/bin'
[0.279s] Level 1:colcon.colcon_core.environment:checking '/home/raze/workspace/KDAIL-Forklift/install/cartographer_pkg/lib/pkgconfig/cartographer_pkg.pc'
[0.279s] Level 1:colcon.colcon_core.environment:checking '/home/raze/workspace/KDAIL-Forklift/install/cartographer_pkg/lib/python3.10/site-packages'
[0.279s] Level 1:colcon.colcon_core.environment:checking '/home/raze/workspace/KDAIL-Forklift/install/cartographer_pkg/bin'
[0.279s] INFO:colcon.colcon_core.shell:Creating package script '/home/raze/workspace/KDAIL-Forklift/install/cartographer_pkg/share/cartographer_pkg/package.ps1'
[0.280s] INFO:colcon.colcon_core.shell:Creating package descriptor '/home/raze/workspace/KDAIL-Forklift/install/cartographer_pkg/share/cartographer_pkg/package.dsv'
[0.280s] INFO:colcon.colcon_core.shell:Creating package script '/home/raze/workspace/KDAIL-Forklift/install/cartographer_pkg/share/cartographer_pkg/package.sh'
[0.280s] INFO:colcon.colcon_core.shell:Creating package script '/home/raze/workspace/KDAIL-Forklift/install/cartographer_pkg/share/cartographer_pkg/package.bash'
[0.281s] INFO:colcon.colcon_core.shell:Creating package script '/home/raze/workspace/KDAIL-Forklift/install/cartographer_pkg/share/cartographer_pkg/package.zsh'
[0.281s] Level 1:colcon.colcon_core.environment:create_file_with_runtime_dependencies(/home/raze/workspace/KDAIL-Forklift/install/cartographer_pkg/share/colcon-core/packages/cartographer_pkg)
[0.284s] DEBUG:colcon.colcon_core.event_handler.log_command:Invoked command in '/home/raze/workspace/KDAIL-Forklift/build/rplidar_ros' returned '0': CMAKE_PREFIX_PATH=${CMAKE_PREFIX_PATH}:/opt/ros/humble PS1=\[\033[36m\]\u\[\033[0m\]@\[\033[32m\]\h\[\033[0m\]:\[\033[33m\]\w\[\033[0m\]\$ /usr/bin/cmake --build /home/raze/workspace/KDAIL-Forklift/build/rplidar_ros -- -j14 -l14
[0.285s] DEBUG:colcon.colcon_core.event_handler.log_command:Invoking command in '/home/raze/workspace/KDAIL-Forklift/build/rplidar_ros': CMAKE_PREFIX_PATH=${CMAKE_PREFIX_PATH}:/opt/ros/humble PS1=\[\033[36m\]\u\[\033[0m\]@\[\033[32m\]\h\[\033[0m\]:\[\033[33m\]\w\[\033[0m\]\$ /usr/bin/cmake --install /home/raze/workspace/KDAIL-Forklift/build/rplidar_ros
[0.294s] Level 1:colcon.colcon_core.environment:create_environment_scripts_only(rplidar_ros)
[0.294s] Level 1:colcon.colcon_core.environment:checking '/home/raze/workspace/KDAIL-Forklift/install/rplidar_ros' for CMake module files
[0.294s] DEBUG:colcon.colcon_core.event_handler.log_command:Invoked command in '/home/raze/workspace/KDAIL-Forklift/build/rplidar_ros' returned '0': CMAKE_PREFIX_PATH=${CMAKE_PREFIX_PATH}:/opt/ros/humble PS1=\[\033[36m\]\u\[\033[0m\]@\[\033[32m\]\h\[\033[0m\]:\[\033[33m\]\w\[\033[0m\]\$ /usr/bin/cmake --install /home/raze/workspace/KDAIL-Forklift/build/rplidar_ros
[0.295s] Level 1:colcon.colcon_core.environment:checking '/home/raze/workspace/KDAIL-Forklift/install/rplidar_ros' for CMake config files
[0.295s] Level 1:colcon.colcon_core.shell:create_environment_hook('rplidar_ros', 'cmake_prefix_path')
[0.295s] INFO:colcon.colcon_core.shell:Creating environment hook '/home/raze/workspace/KDAIL-Forklift/install/rplidar_ros/share/rplidar_ros/hook/cmake_prefix_path.ps1'
[0.296s] INFO:colcon.colcon_core.shell:Creating environment descriptor '/home/raze/workspace/KDAIL-Forklift/install/rplidar_ros/share/rplidar_ros/hook/cmake_prefix_path.dsv'
[0.296s] INFO:colcon.colcon_core.shell:Creating environment hook '/home/raze/workspace/KDAIL-Forklift/install/rplidar_ros/share/rplidar_ros/hook/cmake_prefix_path.sh'
[0.296s] Level 1:colcon.colcon_core.environment:checking '/home/raze/workspace/KDAIL-Forklift/install/rplidar_ros/lib'
[0.296s] Level 1:colcon.colcon_core.shell:create_environment_hook('rplidar_ros', 'ld_library_path_lib')
[0.296s] INFO:colcon.colcon_core.shell:Creating environment hook '/home/raze/workspace/KDAIL-Forklift/install/rplidar_ros/share/rplidar_ros/hook/ld_library_path_lib.ps1'
[0.296s] INFO:colcon.colcon_core.shell:Creating environment descriptor '/home/raze/workspace/KDAIL-Forklift/install/rplidar_ros/share/rplidar_ros/hook/ld_library_path_lib.dsv'
[0.296s] INFO:colcon.colcon_core.shell:Creating environment hook '/home/raze/workspace/KDAIL-Forklift/install/rplidar_ros/share/rplidar_ros/hook/ld_library_path_lib.sh'
[0.297s] Level 1:colcon.colcon_core.environment:checking '/home/raze/workspace/KDAIL-Forklift/install/rplidar_ros/bin'
[0.297s] Level 1:colcon.colcon_core.environment:checking '/home/raze/workspace/KDAIL-Forklift/install/rplidar_ros/lib/pkgconfig/rplidar_ros.pc'
[0.297s] Level 1:colcon.colcon_core.environment:checking '/home/raze/workspace/KDAIL-Forklift/install/rplidar_ros/lib/python3.10/site-packages'
[0.297s] Level 1:colcon.colcon_core.environment:checking '/home/raze/workspace/KDAIL-Forklift/install/rplidar_ros/bin'
[0.297s] INFO:colcon.colcon_core.shell:Creating package script '/home/raze/workspace/KDAIL-Forklift/install/rplidar_ros/share/rplidar_ros/package.ps1'
[0.297s] INFO:colcon.colcon_core.shell:Creating package descriptor '/home/raze/workspace/KDAIL-Forklift/install/rplidar_ros/share/rplidar_ros/package.dsv'
[0.297s] INFO:colcon.colcon_core.shell:Creating package script '/home/raze/workspace/KDAIL-Forklift/install/rplidar_ros/share/rplidar_ros/package.sh'
[0.298s] INFO:colcon.colcon_core.shell:Creating package script '/home/raze/workspace/KDAIL-Forklift/install/rplidar_ros/share/rplidar_ros/package.bash'
[0.298s] INFO:colcon.colcon_core.shell:Creating package script '/home/raze/workspace/KDAIL-Forklift/install/rplidar_ros/share/rplidar_ros/package.zsh'
[0.298s] Level 1:colcon.colcon_core.environment:create_file_with_runtime_dependencies(/home/raze/workspace/KDAIL-Forklift/install/rplidar_ros/share/colcon-core/packages/rplidar_ros)
[0.298s] Level 1:colcon.colcon_core.environment:create_environment_scripts_only(rplidar_ros)
[0.298s] Level 1:colcon.colcon_core.environment:checking '/home/raze/workspace/KDAIL-Forklift/install/rplidar_ros' for CMake module files
[0.298s] Level 1:colcon.colcon_core.environment:checking '/home/raze/workspace/KDAIL-Forklift/install/rplidar_ros' for CMake config files
[0.298s] Level 1:colcon.colcon_core.shell:create_environment_hook('rplidar_ros', 'cmake_prefix_path')
[0.299s] INFO:colcon.colcon_core.shell:Creating environment hook '/home/raze/workspace/KDAIL-Forklift/install/rplidar_ros/share/rplidar_ros/hook/cmake_prefix_path.ps1'
[0.299s] INFO:colcon.colcon_core.shell:Creating environment descriptor '/home/raze/workspace/KDAIL-Forklift/install/rplidar_ros/share/rplidar_ros/hook/cmake_prefix_path.dsv'
[0.299s] INFO:colcon.colcon_core.shell:Creating environment hook '/home/raze/workspace/KDAIL-Forklift/install/rplidar_ros/share/rplidar_ros/hook/cmake_prefix_path.sh'
[0.299s] Level 1:colcon.colcon_core.environment:checking '/home/raze/workspace/KDAIL-Forklift/install/rplidar_ros/lib'
[0.299s] Level 1:colcon.colcon_core.shell:create_environment_hook('rplidar_ros', 'ld_library_path_lib')
[0.299s] INFO:colcon.colcon_core.shell:Creating environment hook '/home/raze/workspace/KDAIL-Forklift/install/rplidar_ros/share/rplidar_ros/hook/ld_library_path_lib.ps1'
[0.299s] INFO:colcon.colcon_core.shell:Creating environment descriptor '/home/raze/workspace/KDAIL-Forklift/install/rplidar_ros/share/rplidar_ros/hook/ld_library_path_lib.dsv'
[0.299s] INFO:colcon.colcon_core.shell:Creating environment hook '/home/raze/workspace/KDAIL-Forklift/install/rplidar_ros/share/rplidar_ros/hook/ld_library_path_lib.sh'
[0.300s] Level 1:colcon.colcon_core.environment:checking '/home/raze/workspace/KDAIL-Forklift/install/rplidar_ros/bin'
[0.300s] Level 1:colcon.colcon_core.environment:checking '/home/raze/workspace/KDAIL-Forklift/install/rplidar_ros/lib/pkgconfig/rplidar_ros.pc'
[0.300s] Level 1:colcon.colcon_core.environment:checking '/home/raze/workspace/KDAIL-Forklift/install/rplidar_ros/lib/python3.10/site-packages'
[0.300s] Level 1:colcon.colcon_core.environment:checking '/home/raze/workspace/KDAIL-Forklift/install/rplidar_ros/bin'
[0.300s] INFO:colcon.colcon_core.shell:Creating package script '/home/raze/workspace/KDAIL-Forklift/install/rplidar_ros/share/rplidar_ros/package.ps1'
[0.300s] INFO:colcon.colcon_core.shell:Creating package descriptor '/home/raze/workspace/KDAIL-Forklift/install/rplidar_ros/share/rplidar_ros/package.dsv'
[0.300s] INFO:colcon.colcon_core.shell:Creating package script '/home/raze/workspace/KDAIL-Forklift/install/rplidar_ros/share/rplidar_ros/package.sh'
[0.300s] INFO:colcon.colcon_core.shell:Creating package script '/home/raze/workspace/KDAIL-Forklift/install/rplidar_ros/share/rplidar_ros/package.bash'
[0.301s] INFO:colcon.colcon_core.shell:Creating package script '/home/raze/workspace/KDAIL-Forklift/install/rplidar_ros/share/rplidar_ros/package.zsh'
[0.301s] Level 1:colcon.colcon_core.environment:create_file_with_runtime_dependencies(/home/raze/workspace/KDAIL-Forklift/install/rplidar_ros/share/colcon-core/packages/rplidar_ros)
[0.301s] DEBUG:colcon.colcon_parallel_executor.executor.parallel:closing loop
[0.301s] DEBUG:colcon.colcon_parallel_executor.executor.parallel:loop closed
[0.301s] DEBUG:colcon.colcon_parallel_executor.executor.parallel:run_until_complete finished with '0'
[0.301s] DEBUG:colcon.colcon_core.event_reactor:joining thread
[0.304s] INFO:colcon.colcon_core.plugin_system:Skipping extension 'colcon_notification.desktop_notification.terminal_notifier': Not used on non-Darwin systems
[0.304s] INFO:colcon.colcon_core.plugin_system:Skipping extension 'colcon_notification.desktop_notification.win32': Not used on non-Windows systems
[0.304s] INFO:colcon.colcon_notification.desktop_notification:Sending desktop notification using 'notify2'
[0.314s] DEBUG:colcon.colcon_core.event_reactor:joined thread
[0.314s] INFO:colcon.colcon_core.shell:Creating prefix script '/home/raze/workspace/KDAIL-Forklift/install/local_setup.ps1'
[0.315s] INFO:colcon.colcon_core.shell:Creating prefix util module '/home/raze/workspace/KDAIL-Forklift/install/_local_setup_util_ps1.py'
[0.315s] INFO:colcon.colcon_core.shell:Creating prefix chain script '/home/raze/workspace/KDAIL-Forklift/install/setup.ps1'
[0.316s] INFO:colcon.colcon_core.shell:Creating prefix script '/home/raze/workspace/KDAIL-Forklift/install/local_setup.sh'
[0.316s] INFO:colcon.colcon_core.shell:Creating prefix util module '/home/raze/workspace/KDAIL-Forklift/install/_local_setup_util_sh.py'
[0.316s] INFO:colcon.colcon_core.shell:Creating prefix chain script '/home/raze/workspace/KDAIL-Forklift/install/setup.sh'
[0.317s] INFO:colcon.colcon_core.shell:Creating prefix script '/home/raze/workspace/KDAIL-Forklift/install/local_setup.bash'
[0.317s] INFO:colcon.colcon_core.shell:Creating prefix chain script '/home/raze/workspace/KDAIL-Forklift/install/setup.bash'
[0.318s] INFO:colcon.colcon_core.shell:Creating prefix script '/home/raze/workspace/KDAIL-Forklift/install/local_setup.zsh'
[0.318s] INFO:colcon.colcon_core.shell:Creating prefix chain script '/home/raze/workspace/KDAIL-Forklift/install/setup.zsh'
