[0.010s] Invoking command in '/home/raze/workspace/KDAIL-Forklift/build/Forklift_Firmware': CMAKE_PREFIX_PATH=${CMAKE_PREFIX_PATH}:/opt/ros/humble PS1=\[\033[36m\]\u\[\033[0m\]@\[\033[32m\]\h\[\033[0m\]:\[\033[33m\]\w\[\033[0m\]\$ /usr/bin/cmake /home/raze/workspace/KDAIL-Forklift/ros2_ws/src/Forklift_Firmware -DCMAKE_INSTALL_PREFIX=/home/raze/workspace/KDAIL-Forklift/install/Forklift_Firmware
[0.058s] -- The C compiler identification is GNU 11.4.0
[0.095s] -- The CXX compiler identification is GNU 11.4.0
[0.101s] -- Detecting C compiler ABI info
[0.148s] -- Detecting C compiler ABI info - done
[0.152s] -- Check for working C compiler: /usr/bin/cc - skipped
[0.152s] -- Detecting C compile features
[0.152s] -- Detecting C compile features - done
[0.154s] -- Detecting CXX compiler ABI info
[0.223s] -- Detecting CXX compiler ABI info - done
[0.230s] -- Check for working CXX compiler: /usr/bin/c++ - skipped
[0.230s] -- Detecting CXX compile features
[0.230s] -- Detecting CXX compile features - done
[0.232s] -- Found ament_cmake: 1.3.11 (/opt/ros/humble/share/ament_cmake/cmake)
[0.325s] -- Found Python3: /usr/bin/python3 (found version "3.10.12") found components: Interpreter 
[0.387s] -- Found rclpy: 3.3.16 (/opt/ros/humble/share/rclpy/cmake)
[0.389s] -- Found sensor_msgs: 4.8.0 (/opt/ros/humble/share/sensor_msgs/cmake)
[0.414s] -- Found rosidl_generator_c: 3.1.6 (/opt/ros/humble/share/rosidl_generator_c/cmake)
[0.419s] -- Found rosidl_adapter: 3.1.6 (/opt/ros/humble/share/rosidl_adapter/cmake)
[0.428s] -- Found rosidl_generator_cpp: 3.1.6 (/opt/ros/humble/share/rosidl_generator_cpp/cmake)
[0.442s] -- Using all available rosidl_typesupport_c: rosidl_typesupport_fastrtps_c;rosidl_typesupport_introspection_c
[0.453s] -- Using all available rosidl_typesupport_cpp: rosidl_typesupport_fastrtps_cpp;rosidl_typesupport_introspection_cpp
[0.502s] -- Found nav_msgs: 4.8.0 (/opt/ros/humble/share/nav_msgs/cmake)
[0.516s] -- Found ament_lint_auto: 0.12.12 (/opt/ros/humble/share/ament_lint_auto/cmake)
[0.546s] WARNING: Package name "Forklift_Firmware" does not follow the naming conventions. It should start with a lower case letter and only contain lower case letters, digits, underscores, and dashes.
[0.561s] -- Added test 'flake8' to check Python code syntax and style conventions
[0.562s] -- Added test 'lint_cmake' to check CMake code style
[0.562s] -- Added test 'pep257' to check Python code against some of the docstring style conventions in PEP 257
[0.563s] -- Added test 'xmllint' to check XML markup files
[0.563s] -- Configuring done
[0.565s] -- Generating done
[0.566s] -- Build files have been written to: /home/raze/workspace/KDAIL-Forklift/build/Forklift_Firmware
[0.570s] Invoked command in '/home/raze/workspace/KDAIL-Forklift/build/Forklift_Firmware' returned '0': CMAKE_PREFIX_PATH=${CMAKE_PREFIX_PATH}:/opt/ros/humble PS1=\[\033[36m\]\u\[\033[0m\]@\[\033[32m\]\h\[\033[0m\]:\[\033[33m\]\w\[\033[0m\]\$ /usr/bin/cmake /home/raze/workspace/KDAIL-Forklift/ros2_ws/src/Forklift_Firmware -DCMAKE_INSTALL_PREFIX=/home/raze/workspace/KDAIL-Forklift/install/Forklift_Firmware
[0.571s] Invoking command in '/home/raze/workspace/KDAIL-Forklift/build/Forklift_Firmware': CMAKE_PREFIX_PATH=${CMAKE_PREFIX_PATH}:/opt/ros/humble PS1=\[\033[36m\]\u\[\033[0m\]@\[\033[32m\]\h\[\033[0m\]:\[\033[33m\]\w\[\033[0m\]\$ /usr/bin/cmake --build /home/raze/workspace/KDAIL-Forklift/build/Forklift_Firmware -- -j14 -l14
[0.603s] Invoked command in '/home/raze/workspace/KDAIL-Forklift/build/Forklift_Firmware' returned '0': CMAKE_PREFIX_PATH=${CMAKE_PREFIX_PATH}:/opt/ros/humble PS1=\[\033[36m\]\u\[\033[0m\]@\[\033[32m\]\h\[\033[0m\]:\[\033[33m\]\w\[\033[0m\]\$ /usr/bin/cmake --build /home/raze/workspace/KDAIL-Forklift/build/Forklift_Firmware -- -j14 -l14
[0.605s] Invoking command in '/home/raze/workspace/KDAIL-Forklift/build/Forklift_Firmware': CMAKE_PREFIX_PATH=${CMAKE_PREFIX_PATH}:/opt/ros/humble PS1=\[\033[36m\]\u\[\033[0m\]@\[\033[32m\]\h\[\033[0m\]:\[\033[33m\]\w\[\033[0m\]\$ /usr/bin/cmake --install /home/raze/workspace/KDAIL-Forklift/build/Forklift_Firmware
[0.611s] -- Install configuration: ""
[0.611s] -- Installing: /home/raze/workspace/KDAIL-Forklift/install/Forklift_Firmware/lib/Forklift_Firmware/dummy_uwb_publisher.py
[0.611s] -- Installing: /home/raze/workspace/KDAIL-Forklift/install/Forklift_Firmware/lib/Forklift_Firmware/aruco-detection-and-streaming.py
[0.611s] -- Installing: /home/raze/workspace/KDAIL-Forklift/install/Forklift_Firmware/lib/Forklift_Firmware/imu_esp_pub.py
[0.611s] -- Installing: /home/raze/workspace/KDAIL-Forklift/install/Forklift_Firmware/lib/Forklift_Firmware/uwb_xy.py
[0.611s] -- Installing: /home/raze/workspace/KDAIL-Forklift/install/Forklift_Firmware/lib/Forklift_Firmware/uwb_imu_fusion.py
[0.611s] -- Installing: /home/raze/workspace/KDAIL-Forklift/install/Forklift_Firmware/lib/Forklift_Firmware/uwb_raw_publisher.py
[0.612s] -- Installing: /home/raze/workspace/KDAIL-Forklift/install/Forklift_Firmware/lib/Forklift_Firmware/uwb_fusion_test.py
[0.612s] -- Installing: /home/raze/workspace/KDAIL-Forklift/install/Forklift_Firmware/lib/Forklift_Firmware/dynamic_uwb_positioning.py
[0.612s] -- Installing: /home/raze/workspace/KDAIL-Forklift/install/Forklift_Firmware/lib/Forklift_Firmware/test_uwb_imu_publisher.py
[0.612s] -- Installing: /home/raze/workspace/KDAIL-Forklift/install/Forklift_Firmware/lib/Forklift_Firmware/coordinate_system_visualizer.py
[0.612s] -- Installing: /home/raze/workspace/KDAIL-Forklift/install/Forklift_Firmware/share/Forklift_Firmware/urdf
[0.612s] -- Installing: /home/raze/workspace/KDAIL-Forklift/install/Forklift_Firmware/share/Forklift_Firmware/urdf/my_robot.urdf.xacro
[0.612s] -- Installing: /home/raze/workspace/KDAIL-Forklift/install/Forklift_Firmware/share/Forklift_Firmware/rviz
[0.612s] -- Installing: /home/raze/workspace/KDAIL-Forklift/install/Forklift_Firmware/share/Forklift_Firmware/rviz/urdf.rviz
[0.612s] -- Installing: /home/raze/workspace/KDAIL-Forklift/install/Forklift_Firmware/share/Forklift_Firmware/launch
[0.612s] -- Installing: /home/raze/workspace/KDAIL-Forklift/install/Forklift_Firmware/share/Forklift_Firmware/launch/static_slam.launch.py
[0.612s] -- Installing: /home/raze/workspace/KDAIL-Forklift/install/Forklift_Firmware/share/Forklift_Firmware/launch/uwb_fusion_system.launch.py
[0.612s] -- Installing: /home/raze/workspace/KDAIL-Forklift/install/Forklift_Firmware/share/Forklift_Firmware/launch/display.launch.py
[0.612s] -- Installing: /home/raze/workspace/KDAIL-Forklift/install/Forklift_Firmware/share/ament_index/resource_index/package_run_dependencies/Forklift_Firmware
[0.612s] -- Installing: /home/raze/workspace/KDAIL-Forklift/install/Forklift_Firmware/share/ament_index/resource_index/parent_prefix_path/Forklift_Firmware
[0.612s] -- Installing: /home/raze/workspace/KDAIL-Forklift/install/Forklift_Firmware/share/Forklift_Firmware/environment/ament_prefix_path.sh
[0.612s] -- Installing: /home/raze/workspace/KDAIL-Forklift/install/Forklift_Firmware/share/Forklift_Firmware/environment/ament_prefix_path.dsv
[0.612s] -- Installing: /home/raze/workspace/KDAIL-Forklift/install/Forklift_Firmware/share/Forklift_Firmware/environment/path.sh
[0.612s] -- Installing: /home/raze/workspace/KDAIL-Forklift/install/Forklift_Firmware/share/Forklift_Firmware/environment/path.dsv
[0.613s] -- Installing: /home/raze/workspace/KDAIL-Forklift/install/Forklift_Firmware/share/Forklift_Firmware/local_setup.bash
[0.613s] -- Installing: /home/raze/workspace/KDAIL-Forklift/install/Forklift_Firmware/share/Forklift_Firmware/local_setup.sh
[0.613s] -- Installing: /home/raze/workspace/KDAIL-Forklift/install/Forklift_Firmware/share/Forklift_Firmware/local_setup.zsh
[0.613s] -- Installing: /home/raze/workspace/KDAIL-Forklift/install/Forklift_Firmware/share/Forklift_Firmware/local_setup.dsv
[0.613s] -- Installing: /home/raze/workspace/KDAIL-Forklift/install/Forklift_Firmware/share/Forklift_Firmware/package.dsv
[0.613s] -- Installing: /home/raze/workspace/KDAIL-Forklift/install/Forklift_Firmware/share/ament_index/resource_index/packages/Forklift_Firmware
[0.613s] -- Installing: /home/raze/workspace/KDAIL-Forklift/install/Forklift_Firmware/share/Forklift_Firmware/cmake/Forklift_FirmwareConfig.cmake
[0.613s] -- Installing: /home/raze/workspace/KDAIL-Forklift/install/Forklift_Firmware/share/Forklift_Firmware/cmake/Forklift_FirmwareConfig-version.cmake
[0.613s] -- Installing: /home/raze/workspace/KDAIL-Forklift/install/Forklift_Firmware/share/Forklift_Firmware/package.xml
[0.614s] Invoked command in '/home/raze/workspace/KDAIL-Forklift/build/Forklift_Firmware' returned '0': CMAKE_PREFIX_PATH=${CMAKE_PREFIX_PATH}:/opt/ros/humble PS1=\[\033[36m\]\u\[\033[0m\]@\[\033[32m\]\h\[\033[0m\]:\[\033[33m\]\w\[\033[0m\]\$ /usr/bin/cmake --install /home/raze/workspace/KDAIL-Forklift/build/Forklift_Firmware
