[0.083s] Invoking command in '/home/KDAIL-Rpi/KDAIL-Forklift/ros2_ws/build/rplidar_ros': CMAKE_PREFIX_PATH=/opt/ros/humble /usr/bin/cmake --build /home/KDAIL-Rpi/KDAIL-Forklift/ros2_ws/build/rplidar_ros -- -j4 -l4
[0.394s] -- Found ament_cmake_auto: 1.3.11 (/opt/ros/humble/share/ament_cmake_auto/cmake)
[1.569s] -- Found ament_cmake_ros: 0.10.0 (/opt/ros/humble/share/ament_cmake_ros/cmake)
[2.554s] -- Found rosidl_generator_c: 3.1.6 (/opt/ros/humble/share/rosidl_generator_c/cmake)
[2.571s] -- Found rosidl_adapter: 3.1.6 (/opt/ros/humble/share/rosidl_adapter/cmake)
[2.608s] -- Found rosidl_generator_cpp: 3.1.6 (/opt/ros/humble/share/rosidl_generator_cpp/cmake)
[2.664s] -- Using all available rosidl_typesupport_c: rosidl_typesupport_fastrtps_c;rosidl_typesupport_introspection_c
[2.733s] -- Using all available rosidl_typesupport_cpp: rosidl_typesupport_fastrtps_cpp;rosidl_typesupport_introspection_cpp
[2.919s] -- Found rmw_implementation_cmake: 6.1.2 (/opt/ros/humble/share/rmw_implementation_cmake/cmake)
[2.930s] -- Found rmw_fastrtps_cpp: 6.2.7 (/opt/ros/humble/share/rmw_fastrtps_cpp/cmake)
[4.386s] -- Using RMW implementation 'rmw_fastrtps_cpp' as default
[5.666s] -- Configuring done
[5.781s] -- Generating done
[5.812s] -- Build files have been written to: /home/KDAIL-Rpi/KDAIL-Forklift/ros2_ws/build/rplidar_ros
[5.928s] [35m[1mConsolidate compiler generated dependencies of target rplidar_composition_node[0m
[6.049s] [ 77%] Built target rplidar_composition_node
[6.095s] [35m[1mConsolidate compiler generated dependencies of target rplidar_composition[0m
[6.185s] [100%] Built target rplidar_composition
[6.224s] Invoked command in '/home/KDAIL-Rpi/KDAIL-Forklift/ros2_ws/build/rplidar_ros' returned '0': CMAKE_PREFIX_PATH=/opt/ros/humble /usr/bin/cmake --build /home/KDAIL-Rpi/KDAIL-Forklift/ros2_ws/build/rplidar_ros -- -j4 -l4
[6.265s] Invoking command in '/home/KDAIL-Rpi/KDAIL-Forklift/ros2_ws/build/rplidar_ros': CMAKE_PREFIX_PATH=/opt/ros/humble /usr/bin/cmake --install /home/KDAIL-Rpi/KDAIL-Forklift/ros2_ws/build/rplidar_ros
[6.291s] -- Install configuration: ""
[6.291s] -- Up-to-date: /home/KDAIL-Rpi/KDAIL-Forklift/ros2_ws/install/rplidar_ros/lib/rplidar_ros
[6.291s] -- Up-to-date: /home/KDAIL-Rpi/KDAIL-Forklift/ros2_ws/install/rplidar_ros/lib/rplidar_ros/static_slam.py
[6.292s] -- Up-to-date: /home/KDAIL-Rpi/KDAIL-Forklift/ros2_ws/install/rplidar_ros/lib/rplidar_ros/save_map.py
[6.292s] -- Up-to-date: /home/KDAIL-Rpi/KDAIL-Forklift/ros2_ws/install/rplidar_ros/lib/rplidar_ros/run_slam_and_save.sh
[6.292s] -- Up-to-date: /home/KDAIL-Rpi/KDAIL-Forklift/ros2_ws/install/rplidar_ros/lib/rplidar_ros/data.py
[6.293s] -- Up-to-date: /home/KDAIL-Rpi/KDAIL-Forklift/ros2_ws/install/rplidar_ros/lib/rplidar_ros/create_udev_rules.sh
[6.293s] -- Up-to-date: /home/KDAIL-Rpi/KDAIL-Forklift/ros2_ws/install/rplidar_ros/lib/rplidar_ros/delete_udev_rules.sh
[6.293s] -- Up-to-date: /home/KDAIL-Rpi/KDAIL-Forklift/ros2_ws/install/rplidar_ros/lib/rplidar_ros/rplidar.rules
[6.294s] -- Up-to-date: /home/KDAIL-Rpi/KDAIL-Forklift/ros2_ws/install/rplidar_ros/lib/rplidar_ros/view_map.py
[6.294s] -- Up-to-date: /home/KDAIL-Rpi/KDAIL-Forklift/ros2_ws/install/rplidar_ros/lib/rplidar_ros/rplidar_composition
[6.296s] -- Up-to-date: /home/KDAIL-Rpi/KDAIL-Forklift/ros2_ws/install/rplidar_ros/share/rplidar_ros/launch
[6.296s] -- Up-to-date: /home/KDAIL-Rpi/KDAIL-Forklift/ros2_ws/install/rplidar_ros/share/rplidar_ros/launch/view_rplidar_s1_tcp.launch.py
[6.296s] -- Up-to-date: /home/KDAIL-Rpi/KDAIL-Forklift/ros2_ws/install/rplidar_ros/share/rplidar_ros/launch/rplidar_s1_tcp.launch.py
[6.297s] -- Up-to-date: /home/KDAIL-Rpi/KDAIL-Forklift/ros2_ws/install/rplidar_ros/share/rplidar_ros/launch/view_rplidar_s1.launch.py
[6.297s] -- Up-to-date: /home/KDAIL-Rpi/KDAIL-Forklift/ros2_ws/install/rplidar_ros/share/rplidar_ros/launch/rplidar_a3.launch.py
[6.298s] -- Up-to-date: /home/KDAIL-Rpi/KDAIL-Forklift/ros2_ws/install/rplidar_ros/share/rplidar_ros/launch/view_rplidar.launch.py
[6.298s] -- Up-to-date: /home/KDAIL-Rpi/KDAIL-Forklift/ros2_ws/install/rplidar_ros/share/rplidar_ros/launch/rplidar_s1.launch.py
[6.299s] -- Up-to-date: /home/KDAIL-Rpi/KDAIL-Forklift/ros2_ws/install/rplidar_ros/share/rplidar_ros/launch/view_rplidar_a3.launch.py
[6.299s] -- Up-to-date: /home/KDAIL-Rpi/KDAIL-Forklift/ros2_ws/install/rplidar_ros/share/rplidar_ros/launch/static_slam.launch.py
[6.299s] -- Up-to-date: /home/KDAIL-Rpi/KDAIL-Forklift/ros2_ws/install/rplidar_ros/share/rplidar_ros/launch/test_rplidar_a3.launch.py
[6.300s] -- Up-to-date: /home/KDAIL-Rpi/KDAIL-Forklift/ros2_ws/install/rplidar_ros/share/rplidar_ros/launch/rplidar.launch.py
[6.300s] -- Up-to-date: /home/KDAIL-Rpi/KDAIL-Forklift/ros2_ws/install/rplidar_ros/share/rplidar_ros/rviz
[6.300s] -- Installing: /home/KDAIL-Rpi/KDAIL-Forklift/ros2_ws/install/rplidar_ros/share/rplidar_ros/rviz/slam.rviz
[6.301s] -- Up-to-date: /home/KDAIL-Rpi/KDAIL-Forklift/ros2_ws/install/rplidar_ros/share/rplidar_ros/rviz/rplidar.rviz
[6.301s] -- Up-to-date: /home/KDAIL-Rpi/KDAIL-Forklift/ros2_ws/install/rplidar_ros/lib/librplidar_composition_node.so
[6.303s] -- Up-to-date: /home/KDAIL-Rpi/KDAIL-Forklift/ros2_ws/install/rplidar_ros/include
[6.303s] -- Up-to-date: /home/KDAIL-Rpi/KDAIL-Forklift/ros2_ws/install/rplidar_ros/include/visibility.h
[6.303s] -- Up-to-date: /home/KDAIL-Rpi/KDAIL-Forklift/ros2_ws/install/rplidar_ros/include/rplidar_node.hpp
[6.304s] -- Up-to-date: /home/KDAIL-Rpi/KDAIL-Forklift/ros2_ws/install/rplidar_ros/lib/rplidar_ros/rplidar_composition
[6.306s] -- Up-to-date: /home/KDAIL-Rpi/KDAIL-Forklift/ros2_ws/install/rplidar_ros/share/ament_index/resource_index/package_run_dependencies/rplidar_ros
[6.306s] -- Installing: /home/KDAIL-Rpi/KDAIL-Forklift/ros2_ws/install/rplidar_ros/share/ament_index/resource_index/parent_prefix_path/rplidar_ros
[6.308s] -- Up-to-date: /home/KDAIL-Rpi/KDAIL-Forklift/ros2_ws/install/rplidar_ros/share/rplidar_ros/environment/ament_prefix_path.sh
[6.308s] -- Installing: /home/KDAIL-Rpi/KDAIL-Forklift/ros2_ws/install/rplidar_ros/share/rplidar_ros/environment/ament_prefix_path.dsv
[6.309s] -- Up-to-date: /home/KDAIL-Rpi/KDAIL-Forklift/ros2_ws/install/rplidar_ros/share/rplidar_ros/environment/path.sh
[6.310s] -- Installing: /home/KDAIL-Rpi/KDAIL-Forklift/ros2_ws/install/rplidar_ros/share/rplidar_ros/environment/path.dsv
[6.311s] -- Up-to-date: /home/KDAIL-Rpi/KDAIL-Forklift/ros2_ws/install/rplidar_ros/share/rplidar_ros/local_setup.bash
[6.311s] -- Up-to-date: /home/KDAIL-Rpi/KDAIL-Forklift/ros2_ws/install/rplidar_ros/share/rplidar_ros/local_setup.sh
[6.312s] -- Up-to-date: /home/KDAIL-Rpi/KDAIL-Forklift/ros2_ws/install/rplidar_ros/share/rplidar_ros/local_setup.zsh
[6.312s] -- Installing: /home/KDAIL-Rpi/KDAIL-Forklift/ros2_ws/install/rplidar_ros/share/rplidar_ros/local_setup.dsv
[6.313s] -- Installing: /home/KDAIL-Rpi/KDAIL-Forklift/ros2_ws/install/rplidar_ros/share/rplidar_ros/package.dsv
[6.314s] -- Up-to-date: /home/KDAIL-Rpi/KDAIL-Forklift/ros2_ws/install/rplidar_ros/share/ament_index/resource_index/packages/rplidar_ros
[6.315s] -- Up-to-date: /home/KDAIL-Rpi/KDAIL-Forklift/ros2_ws/install/rplidar_ros/share/ament_index/resource_index/rclcpp_components/rplidar_ros
[6.315s] -- Up-to-date: /home/KDAIL-Rpi/KDAIL-Forklift/ros2_ws/install/rplidar_ros/share/rplidar_ros/cmake/ament_cmake_export_dependencies-extras.cmake
[6.316s] -- Up-to-date: /home/KDAIL-Rpi/KDAIL-Forklift/ros2_ws/install/rplidar_ros/share/rplidar_ros/cmake/ament_cmake_export_include_directories-extras.cmake
[6.316s] -- Up-to-date: /home/KDAIL-Rpi/KDAIL-Forklift/ros2_ws/install/rplidar_ros/share/rplidar_ros/cmake/rplidar_rosConfig.cmake
[6.316s] -- Up-to-date: /home/KDAIL-Rpi/KDAIL-Forklift/ros2_ws/install/rplidar_ros/share/rplidar_ros/cmake/rplidar_rosConfig-version.cmake
[6.317s] -- Up-to-date: /home/KDAIL-Rpi/KDAIL-Forklift/ros2_ws/install/rplidar_ros/share/rplidar_ros/package.xml
[6.323s] Invoked command in '/home/KDAIL-Rpi/KDAIL-Forklift/ros2_ws/build/rplidar_ros' returned '0': CMAKE_PREFIX_PATH=/opt/ros/humble /usr/bin/cmake --install /home/KDAIL-Rpi/KDAIL-Forklift/ros2_ws/build/rplidar_ros
