[0.013s] Invoking command in '/home/raze/workspace/KDAIL-Forklift/ros2_ws/build/Forklift_Firmware': CMAKE_PREFIX_PATH=${CMAKE_PREFIX_PATH}:/opt/ros/humble PS1=\[\033[36m\]\u\[\033[0m\]@\[\033[32m\]\h\[\033[0m\]:\[\033[33m\]\w\[\033[0m\]\$ /usr/bin/cmake /home/raze/workspace/KDAIL-Forklift/ros2_ws/src/Forklift_Firmware -DCMAKE_INSTALL_PREFIX=/home/raze/workspace/KDAIL-Forklift/ros2_ws/install/Forklift_Firmware
[0.054s] -- The C compiler identification is GNU 11.4.0
[0.088s] -- The CXX compiler identification is GNU 11.4.0
[0.092s] -- Detecting C compiler ABI info
[0.141s] -- Detecting C compiler ABI info - done
[0.147s] -- Check for working C compiler: /usr/bin/cc - skipped
[0.147s] -- Detecting C compile features
[0.147s] -- Detecting C compile features - done
[0.149s] -- Detecting CXX compiler ABI info
[0.199s] -- Detecting CXX compiler ABI info - done
[0.204s] -- Check for working CXX compiler: /usr/bin/c++ - skipped
[0.204s] -- Detecting CXX compile features
[0.204s] -- Detecting CXX compile features - done
[0.205s] -- Found ament_cmake: 1.3.11 (/opt/ros/humble/share/ament_cmake/cmake)
[0.308s] -- Found Python3: /usr/bin/python3 (found version "3.10.12") found components: Interpreter 
[0.362s] -- Found ament_lint_auto: 0.12.12 (/opt/ros/humble/share/ament_lint_auto/cmake)
[0.397s] WARNING: Package name "Forklift_Firmware" does not follow the naming conventions. It should start with a lower case letter and only contain lower case letters, digits, underscores, and dashes.
[0.412s] -- Added test 'lint_cmake' to check CMake code style
[0.412s] -- Added test 'xmllint' to check XML markup files
[0.413s] -- Configuring done
[0.414s] -- Generating done
[0.415s] -- Build files have been written to: /home/raze/workspace/KDAIL-Forklift/ros2_ws/build/Forklift_Firmware
[0.418s] Invoked command in '/home/raze/workspace/KDAIL-Forklift/ros2_ws/build/Forklift_Firmware' returned '0': CMAKE_PREFIX_PATH=${CMAKE_PREFIX_PATH}:/opt/ros/humble PS1=\[\033[36m\]\u\[\033[0m\]@\[\033[32m\]\h\[\033[0m\]:\[\033[33m\]\w\[\033[0m\]\$ /usr/bin/cmake /home/raze/workspace/KDAIL-Forklift/ros2_ws/src/Forklift_Firmware -DCMAKE_INSTALL_PREFIX=/home/raze/workspace/KDAIL-Forklift/ros2_ws/install/Forklift_Firmware
[0.419s] Invoking command in '/home/raze/workspace/KDAIL-Forklift/ros2_ws/build/Forklift_Firmware': CMAKE_PREFIX_PATH=${CMAKE_PREFIX_PATH}:/opt/ros/humble PS1=\[\033[36m\]\u\[\033[0m\]@\[\033[32m\]\h\[\033[0m\]:\[\033[33m\]\w\[\033[0m\]\$ /usr/bin/cmake --build /home/raze/workspace/KDAIL-Forklift/ros2_ws/build/Forklift_Firmware -- -j14 -l14
[0.443s] Invoked command in '/home/raze/workspace/KDAIL-Forklift/ros2_ws/build/Forklift_Firmware' returned '0': CMAKE_PREFIX_PATH=${CMAKE_PREFIX_PATH}:/opt/ros/humble PS1=\[\033[36m\]\u\[\033[0m\]@\[\033[32m\]\h\[\033[0m\]:\[\033[33m\]\w\[\033[0m\]\$ /usr/bin/cmake --build /home/raze/workspace/KDAIL-Forklift/ros2_ws/build/Forklift_Firmware -- -j14 -l14
[0.451s] Invoking command in '/home/raze/workspace/KDAIL-Forklift/ros2_ws/build/Forklift_Firmware': CMAKE_PREFIX_PATH=${CMAKE_PREFIX_PATH}:/opt/ros/humble PS1=\[\033[36m\]\u\[\033[0m\]@\[\033[32m\]\h\[\033[0m\]:\[\033[33m\]\w\[\033[0m\]\$ /usr/bin/cmake --install /home/raze/workspace/KDAIL-Forklift/ros2_ws/build/Forklift_Firmware
[0.455s] -- Install configuration: ""
[0.455s] -- Installing: /home/raze/workspace/KDAIL-Forklift/ros2_ws/install/Forklift_Firmware/share/ament_index/resource_index/package_run_dependencies/Forklift_Firmware
[0.455s] -- Installing: /home/raze/workspace/KDAIL-Forklift/ros2_ws/install/Forklift_Firmware/share/ament_index/resource_index/parent_prefix_path/Forklift_Firmware
[0.455s] -- Installing: /home/raze/workspace/KDAIL-Forklift/ros2_ws/install/Forklift_Firmware/share/Forklift_Firmware/environment/ament_prefix_path.sh
[0.455s] -- Installing: /home/raze/workspace/KDAIL-Forklift/ros2_ws/install/Forklift_Firmware/share/Forklift_Firmware/environment/ament_prefix_path.dsv
[0.455s] -- Installing: /home/raze/workspace/KDAIL-Forklift/ros2_ws/install/Forklift_Firmware/share/Forklift_Firmware/environment/path.sh
[0.456s] -- Installing: /home/raze/workspace/KDAIL-Forklift/ros2_ws/install/Forklift_Firmware/share/Forklift_Firmware/environment/path.dsv
[0.456s] -- Installing: /home/raze/workspace/KDAIL-Forklift/ros2_ws/install/Forklift_Firmware/share/Forklift_Firmware/local_setup.bash
[0.456s] -- Installing: /home/raze/workspace/KDAIL-Forklift/ros2_ws/install/Forklift_Firmware/share/Forklift_Firmware/local_setup.sh
[0.456s] -- Installing: /home/raze/workspace/KDAIL-Forklift/ros2_ws/install/Forklift_Firmware/share/Forklift_Firmware/local_setup.zsh
[0.456s] -- Installing: /home/raze/workspace/KDAIL-Forklift/ros2_ws/install/Forklift_Firmware/share/Forklift_Firmware/local_setup.dsv
[0.456s] -- Installing: /home/raze/workspace/KDAIL-Forklift/ros2_ws/install/Forklift_Firmware/share/Forklift_Firmware/package.dsv
[0.456s] -- Installing: /home/raze/workspace/KDAIL-Forklift/ros2_ws/install/Forklift_Firmware/share/ament_index/resource_index/packages/Forklift_Firmware
[0.456s] -- Installing: /home/raze/workspace/KDAIL-Forklift/ros2_ws/install/Forklift_Firmware/share/Forklift_Firmware/cmake/Forklift_FirmwareConfig.cmake
[0.456s] -- Installing: /home/raze/workspace/KDAIL-Forklift/ros2_ws/install/Forklift_Firmware/share/Forklift_Firmware/cmake/Forklift_FirmwareConfig-version.cmake
[0.456s] -- Installing: /home/raze/workspace/KDAIL-Forklift/ros2_ws/install/Forklift_Firmware/share/Forklift_Firmware/package.xml
[0.457s] Invoked command in '/home/raze/workspace/KDAIL-Forklift/ros2_ws/build/Forklift_Firmware' returned '0': CMAKE_PREFIX_PATH=${CMAKE_PREFIX_PATH}:/opt/ros/humble PS1=\[\033[36m\]\u\[\033[0m\]@\[\033[32m\]\h\[\033[0m\]:\[\033[33m\]\w\[\033[0m\]\$ /usr/bin/cmake --install /home/raze/workspace/KDAIL-Forklift/ros2_ws/build/Forklift_Firmware
